    OpenRGB v0.9+ (git1290)
    Commit: 45af044cd84032b9a9b5865cb5e12aa2cd98c47e from 2025-04-13 13:42:14 -0500
    Launched: 20250528_154257
====================================================================================================

22    |Info:    [ProfileManager] Found file: Skibbidi.orp attempting to validate header
27    |Info:    [ProfileManager] Valid v5 profile found for Skibbidi
27    |Info:    [ProfileManager] Found file: main.orp attempting to validate header
28    |Info:    [ProfileManager] Valid v5 profile found for main
80    |Info:    [ResourceManager] Initializing HID interfaces: Success
80    |Info:    ------------------------------------------------------
80    |Info:    |               Start device detection               |
80    |Info:    ------------------------------------------------------
84    |Info:    ------------------------------------------------------
84    |Info:    |             Detecting I2C interfaces               |
84    |Info:    ------------------------------------------------------
97    |Info:    [ResourceManager] Registering I2C interface: /dev/i2c-3 Device 1002:747E Subsystem: 1458:2413
97    |Info:    [ResourceManager] Registering I2C interface: /dev/i2c-10 Device 1002:164E Subsystem: 1462:7E26
97    |Info:    [ResourceManager] Registering I2C interface: /dev/i2c-1 Device 1002:747E Subsystem: 1458:2413
97    |Info:    [ResourceManager] Registering I2C interface: /dev/i2c-17 Device 1022:790B Subsystem: 1462:7E26
97    |Warning: [i2c_smbus_linux] Failed to read i2c device PCI device ID
98    |Info:    [ResourceManager] Registering I2C interface: /dev/i2c-8 Device 0000:0000 Subsystem: 0000:0000
98    |Warning: [i2c_smbus_linux] Failed to read i2c device PCI device ID
98    |Info:    [ResourceManager] Registering I2C interface: /dev/i2c-15 Device 0000:0000 Subsystem: 0000:0000
98    |Info:    [ResourceManager] Registering I2C interface: /dev/i2c-6 Device 1002:747E Subsystem: 1458:2413
98    |Warning: [i2c_smbus_linux] Failed to read i2c device PCI device ID
98    |Info:    [ResourceManager] Registering I2C interface: /dev/i2c-13 Device 0000:0000 Subsystem: 0000:0000
98    |Info:    [ResourceManager] Registering I2C interface: /dev/i2c-4 Device 1002:747E Subsystem: 1458:2413
98    |Info:    [ResourceManager] Registering I2C interface: /dev/i2c-11 Device 1002:164E Subsystem: 1462:7E26
98    |Info:    [ResourceManager] Registering I2C interface: /dev/i2c-2 Device 1002:747E Subsystem: 1458:2413
98    |Info:    [ResourceManager] Registering I2C interface: /dev/i2c-0 Device 0000:0000 Subsystem: 0000:0000
98    |Info:    [ResourceManager] Registering I2C interface: /dev/i2c-18 Device 1022:790B Subsystem: 1462:7E26
98    |Info:    [ResourceManager] Registering I2C interface: /dev/i2c-9 Device 1002:164E Subsystem: 1462:7E26
98    |Info:    [ResourceManager] Registering I2C interface: /dev/i2c-16 Device 1022:790B Subsystem: 1462:7E26
98    |Warning: [i2c_smbus_linux] Failed to read i2c device PCI device ID
98    |Info:    [ResourceManager] Registering I2C interface: /dev/i2c-7 Device 0000:0000 Subsystem: 0000:0000
98    |Warning: [i2c_smbus_linux] Failed to read i2c device PCI device ID
99    |Info:    [ResourceManager] Registering I2C interface: /dev/i2c-14 Device 0000:0000 Subsystem: 0000:0000
99    |Info:    [ResourceManager] Registering I2C interface: /dev/i2c-5 Device 1002:747E Subsystem: 1458:2413
99    |Info:    [ResourceManager] Registering I2C interface: /dev/i2c-12 Device 1002:164E Subsystem: 1462:7E26
99    |Info:    ------------------------------------------------------
99    |Info:    |               Detecting I2C devices                |
99    |Info:    ------------------------------------------------------
1148  |Info:    ------------------------------------------------------
1148  |Info:    |            Detecting I2C DIMM modules              |
1148  |Info:    ------------------------------------------------------
1283  |Info:    ------------------------------------------------------
1283  |Info:    |               Detecting I2C PCI devices            |
1283  |Info:    ------------------------------------------------------
1462  |Info:    ------------------------------------------------------
1462  |Info:    |               Detecting HID devices                |
1462  |Info:    ------------------------------------------------------
1528  |Info:    [MSI PRO B650-S WIFI (MS-7E26)] Registering RGB controller
1528  |Info:    ------------------------------------------------------
1528  |Info:    |            Detecting libusb HID devices            |
1528  |Info:    ------------------------------------------------------
1537  |Info:    ------------------------------------------------------
1537  |Info:    |              Detecting other devices               |
1537  |Info:    ------------------------------------------------------
1654  |Info:    [ResourceManager] Calling Post-detection callbacks
1654  |Info:    ------------------------------------------------------
1654  |Info:    |                Detection completed                 |
1654  |Info:    ------------------------------------------------------
1686  |Warning: [PluginManager] Plugin /home/vearnx/.config/OpenRGB/plugins/OpenRGBEffectsPlugin_0.9_Bookworm_64_f1411e1.so has an incompatible API version
1686  |Warning: [PluginManager] Plugin /home/vearnx/.config/OpenRGB/plugins/OpenRGBEffectsPlugin_0.9_Bookworm_64_f1411e1.so cannot be unloaded
