    OpenRGB v0.9+ (git1290)
    Commit: 45af044cd84032b9a9b5865cb5e12aa2cd98c47e from 2025-04-13 13:42:14 -0500
    Launched: 20250611_122353
====================================================================================================

37    |Info:    [ProfileManager] Found file: Skibbidi.orp attempting to validate header
66    |Info:    [ProfileManager] Valid v5 profile found for Skibbidi
66    |Info:    [ProfileManager] Found file: main.orp attempting to validate header
71    |Info:    [ProfileManager] Valid v5 profile found for main
137   |Info:    [ResourceManager] Initializing HID interfaces: Success
137   |Info:    ------------------------------------------------------
137   |Info:    |               Start device detection               |
137   |Info:    ------------------------------------------------------
140   |Info:    ------------------------------------------------------
140   |Info:    |             Detecting I2C interfaces               |
140   |Info:    ------------------------------------------------------
140   |Info:    [ResourceManager] Registering I2C interface: /dev/i2c-3 Device 1002:747E Subsystem: 1458:2413
141   |Info:    [ResourceManager] Registering I2C interface: /dev/i2c-10 Device 1002:164E Subsystem: 1462:7E26
141   |Info:    [ResourceManager] Registering I2C interface: /dev/i2c-1 Device 1002:747E Subsystem: 1458:2413
141   |Info:    [ResourceManager] Registering I2C interface: /dev/i2c-17 Device 1022:790B Subsystem: 1462:7E26
141   |Warning: [i2c_smbus_linux] Failed to read i2c device PCI device ID
141   |Info:    [ResourceManager] Registering I2C interface: /dev/i2c-8 Device 0000:0000 Subsystem: 0000:0000
141   |Warning: [i2c_smbus_linux] Failed to read i2c device PCI device ID
141   |Info:    [ResourceManager] Registering I2C interface: /dev/i2c-15 Device 0000:0000 Subsystem: 0000:0000
141   |Info:    [ResourceManager] Registering I2C interface: /dev/i2c-6 Device 1002:747E Subsystem: 1458:2413
141   |Warning: [i2c_smbus_linux] Failed to read i2c device PCI device ID
141   |Info:    [ResourceManager] Registering I2C interface: /dev/i2c-13 Device 0000:0000 Subsystem: 0000:0000
141   |Info:    [ResourceManager] Registering I2C interface: /dev/i2c-4 Device 1002:747E Subsystem: 1458:2413
141   |Info:    [ResourceManager] Registering I2C interface: /dev/i2c-11 Device 1002:164E Subsystem: 1462:7E26
141   |Info:    [ResourceManager] Registering I2C interface: /dev/i2c-2 Device 1002:747E Subsystem: 1458:2413
141   |Info:    [ResourceManager] Registering I2C interface: /dev/i2c-0 Device 0000:0000 Subsystem: 0000:0000
141   |Info:    [ResourceManager] Registering I2C interface: /dev/i2c-18 Device 1022:790B Subsystem: 1462:7E26
141   |Info:    [ResourceManager] Registering I2C interface: /dev/i2c-9 Device 1002:164E Subsystem: 1462:7E26
141   |Info:    [ResourceManager] Registering I2C interface: /dev/i2c-16 Device 1022:790B Subsystem: 1462:7E26
141   |Warning: [i2c_smbus_linux] Failed to read i2c device PCI device ID
141   |Info:    [ResourceManager] Registering I2C interface: /dev/i2c-7 Device 0000:0000 Subsystem: 0000:0000
141   |Warning: [i2c_smbus_linux] Failed to read i2c device PCI device ID
141   |Info:    [ResourceManager] Registering I2C interface: /dev/i2c-14 Device 0000:0000 Subsystem: 0000:0000
142   |Info:    [ResourceManager] Registering I2C interface: /dev/i2c-5 Device 1002:747E Subsystem: 1458:2413
142   |Info:    [ResourceManager] Registering I2C interface: /dev/i2c-12 Device 1002:164E Subsystem: 1462:7E26
142   |Info:    ------------------------------------------------------
142   |Info:    |               Detecting I2C devices                |
142   |Info:    ------------------------------------------------------
1189  |Info:    ------------------------------------------------------
1189  |Info:    |            Detecting I2C DIMM modules              |
1189  |Info:    ------------------------------------------------------
1322  |Info:    ------------------------------------------------------
1322  |Info:    |               Detecting I2C PCI devices            |
1322  |Info:    ------------------------------------------------------
1501  |Info:    ------------------------------------------------------
1501  |Info:    |               Detecting HID devices                |
1501  |Info:    ------------------------------------------------------
1567  |Info:    [MSI PRO B650-S WIFI (MS-7E26)] Registering RGB controller
1567  |Info:    ------------------------------------------------------
1567  |Info:    |            Detecting libusb HID devices            |
1567  |Info:    ------------------------------------------------------
1588  |Info:    ------------------------------------------------------
1588  |Info:    |              Detecting other devices               |
1588  |Info:    ------------------------------------------------------
1748  |Info:    [ResourceManager] Calling Post-detection callbacks
1748  |Info:    ------------------------------------------------------
1748  |Info:    |                Detection completed                 |
1748  |Info:    ------------------------------------------------------
2016  |Warning: [PluginManager] Plugin /home/vearnx/.config/OpenRGB/plugins/OpenRGBEffectsPlugin_0.9_Bookworm_64_f1411e1.so has an incompatible API version
2016  |Warning: [PluginManager] Plugin /home/vearnx/.config/OpenRGB/plugins/OpenRGBEffectsPlugin_0.9_Bookworm_64_f1411e1.so cannot be unloaded
