    OpenRGB v0.9+ (git1290)
    Commit: 45af044cd84032b9a9b5865cb5e12aa2cd98c47e from 2025-04-13 13:42:14 -0500
    Launched: 20250525_194042
====================================================================================================

29    |Info:    [ProfileManager] Found file: Skibbidi.orp attempting to validate header
42    |Info:    [ProfileManager] Valid v5 profile found for Skibbidi
42    |Info:    [ProfileManager] Found file: main.orp attempting to validate header
45    |Info:    [ProfileManager] Valid v5 profile found for main
105   |Info:    [ResourceManager] Initializing HID interfaces: Success
105   |Info:    ------------------------------------------------------
105   |Info:    |               Start device detection               |
105   |Info:    ------------------------------------------------------
108   |Info:    ------------------------------------------------------
108   |Info:    |             Detecting I2C interfaces               |
108   |Info:    ------------------------------------------------------
125   |Info:    [ResourceManager] Registering I2C interface: /dev/i2c-3 Device 1002:747E Subsystem: 1458:2413
126   |Info:    [ResourceManager] Registering I2C interface: /dev/i2c-10 Device 1002:164E Subsystem: 1462:7E26
126   |Info:    [ResourceManager] Registering I2C interface: /dev/i2c-1 Device 1002:747E Subsystem: 1458:2413
126   |Info:    [ResourceManager] Registering I2C interface: /dev/i2c-17 Device 1022:790B Subsystem: 1462:7E26
126   |Warning: [i2c_smbus_linux] Failed to read i2c device PCI device ID
126   |Info:    [ResourceManager] Registering I2C interface: /dev/i2c-8 Device 0000:0000 Subsystem: 0000:0000
126   |Warning: [i2c_smbus_linux] Failed to read i2c device PCI device ID
126   |Info:    [ResourceManager] Registering I2C interface: /dev/i2c-15 Device 0000:0000 Subsystem: 0000:0000
126   |Info:    [ResourceManager] Registering I2C interface: /dev/i2c-6 Device 1002:747E Subsystem: 1458:2413
126   |Warning: [i2c_smbus_linux] Failed to read i2c device PCI device ID
126   |Info:    [ResourceManager] Registering I2C interface: /dev/i2c-13 Device 0000:0000 Subsystem: 0000:0000
126   |Info:    [ResourceManager] Registering I2C interface: /dev/i2c-4 Device 1002:747E Subsystem: 1458:2413
126   |Info:    [ResourceManager] Registering I2C interface: /dev/i2c-11 Device 1002:164E Subsystem: 1462:7E26
126   |Info:    [ResourceManager] Registering I2C interface: /dev/i2c-2 Device 1002:747E Subsystem: 1458:2413
126   |Info:    [ResourceManager] Registering I2C interface: /dev/i2c-0 Device 0000:0000 Subsystem: 0000:0000
126   |Info:    [ResourceManager] Registering I2C interface: /dev/i2c-18 Device 1022:790B Subsystem: 1462:7E26
126   |Info:    [ResourceManager] Registering I2C interface: /dev/i2c-9 Device 1002:164E Subsystem: 1462:7E26
126   |Info:    [ResourceManager] Registering I2C interface: /dev/i2c-16 Device 1022:790B Subsystem: 1462:7E26
126   |Warning: [i2c_smbus_linux] Failed to read i2c device PCI device ID
126   |Info:    [ResourceManager] Registering I2C interface: /dev/i2c-7 Device 0000:0000 Subsystem: 0000:0000
126   |Warning: [i2c_smbus_linux] Failed to read i2c device PCI device ID
126   |Info:    [ResourceManager] Registering I2C interface: /dev/i2c-14 Device 0000:0000 Subsystem: 0000:0000
126   |Info:    [ResourceManager] Registering I2C interface: /dev/i2c-5 Device 1002:747E Subsystem: 1458:2413
127   |Info:    [ResourceManager] Registering I2C interface: /dev/i2c-12 Device 1002:164E Subsystem: 1462:7E26
127   |Info:    ------------------------------------------------------
127   |Info:    |               Detecting I2C devices                |
127   |Info:    ------------------------------------------------------
1177  |Info:    ------------------------------------------------------
1177  |Info:    |            Detecting I2C DIMM modules              |
1177  |Info:    ------------------------------------------------------
1312  |Info:    ------------------------------------------------------
1312  |Info:    |               Detecting I2C PCI devices            |
1312  |Info:    ------------------------------------------------------
1490  |Info:    ------------------------------------------------------
1490  |Info:    |               Detecting HID devices                |
1490  |Info:    ------------------------------------------------------
1559  |Info:    [MSI PRO B650-S WIFI (MS-7E26)] Registering RGB controller
1559  |Info:    ------------------------------------------------------
1559  |Info:    |            Detecting libusb HID devices            |
1559  |Info:    ------------------------------------------------------
1745  |Info:    ------------------------------------------------------
1745  |Info:    |              Detecting other devices               |
1745  |Info:    ------------------------------------------------------
1874  |Info:    [ResourceManager] Calling Post-detection callbacks
1874  |Info:    ------------------------------------------------------
1874  |Info:    |                Detection completed                 |
1874  |Info:    ------------------------------------------------------
1889  |Warning: [PluginManager] Plugin /home/vearnx/.config/OpenRGB/plugins/OpenRGBEffectsPlugin_0.9_Bookworm_64_f1411e1.so has an incompatible API version
1889  |Warning: [PluginManager] Plugin /home/vearnx/.config/OpenRGB/plugins/OpenRGBEffectsPlugin_0.9_Bookworm_64_f1411e1.so cannot be unloaded
