    OpenRGB v0.9+ (git1290)
    Commit: 45af044cd84032b9a9b5865cb5e12aa2cd98c47e from 2025-04-13 13:42:14 -0500
    Launched: 20250505_192544
====================================================================================================

6     |Info:    [ProfileManager] Found file: Skibbidi.orp attempting to validate header
31    |Info:    [ProfileManager] Valid v5 profile found for Skibbidi
31    |Info:    [ProfileManager] Found file: main.orp attempting to validate header
32    |Info:    [ProfileManager] Valid v5 profile found for main
84    |Info:    [ResourceManager] Initializing HID interfaces: Success
84    |Info:    ------------------------------------------------------
84    |Info:    |               Start device detection               |
84    |Info:    ------------------------------------------------------
88    |Info:    ------------------------------------------------------
88    |Info:    |             Detecting I2C interfaces               |
88    |Info:    ------------------------------------------------------
99    |Info:    [ResourceManager] Registering I2C interface: /dev/i2c-3 Device 1002:747E Subsystem: 1458:2413
99    |Info:    [ResourceManager] Registering I2C interface: /dev/i2c-10 Device 1002:164E Subsystem: 1462:7E26
99    |Info:    [ResourceManager] Registering I2C interface: /dev/i2c-1 Device 1002:747E Subsystem: 1458:2413
99    |Info:    [ResourceManager] Registering I2C interface: /dev/i2c-17 Device 1022:790B Subsystem: 1462:7E26
99    |Info:    [ResourceManager] Registering I2C interface: /dev/i2c-8 Device 1002:164E Subsystem: 1462:7E26
99    |Info:    [ResourceManager] Registering I2C interface: /dev/i2c-15 Device 1022:790B Subsystem: 1462:7E26
100   |Warning: [i2c_smbus_linux] Failed to read i2c device PCI device ID
100   |Info:    [ResourceManager] Registering I2C interface: /dev/i2c-6 Device 0000:0000 Subsystem: 0000:0000
100   |Warning: [i2c_smbus_linux] Failed to read i2c device PCI device ID
100   |Info:    [ResourceManager] Registering I2C interface: /dev/i2c-13 Device 0000:0000 Subsystem: 0000:0000
100   |Info:    [ResourceManager] Registering I2C interface: /dev/i2c-4 Device 1002:747E Subsystem: 1458:2413
100   |Info:    [ResourceManager] Registering I2C interface: /dev/i2c-11 Device 1002:164E Subsystem: 1462:7E26
100   |Info:    [ResourceManager] Registering I2C interface: /dev/i2c-2 Device 1002:747E Subsystem: 1458:2413
100   |Info:    [ResourceManager] Registering I2C interface: /dev/i2c-0 Device 1002:747E Subsystem: 1458:2413
100   |Info:    [ResourceManager] Registering I2C interface: /dev/i2c-9 Device 1002:164E Subsystem: 1462:7E26
100   |Info:    [ResourceManager] Registering I2C interface: /dev/i2c-16 Device 1022:790B Subsystem: 1462:7E26
100   |Warning: [i2c_smbus_linux] Failed to read i2c device PCI device ID
100   |Info:    [ResourceManager] Registering I2C interface: /dev/i2c-7 Device 0000:0000 Subsystem: 0000:0000
100   |Warning: [i2c_smbus_linux] Failed to read i2c device PCI device ID
100   |Info:    [ResourceManager] Registering I2C interface: /dev/i2c-14 Device 0000:0000 Subsystem: 0000:0000
100   |Info:    [ResourceManager] Registering I2C interface: /dev/i2c-5 Device 1002:747E Subsystem: 1458:2413
100   |Warning: [i2c_smbus_linux] Failed to read i2c device PCI device ID
100   |Info:    [ResourceManager] Registering I2C interface: /dev/i2c-12 Device 0000:0000 Subsystem: 0000:0000
100   |Info:    ------------------------------------------------------
100   |Info:    |               Detecting I2C devices                |
100   |Info:    ------------------------------------------------------
1141  |Info:    ------------------------------------------------------
1141  |Info:    |            Detecting I2C DIMM modules              |
1141  |Info:    ------------------------------------------------------
1277  |Info:    ------------------------------------------------------
1277  |Info:    |               Detecting I2C PCI devices            |
1277  |Info:    ------------------------------------------------------
1454  |Info:    ------------------------------------------------------
1454  |Info:    |               Detecting HID devices                |
1454  |Info:    ------------------------------------------------------
1519  |Info:    [MSI PRO B650-S WIFI (MS-7E26)] Registering RGB controller
1520  |Info:    ------------------------------------------------------
1520  |Info:    |            Detecting libusb HID devices            |
1520  |Info:    ------------------------------------------------------
1660  |Info:    ------------------------------------------------------
1660  |Info:    |              Detecting other devices               |
1660  |Info:    ------------------------------------------------------
1766  |Info:    [ResourceManager] Calling Post-detection callbacks
1766  |Info:    ------------------------------------------------------
1766  |Info:    |                Detection completed                 |
1766  |Info:    ------------------------------------------------------
2062  |Warning: [PluginManager] Plugin /home/vearnx/.config/OpenRGB/plugins/OpenRGBEffectsPlugin_0.9_Bookworm_64_f1411e1.so has an incompatible API version
2062  |Warning: [PluginManager] Plugin /home/vearnx/.config/OpenRGB/plugins/OpenRGBEffectsPlugin_0.9_Bookworm_64_f1411e1.so cannot be unloaded
