    OpenRGB v0.9+ (git1889)
    Commit: c5c5fc6c0293a89018683598208760e0ef112866 from 2026-04-05 03:46:51 -0500
    Launched: 20260414_192112
====================================================================================================

4     |Info:    [ProfileManager] Found file: Skibbidi.orp attempting to validate header
4     |Info:    [ProfileManager] Valid v5 profile found for Skibbidi
4     |Info:    [ProfileManager] Found file: main.orp attempting to validate header
5     |Info:    [ProfileManager] Valid v5 profile found for main
58    |Info:    [ResourceManager] Initializing HID interfaces: Success
58    |Info:    ------------------------------------------------------
58    |Info:    |               Start device detection               |
58    |Info:    ------------------------------------------------------
69    |Info:    ------------------------------------------------------
69    |Info:    |             Detecting I2C interfaces               |
69    |Info:    ------------------------------------------------------
69    |Info:    [ResourceManager] Registering I2C interface: AMDGPU DM i2c hw bus 0 (/dev/i2c-3) Device 1002:747E Subsystem: 1458:2413
69    |Info:    [ResourceManager] Registering I2C interface: AMDGPU DM i2c hw bus 0 (/dev/i2c-10) Device 1002:164E Subsystem: 1462:7E26
69    |Info:    [ResourceManager] Registering I2C interface: AMDGPU SMU 0 (/dev/i2c-1) Device 1002:747E Subsystem: 1458:2413
69    |Info:    [ResourceManager] Registering I2C interface: SMBus PIIX4 adapter port 1 at 0b20 (/dev/i2c-19) Device 1022:790B Subsystem: 1462:7E26
69    |Info:    [ResourceManager] Registering I2C interface: SMBus PIIX4 adapter port 0 at 0b00 (/dev/i2c-17) Device 1022:790B Subsystem: 1462:7E26
70    |Warning: [i2c_smbus_linux] Failed to read i2c device PCI device ID
70    |Info:    [ResourceManager] Registering I2C interface: AMDGPU DM aux hw bus 1 (/dev/i2c-8) Device 0000:0000 Subsystem: 0000:0000
70    |Warning: [i2c_smbus_linux] Failed to read i2c device PCI device ID
70    |Info:    [ResourceManager] Registering I2C interface: AMDGPU DM aux hw bus 2 (/dev/i2c-15) Device 0000:0000 Subsystem: 0000:0000
70    |Info:    [ResourceManager] Registering I2C interface: AMDGPU DM i2c hw bus 3 (/dev/i2c-6) Device 1002:747E Subsystem: 1458:2413
70    |Info:    [ResourceManager] Registering I2C interface: AMDGPU DM i2c hw bus 3 (/dev/i2c-13) Device 1002:164E Subsystem: 1462:7E26
70    |Info:    [ResourceManager] Registering I2C interface: AMDGPU DM i2c hw bus 1 (/dev/i2c-4) Device 1002:747E Subsystem: 1458:2413
70    |Info:    [ResourceManager] Registering I2C interface: AMDGPU DM i2c hw bus 1 (/dev/i2c-11) Device 1002:164E Subsystem: 1462:7E26
70    |Info:    [ResourceManager] Registering I2C interface: AMDGPU SMU 1 (/dev/i2c-2) Device 1002:747E Subsystem: 1458:2413
70    |Info:    [ResourceManager] Registering I2C interface: Synopsys DesignWare I2C adapter (/dev/i2c-0) Device 0000:0000 Subsystem: 0000:0000
70    |Info:    [ResourceManager] Registering I2C interface: SMBus PIIX4 adapter port 2 at 0b00 (/dev/i2c-18) Device 1022:790B Subsystem: 1462:7E26
70    |Warning: [i2c_smbus_linux] Failed to read i2c device PCI device ID
70    |Info:    [ResourceManager] Registering I2C interface: AMDGPU DM aux hw bus 2 (/dev/i2c-9) Device 0000:0000 Subsystem: 0000:0000
70    |Warning: [i2c_smbus_linux] Failed to read i2c device PCI device ID
70    |Info:    [ResourceManager] Registering I2C interface: AMDGPU DM aux hw bus 3 (/dev/i2c-16) Device 0000:0000 Subsystem: 0000:0000
70    |Info:    [ResourceManager] Registering I2C interface: AMDGPU DM i2c OEM bus (/dev/i2c-7) Device 1002:747E Subsystem: 1458:2413
70    |Warning: [i2c_smbus_linux] Failed to read i2c device PCI device ID
70    |Info:    [ResourceManager] Registering I2C interface: AMDGPU DM aux hw bus 1 (/dev/i2c-14) Device 0000:0000 Subsystem: 0000:0000
70    |Info:    [ResourceManager] Registering I2C interface: AMDGPU DM i2c hw bus 2 (/dev/i2c-5) Device 1002:747E Subsystem: 1458:2413
70    |Info:    [ResourceManager] Registering I2C interface: AMDGPU DM i2c hw bus 2 (/dev/i2c-12) Device 1002:164E Subsystem: 1462:7E26
70    |Info:    ------------------------------------------------------
70    |Info:    |               Detecting I2C devices                |
70    |Info:    ------------------------------------------------------
1071  |Info:    ------------------------------------------------------
1071  |Info:    |            Detecting I2C DIMM modules              |
1071  |Info:    ------------------------------------------------------
1986  |Info:    [ResourceManager] Detected occupied slot 2, bus 4, type DDR5
2882  |Info:    [ResourceManager] Detected occupied slot 4, bus 4, type DDR5
2952  |Info:    ------------------------------------------------------
2952  |Info:    |               Detecting I2C PCI devices            |
2952  |Info:    ------------------------------------------------------
2954  |Info:    [Gigabyte Radeon RX 7800 XT GAMING OC] Registering RGB controller
2955  |Info:    ------------------------------------------------------
2955  |Info:    |               Detecting HID devices                |
2955  |Info:    ------------------------------------------------------
3022  |Info:    [MSI PRO B650-S WIFI (MS-7E26)] Registering RGB controller
3022  |Info:    ------------------------------------------------------
3022  |Info:    |            Detecting libusb HID devices            |
3022  |Info:    ------------------------------------------------------
3035  |Info:    ------------------------------------------------------
3035  |Info:    |              Detecting other devices               |
3035  |Info:    ------------------------------------------------------
3053  |Info:    [ResourceManager] Calling Post-detection callbacks
3053  |Info:    ------------------------------------------------------
3053  |Info:    |                Detection completed                 |
3053  |Info:    ------------------------------------------------------
3053  |Info:    [ProfileManager] Profile loading: Succeeded for Gigabyte Radeon RX 7800 XT GAMING OC @ I2C: AMDGPU DM i2c OEM bus (/dev/i2c-7), address 0x62
3054  |Info:    [ProfileManager] Profile loading: Succeeded for MSI PRO B650-S WIFI (MS-7E26) @ HID: /dev/hidraw1
