    OpenRGB v0.9+ (git1290)
    Commit: 45af044cd84032b9a9b5865cb5e12aa2cd98c47e from 2025-04-13 13:42:14 -0500
    Launched: 20250519_190059
====================================================================================================

5     |Info:    [ProfileManager] Found file: Skibbidi.orp attempting to validate header
18    |Info:    [ProfileManager] Valid v5 profile found for Skibbidi
18    |Info:    [ProfileManager] Found file: main.orp attempting to validate header
20    |Info:    [ProfileManager] Valid v5 profile found for main
76    |Info:    [ResourceManager] Initializing HID interfaces: Success
76    |Info:    ------------------------------------------------------
76    |Info:    |               Start device detection               |
76    |Info:    ------------------------------------------------------
80    |Info:    ------------------------------------------------------
80    |Info:    |             Detecting I2C interfaces               |
80    |Info:    ------------------------------------------------------
137   |Info:    [ResourceManager] Registering I2C interface: /dev/i2c-3 Device 1022:790B Subsystem: 1462:7E26
137   |Warning: [i2c_smbus_linux] Failed to read i2c device PCI device ID
137   |Info:    [ResourceManager] Registering I2C interface: /dev/i2c-10 Device 0000:0000 Subsystem: 0000:0000
137   |Info:    [ResourceManager] Registering I2C interface: /dev/i2c-1 Device 1022:790B Subsystem: 1462:7E26
137   |Warning: [i2c_smbus_linux] Failed to read i2c device PCI device ID
137   |Info:    [ResourceManager] Registering I2C interface: /dev/i2c-17 Device 0000:0000 Subsystem: 0000:0000
137   |Info:    [ResourceManager] Registering I2C interface: /dev/i2c-8 Device 1002:747E Subsystem: 1458:2413
138   |Info:    [ResourceManager] Registering I2C interface: /dev/i2c-15 Device 1002:164E Subsystem: 1462:7E26
138   |Info:    [ResourceManager] Registering I2C interface: /dev/i2c-6 Device 1002:747E Subsystem: 1458:2413
138   |Info:    [ResourceManager] Registering I2C interface: /dev/i2c-13 Device 1002:164E Subsystem: 1462:7E26
138   |Info:    [ResourceManager] Registering I2C interface: /dev/i2c-4 Device 1002:747E Subsystem: 1458:2413
138   |Warning: [i2c_smbus_linux] Failed to read i2c device PCI device ID
138   |Info:    [ResourceManager] Registering I2C interface: /dev/i2c-11 Device 0000:0000 Subsystem: 0000:0000
138   |Info:    [ResourceManager] Registering I2C interface: /dev/i2c-2 Device 1022:790B Subsystem: 1462:7E26
138   |Info:    [ResourceManager] Registering I2C interface: /dev/i2c-0 Device 0000:0000 Subsystem: 0000:0000
138   |Warning: [i2c_smbus_linux] Failed to read i2c device PCI device ID
138   |Info:    [ResourceManager] Registering I2C interface: /dev/i2c-18 Device 0000:0000 Subsystem: 0000:0000
138   |Info:    [ResourceManager] Registering I2C interface: /dev/i2c-9 Device 1002:747E Subsystem: 1458:2413
138   |Warning: [i2c_smbus_linux] Failed to read i2c device PCI device ID
138   |Info:    [ResourceManager] Registering I2C interface: /dev/i2c-16 Device 0000:0000 Subsystem: 0000:0000
138   |Info:    [ResourceManager] Registering I2C interface: /dev/i2c-7 Device 1002:747E Subsystem: 1458:2413
138   |Info:    [ResourceManager] Registering I2C interface: /dev/i2c-14 Device 1002:164E Subsystem: 1462:7E26
138   |Info:    [ResourceManager] Registering I2C interface: /dev/i2c-5 Device 1002:747E Subsystem: 1458:2413
139   |Info:    [ResourceManager] Registering I2C interface: /dev/i2c-12 Device 1002:164E Subsystem: 1462:7E26
139   |Info:    ------------------------------------------------------
139   |Info:    |               Detecting I2C devices                |
139   |Info:    ------------------------------------------------------
1187  |Info:    ------------------------------------------------------
1187  |Info:    |            Detecting I2C DIMM modules              |
1187  |Info:    ------------------------------------------------------
1320  |Info:    ------------------------------------------------------
1320  |Info:    |               Detecting I2C PCI devices            |
1320  |Info:    ------------------------------------------------------
1498  |Info:    ------------------------------------------------------
1498  |Info:    |               Detecting HID devices                |
1498  |Info:    ------------------------------------------------------
1562  |Info:    [MSI PRO B650-S WIFI (MS-7E26)] Registering RGB controller
1563  |Info:    ------------------------------------------------------
1563  |Info:    |            Detecting libusb HID devices            |
1563  |Info:    ------------------------------------------------------
1948  |Info:    ------------------------------------------------------
1948  |Info:    |              Detecting other devices               |
1948  |Info:    ------------------------------------------------------
2053  |Info:    [ResourceManager] Calling Post-detection callbacks
2053  |Info:    ------------------------------------------------------
2053  |Info:    |                Detection completed                 |
2053  |Info:    ------------------------------------------------------
2081  |Warning: [PluginManager] Plugin /home/vearnx/.config/OpenRGB/plugins/OpenRGBEffectsPlugin_0.9_Bookworm_64_f1411e1.so has an incompatible API version
2081  |Warning: [PluginManager] Plugin /home/vearnx/.config/OpenRGB/plugins/OpenRGBEffectsPlugin_0.9_Bookworm_64_f1411e1.so cannot be unloaded
