    OpenRGB v0.9+ (1.0rc1)
    Commit: 1fbacdea373361ecd2e0780c1db15cc3eb9aa538 from 2025-02-22 11:06:06 -0600
    Launched: 20250412_180647
====================================================================================================

7     |Info:    [ProfileManager] Found file: Skibbidi.orp attempting to validate header
14    |Info:    [ProfileManager] Valid v5 profile found for Skibbidi
15    |Info:    [ProfileManager] Found file: main.orp attempting to validate header
15    |Info:    [ProfileManager] Valid v5 profile found for main
75    |Info:    [ResourceManager] Initializing HID interfaces: Success
75    |Info:    ------------------------------------------------------
75    |Info:    |               Start device detection               |
75    |Info:    ------------------------------------------------------
81    |Info:    ------------------------------------------------------
81    |Info:    |             Detecting I2C interfaces               |
81    |Info:    ------------------------------------------------------
84    |Info:    [ResourceManager] Registering I2C interface: /dev/i2c-3 Device 1022:790B Subsystem: 103C:85EA
85    |Info:    [ResourceManager] Registering I2C interface: /dev/i2c-1 Device 1002:15D8 Subsystem: 103C:85EA
86    |Info:    [ResourceManager] Registering I2C interface: /dev/i2c-4 Device 1022:790B Subsystem: 103C:85EA
86    |Warning: [i2c_smbus_linux] Failed to read i2c device PCI device ID
86    |Info:    [ResourceManager] Registering I2C interface: /dev/i2c-2 Device 0000:0000 Subsystem: 0000:0000
87    |Info:    [ResourceManager] Registering I2C interface: /dev/i2c-0 Device 1002:15D8 Subsystem: 103C:85EA
87    |Info:    [ResourceManager] Registering I2C interface: /dev/i2c-5 Device 1022:790B Subsystem: 103C:85EA
87    |Info:    ------------------------------------------------------
87    |Info:    |               Detecting I2C devices                |
87    |Info:    ------------------------------------------------------
1730  |Info:    ------------------------------------------------------
1730  |Info:    |            Detecting I2C DIMM modules              |
1730  |Info:    ------------------------------------------------------
1918  |Info:    ------------------------------------------------------
1918  |Info:    |               Detecting I2C PCI devices            |
1918  |Info:    ------------------------------------------------------
1923  |Info:    ------------------------------------------------------
1923  |Info:    |               Detecting HID devices                |
1923  |Info:    ------------------------------------------------------
1923  |Info:    ------------------------------------------------------
1924  |Info:    |            Detecting libusb HID devices            |
1924  |Info:    ------------------------------------------------------
1944  |Info:    ------------------------------------------------------
1944  |Info:    |              Detecting other devices               |
1944  |Info:    ------------------------------------------------------
1981  |Info:    [ResourceManager] Calling Post-detection callbacks
1981  |Info:    ------------------------------------------------------
1981  |Info:    |                Detection completed                 |
1981  |Info:    ------------------------------------------------------
1981  |Dialog:  <h2>WARNING:</h2><p>Multiple OpenRGB udev rules are installed.</p><p>The udev rules file 60-openrgb.rules is installed in both /etc/udev/rules.d and /usr/lib/udev/rules.d.</p><p>Multiple udev rules files can conflict, it is recommended to remove one of them.</p>
2040  |Warning: [PluginManager] Plugin /home/vearnx/.config/OpenRGB/plugins/OpenRGBEffectsPlugin_0.9_Bookworm_64_f1411e1.so has an incompatible API version
2040  |Warning: [PluginManager] Plugin /home/vearnx/.config/OpenRGB/plugins/OpenRGBEffectsPlugin_0.9_Bookworm_64_f1411e1.so cannot be unloaded
