    OpenRGB v0.9+ (git1290)
    Commit: 45af044cd84032b9a9b5865cb5e12aa2cd98c47e from 2025-04-13 13:42:14 -0500
    Launched: 20250422_161927
====================================================================================================

12    |Info:    [ProfileManager] Found file: Skibbidi.orp attempting to validate header
12    |Info:    [ProfileManager] Valid v5 profile found for Skibbidi
12    |Info:    [ProfileManager] Found file: main.orp attempting to validate header
13    |Info:    [ProfileManager] Valid v5 profile found for main
66    |Info:    [ResourceManager] Initializing HID interfaces: Success
66    |Info:    ------------------------------------------------------
66    |Info:    |               Start device detection               |
66    |Info:    ------------------------------------------------------
70    |Info:    ------------------------------------------------------
70    |Info:    |             Detecting I2C interfaces               |
70    |Info:    ------------------------------------------------------
90    |Info:    [ResourceManager] Registering I2C interface: /dev/i2c-3 Device 1002:747E Subsystem: 1458:2413
90    |Info:    [ResourceManager] Registering I2C interface: /dev/i2c-10 Device 1002:164E Subsystem: 1462:7E26
90    |Info:    [ResourceManager] Registering I2C interface: /dev/i2c-1 Device 1002:747E Subsystem: 1458:2413
90    |Info:    [ResourceManager] Registering I2C interface: /dev/i2c-17 Device 1022:790B Subsystem: 1462:7E26
90    |Info:    [ResourceManager] Registering I2C interface: /dev/i2c-8 Device 1002:164E Subsystem: 1462:7E26
90    |Info:    [ResourceManager] Registering I2C interface: /dev/i2c-15 Device 1022:790B Subsystem: 1462:7E26
90    |Warning: [i2c_smbus_linux] Failed to read i2c device PCI device ID
90    |Info:    [ResourceManager] Registering I2C interface: /dev/i2c-6 Device 0000:0000 Subsystem: 0000:0000
91    |Warning: [i2c_smbus_linux] Failed to read i2c device PCI device ID
91    |Info:    [ResourceManager] Registering I2C interface: /dev/i2c-13 Device 0000:0000 Subsystem: 0000:0000
91    |Info:    [ResourceManager] Registering I2C interface: /dev/i2c-4 Device 1002:747E Subsystem: 1458:2413
91    |Info:    [ResourceManager] Registering I2C interface: /dev/i2c-11 Device 1002:164E Subsystem: 1462:7E26
91    |Info:    [ResourceManager] Registering I2C interface: /dev/i2c-2 Device 1002:747E Subsystem: 1458:2413
91    |Info:    [ResourceManager] Registering I2C interface: /dev/i2c-0 Device 1002:747E Subsystem: 1458:2413
91    |Info:    [ResourceManager] Registering I2C interface: /dev/i2c-9 Device 1002:164E Subsystem: 1462:7E26
91    |Info:    [ResourceManager] Registering I2C interface: /dev/i2c-16 Device 1022:790B Subsystem: 1462:7E26
91    |Warning: [i2c_smbus_linux] Failed to read i2c device PCI device ID
91    |Info:    [ResourceManager] Registering I2C interface: /dev/i2c-7 Device 0000:0000 Subsystem: 0000:0000
91    |Warning: [i2c_smbus_linux] Failed to read i2c device PCI device ID
91    |Info:    [ResourceManager] Registering I2C interface: /dev/i2c-14 Device 0000:0000 Subsystem: 0000:0000
91    |Info:    [ResourceManager] Registering I2C interface: /dev/i2c-5 Device 1002:747E Subsystem: 1458:2413
91    |Warning: [i2c_smbus_linux] Failed to read i2c device PCI device ID
91    |Info:    [ResourceManager] Registering I2C interface: /dev/i2c-12 Device 0000:0000 Subsystem: 0000:0000
91    |Info:    ------------------------------------------------------
91    |Info:    |               Detecting I2C devices                |
91    |Info:    ------------------------------------------------------
1144  |Info:    ------------------------------------------------------
1144  |Info:    |            Detecting I2C DIMM modules              |
1144  |Info:    ------------------------------------------------------
1282  |Info:    ------------------------------------------------------
1282  |Info:    |               Detecting I2C PCI devices            |
1282  |Info:    ------------------------------------------------------
1464  |Info:    ------------------------------------------------------
1464  |Info:    |               Detecting HID devices                |
1464  |Info:    ------------------------------------------------------
1531  |Info:    [MSI PRO B650-S WIFI (MS-7E26)] Registering RGB controller
1531  |Info:    ------------------------------------------------------
1531  |Info:    |            Detecting libusb HID devices            |
1531  |Info:    ------------------------------------------------------
1539  |Info:    ------------------------------------------------------
1539  |Info:    |              Detecting other devices               |
1539  |Info:    ------------------------------------------------------
1644  |Info:    [ResourceManager] Calling Post-detection callbacks
1644  |Info:    ------------------------------------------------------
1644  |Info:    |                Detection completed                 |
1644  |Info:    ------------------------------------------------------
1654  |Warning: [PluginManager] Plugin /home/vearnx/.config/OpenRGB/plugins/OpenRGBEffectsPlugin_0.9_Bookworm_64_f1411e1.so has an incompatible API version
1654  |Warning: [PluginManager] Plugin /home/vearnx/.config/OpenRGB/plugins/OpenRGBEffectsPlugin_0.9_Bookworm_64_f1411e1.so cannot be unloaded
