    OpenRGB v0.9+ (git1290)
    Commit: 45af044cd84032b9a9b5865cb5e12aa2cd98c47e from 2025-04-13 13:42:14 -0500
    Launched: 20250601_230354
====================================================================================================

31    |Info:    [ProfileManager] Found file: Skibbidi.orp attempting to validate header
35    |Info:    [ProfileManager] Valid v5 profile found for Skibbidi
35    |Info:    [ProfileManager] Found file: main.orp attempting to validate header
40    |Info:    [ProfileManager] Valid v5 profile found for main
95    |Info:    [ResourceManager] Initializing HID interfaces: Success
95    |Info:    ------------------------------------------------------
95    |Info:    |               Start device detection               |
95    |Info:    ------------------------------------------------------
99    |Info:    ------------------------------------------------------
99    |Info:    |             Detecting I2C interfaces               |
99    |Info:    ------------------------------------------------------
154   |Info:    [ResourceManager] Registering I2C interface: /dev/i2c-3 Device 1002:747E Subsystem: 1458:2413
154   |Info:    [ResourceManager] Registering I2C interface: /dev/i2c-10 Device 1002:164E Subsystem: 1462:7E26
154   |Info:    [ResourceManager] Registering I2C interface: /dev/i2c-1 Device 1002:747E Subsystem: 1458:2413
154   |Info:    [ResourceManager] Registering I2C interface: /dev/i2c-17 Device 1022:790B Subsystem: 1462:7E26
154   |Warning: [i2c_smbus_linux] Failed to read i2c device PCI device ID
154   |Info:    [ResourceManager] Registering I2C interface: /dev/i2c-8 Device 0000:0000 Subsystem: 0000:0000
154   |Warning: [i2c_smbus_linux] Failed to read i2c device PCI device ID
154   |Info:    [ResourceManager] Registering I2C interface: /dev/i2c-15 Device 0000:0000 Subsystem: 0000:0000
155   |Info:    [ResourceManager] Registering I2C interface: /dev/i2c-6 Device 1002:747E Subsystem: 1458:2413
155   |Warning: [i2c_smbus_linux] Failed to read i2c device PCI device ID
155   |Info:    [ResourceManager] Registering I2C interface: /dev/i2c-13 Device 0000:0000 Subsystem: 0000:0000
155   |Info:    [ResourceManager] Registering I2C interface: /dev/i2c-4 Device 1002:747E Subsystem: 1458:2413
155   |Info:    [ResourceManager] Registering I2C interface: /dev/i2c-11 Device 1002:164E Subsystem: 1462:7E26
155   |Info:    [ResourceManager] Registering I2C interface: /dev/i2c-2 Device 1002:747E Subsystem: 1458:2413
155   |Info:    [ResourceManager] Registering I2C interface: /dev/i2c-0 Device 0000:0000 Subsystem: 0000:0000
155   |Info:    [ResourceManager] Registering I2C interface: /dev/i2c-18 Device 1022:790B Subsystem: 1462:7E26
155   |Info:    [ResourceManager] Registering I2C interface: /dev/i2c-9 Device 1002:164E Subsystem: 1462:7E26
155   |Info:    [ResourceManager] Registering I2C interface: /dev/i2c-16 Device 1022:790B Subsystem: 1462:7E26
155   |Warning: [i2c_smbus_linux] Failed to read i2c device PCI device ID
155   |Info:    [ResourceManager] Registering I2C interface: /dev/i2c-7 Device 0000:0000 Subsystem: 0000:0000
155   |Warning: [i2c_smbus_linux] Failed to read i2c device PCI device ID
155   |Info:    [ResourceManager] Registering I2C interface: /dev/i2c-14 Device 0000:0000 Subsystem: 0000:0000
155   |Info:    [ResourceManager] Registering I2C interface: /dev/i2c-5 Device 1002:747E Subsystem: 1458:2413
155   |Info:    [ResourceManager] Registering I2C interface: /dev/i2c-12 Device 1002:164E Subsystem: 1462:7E26
155   |Info:    ------------------------------------------------------
155   |Info:    |               Detecting I2C devices                |
155   |Info:    ------------------------------------------------------
1206  |Info:    ------------------------------------------------------
1206  |Info:    |            Detecting I2C DIMM modules              |
1206  |Info:    ------------------------------------------------------
1342  |Info:    ------------------------------------------------------
1342  |Info:    |               Detecting I2C PCI devices            |
1342  |Info:    ------------------------------------------------------
1521  |Info:    ------------------------------------------------------
1521  |Info:    |               Detecting HID devices                |
1521  |Info:    ------------------------------------------------------
1588  |Info:    [MSI PRO B650-S WIFI (MS-7E26)] Registering RGB controller
1588  |Info:    ------------------------------------------------------
1588  |Info:    |            Detecting libusb HID devices            |
1588  |Info:    ------------------------------------------------------
1602  |Info:    ------------------------------------------------------
1602  |Info:    |              Detecting other devices               |
1602  |Info:    ------------------------------------------------------
1702  |Info:    [ResourceManager] Calling Post-detection callbacks
1702  |Info:    ------------------------------------------------------
1702  |Info:    |                Detection completed                 |
1702  |Info:    ------------------------------------------------------
1716  |Warning: [PluginManager] Plugin /home/vearnx/.config/OpenRGB/plugins/OpenRGBEffectsPlugin_0.9_Bookworm_64_f1411e1.so has an incompatible API version
1716  |Warning: [PluginManager] Plugin /home/vearnx/.config/OpenRGB/plugins/OpenRGBEffectsPlugin_0.9_Bookworm_64_f1411e1.so cannot be unloaded
