    OpenRGB v0.9+ (git1290)
    Commit: 45af044cd84032b9a9b5865cb5e12aa2cd98c47e from 2025-04-13 13:42:14 -0500
    Launched: 20250620_192004
====================================================================================================

41    |Info:    [ProfileManager] Found file: Skibbidi.orp attempting to validate header
49    |Info:    [ProfileManager] Valid v5 profile found for Skibbidi
49    |Info:    [ProfileManager] Found file: main.orp attempting to validate header
60    |Info:    [ProfileManager] Valid v5 profile found for main
113   |Info:    [ResourceManager] Initializing HID interfaces: Success
113   |Info:    ------------------------------------------------------
113   |Info:    |               Start device detection               |
113   |Info:    ------------------------------------------------------
116   |Info:    ------------------------------------------------------
116   |Info:    |             Detecting I2C interfaces               |
116   |Info:    ------------------------------------------------------
205   |Info:    [ResourceManager] Registering I2C interface: /dev/i2c-3 Device 1002:747E Subsystem: 1458:2413
205   |Info:    [ResourceManager] Registering I2C interface: /dev/i2c-10 Device 1002:164E Subsystem: 1462:7E26
205   |Info:    [ResourceManager] Registering I2C interface: /dev/i2c-1 Device 1002:747E Subsystem: 1458:2413
205   |Info:    [ResourceManager] Registering I2C interface: /dev/i2c-19 Device 1022:790B Subsystem: 1462:7E26
205   |Info:    [ResourceManager] Registering I2C interface: /dev/i2c-17 Device 1022:790B Subsystem: 1462:7E26
205   |Warning: [i2c_smbus_linux] Failed to read i2c device PCI device ID
205   |Info:    [ResourceManager] Registering I2C interface: /dev/i2c-8 Device 0000:0000 Subsystem: 0000:0000
205   |Warning: [i2c_smbus_linux] Failed to read i2c device PCI device ID
205   |Info:    [ResourceManager] Registering I2C interface: /dev/i2c-15 Device 0000:0000 Subsystem: 0000:0000
205   |Info:    [ResourceManager] Registering I2C interface: /dev/i2c-6 Device 1002:747E Subsystem: 1458:2413
205   |Info:    [ResourceManager] Registering I2C interface: /dev/i2c-13 Device 1002:164E Subsystem: 1462:7E26
205   |Info:    [ResourceManager] Registering I2C interface: /dev/i2c-4 Device 1002:747E Subsystem: 1458:2413
205   |Info:    [ResourceManager] Registering I2C interface: /dev/i2c-11 Device 1002:164E Subsystem: 1462:7E26
205   |Info:    [ResourceManager] Registering I2C interface: /dev/i2c-2 Device 1002:747E Subsystem: 1458:2413
206   |Info:    [ResourceManager] Registering I2C interface: /dev/i2c-0 Device 0000:0000 Subsystem: 0000:0000
206   |Info:    [ResourceManager] Registering I2C interface: /dev/i2c-18 Device 1022:790B Subsystem: 1462:7E26
206   |Warning: [i2c_smbus_linux] Failed to read i2c device PCI device ID
206   |Info:    [ResourceManager] Registering I2C interface: /dev/i2c-9 Device 0000:0000 Subsystem: 0000:0000
206   |Warning: [i2c_smbus_linux] Failed to read i2c device PCI device ID
206   |Info:    [ResourceManager] Registering I2C interface: /dev/i2c-16 Device 0000:0000 Subsystem: 0000:0000
206   |Info:    [ResourceManager] Registering I2C interface: /dev/i2c-7 Device 1002:747E Subsystem: 1458:2413
206   |Warning: [i2c_smbus_linux] Failed to read i2c device PCI device ID
206   |Info:    [ResourceManager] Registering I2C interface: /dev/i2c-14 Device 0000:0000 Subsystem: 0000:0000
206   |Info:    [ResourceManager] Registering I2C interface: /dev/i2c-5 Device 1002:747E Subsystem: 1458:2413
206   |Info:    [ResourceManager] Registering I2C interface: /dev/i2c-12 Device 1002:164E Subsystem: 1462:7E26
206   |Info:    ------------------------------------------------------
206   |Info:    |               Detecting I2C devices                |
206   |Info:    ------------------------------------------------------
1254  |Info:    ------------------------------------------------------
1254  |Info:    |            Detecting I2C DIMM modules              |
1254  |Info:    ------------------------------------------------------
1390  |Info:    ------------------------------------------------------
1390  |Info:    |               Detecting I2C PCI devices            |
1390  |Info:    ------------------------------------------------------
1508  |Info:    [Gigabyte Radeon RX 7800 XT GAMING OC] Registering RGB controller
1577  |Info:    ------------------------------------------------------
1577  |Info:    |               Detecting HID devices                |
1577  |Info:    ------------------------------------------------------
1645  |Info:    [MSI PRO B650-S WIFI (MS-7E26)] Registering RGB controller
1645  |Info:    ------------------------------------------------------
1645  |Info:    |            Detecting libusb HID devices            |
1645  |Info:    ------------------------------------------------------
1677  |Info:    ------------------------------------------------------
1677  |Info:    |              Detecting other devices               |
1677  |Info:    ------------------------------------------------------
1779  |Info:    [ResourceManager] Calling Post-detection callbacks
1779  |Info:    ------------------------------------------------------
1779  |Info:    |                Detection completed                 |
1779  |Info:    ------------------------------------------------------
1987  |Warning: [PluginManager] Plugin /home/vearnx/.config/OpenRGB/plugins/OpenRGBEffectsPlugin_0.9_Bookworm_64_f1411e1.so has an incompatible API version
1987  |Warning: [PluginManager] Plugin /home/vearnx/.config/OpenRGB/plugins/OpenRGBEffectsPlugin_0.9_Bookworm_64_f1411e1.so cannot be unloaded
