    OpenRGB v0.9+ (1.0rc1)
    Commit: 1fbacdea373361ecd2e0780c1db15cc3eb9aa538 from 2025-02-22 11:06:06 -0600
    Launched: 20250412_173631
====================================================================================================

2     |Info:    [ProfileManager] Found file: Skibbidi.orp attempting to validate header
6     |Info:    [ProfileManager] Valid v5 profile found for Skibbidi
6     |Info:    [ProfileManager] Found file: main.orp attempting to validate header
7     |Info:    [ProfileManager] Valid v5 profile found for main
104   |Info:    [ResourceManager] Initializing HID interfaces: Success
104   |Info:    ------------------------------------------------------
104   |Info:    |               Start device detection               |
104   |Info:    ------------------------------------------------------
114   |Info:    ------------------------------------------------------
115   |Info:    |             Detecting I2C interfaces               |
115   |Info:    ------------------------------------------------------
131   |Info:    [ResourceManager] Registering I2C interface: /dev/i2c-3 Device 1022:780B Subsystem: 103C:22C5
131   |Info:    [ResourceManager] Registering I2C interface: /dev/i2c-10 Device 1002:990F Subsystem: 103C:22C5
132   |Info:    [ResourceManager] Registering I2C interface: /dev/i2c-1 Device 1022:780B Subsystem: 103C:22C5
132   |Info:    [ResourceManager] Registering I2C interface: /dev/i2c-8 Device 1002:990F Subsystem: 103C:22C5
132   |Info:    [ResourceManager] Registering I2C interface: /dev/i2c-6 Device 1002:990F Subsystem: 103C:22C5
136   |Info:    [ResourceManager] Registering I2C interface: /dev/i2c-4 Device 1022:780B Subsystem: 103C:22C5
136   |Warning: [i2c_smbus_linux] Failed to read i2c device PCI device ID
136   |Info:    [ResourceManager] Registering I2C interface: /dev/i2c-11 Device 0000:0000 Subsystem: 0000:0000
136   |Info:    [ResourceManager] Registering I2C interface: /dev/i2c-2 Device 1022:780B Subsystem: 103C:22C5
137   |Info:    [ResourceManager] Registering I2C interface: /dev/i2c-0 Device 1022:780B Subsystem: 103C:22C5
137   |Info:    [ResourceManager] Registering I2C interface: /dev/i2c-9 Device 1002:990F Subsystem: 103C:22C5
138   |Info:    [ResourceManager] Registering I2C interface: /dev/i2c-7 Device 1002:990F Subsystem: 103C:22C5
138   |Info:    [ResourceManager] Registering I2C interface: /dev/i2c-5 Device 1002:990F Subsystem: 103C:22C5
138   |Warning: [i2c_smbus_linux] Failed to read i2c device PCI device ID
138   |Info:    [ResourceManager] Registering I2C interface: /dev/i2c-12 Device 0000:0000 Subsystem: 0000:0000
138   |Info:    ------------------------------------------------------
138   |Info:    |               Detecting I2C devices                |
138   |Info:    ------------------------------------------------------
155   |Info:    ------------------------------------------------------
155   |Info:    |            Detecting I2C DIMM modules              |
155   |Info:    ------------------------------------------------------
155   |Info:    ------------------------------------------------------
155   |Info:    |               Detecting I2C PCI devices            |
155   |Info:    ------------------------------------------------------
164   |Info:    ------------------------------------------------------
164   |Info:    |               Detecting HID devices                |
164   |Info:    ------------------------------------------------------
168   |Info:    ------------------------------------------------------
168   |Info:    |            Detecting libusb HID devices            |
168   |Info:    ------------------------------------------------------
232   |Info:    ------------------------------------------------------
233   |Info:    |              Detecting other devices               |
233   |Info:    ------------------------------------------------------
351   |Info:    [ResourceManager] Calling Post-detection callbacks
351   |Info:    ------------------------------------------------------
351   |Info:    |                Detection completed                 |
351   |Info:    ------------------------------------------------------
351   |Dialog:  <h2>WARNING:</h2><p>Multiple OpenRGB udev rules are installed.</p><p>The udev rules file 60-openrgb.rules is installed in both /etc/udev/rules.d and /usr/lib/udev/rules.d.</p><p>Multiple udev rules files can conflict, it is recommended to remove one of them.</p>
