    OpenRGB v0.9+ (git1939)
    Commit: a93eec8f50a36c10e7d11bbd2a5050277afe11d6 from 2026-05-03 12:15:13 -0500
    Launched: 20260510_201022
====================================================================================================

3     |Info:    [ProfileManager] Found file: Skibbidi.orp attempting to validate header
3     |Info:    [ProfileManager] Valid v5 profile found for Skibbidi
3     |Info:    [ProfileManager] Found file: main.orp attempting to validate header
3     |Info:    [ProfileManager] Valid v5 profile found for main
58    |Info:    [ResourceManager] Initializing HID interfaces: Success
58    |Info:    ------------------------------------------------------
58    |Info:    |               Start device detection               |
58    |Info:    ------------------------------------------------------
71    |Info:    ------------------------------------------------------
71    |Info:    |             Detecting I2C interfaces               |
71    |Info:    ------------------------------------------------------
71    |Info:    [ResourceManager] Registering I2C interface: AMDGPU DM i2c hw bus 0 (/dev/i2c-3) Device 1002:747E Subsystem: 1458:2413
71    |Info:    [ResourceManager] Registering I2C interface: AMDGPU DM i2c hw bus 0 (/dev/i2c-10) Device 1002:164E Subsystem: 1462:7E26
71    |Info:    [ResourceManager] Registering I2C interface: AMDGPU SMU 0 (/dev/i2c-1) Device 1002:747E Subsystem: 1458:2413
71    |Info:    [ResourceManager] Registering I2C interface: SMBus PIIX4 adapter port 1 at 0b20 (/dev/i2c-19) Device 1022:790B Subsystem: 1462:7E26
71    |Info:    [ResourceManager] Registering I2C interface: SMBus PIIX4 adapter port 0 at 0b00 (/dev/i2c-17) Device 1022:790B Subsystem: 1462:7E26
71    |Info:    [i2c_smbus_linux] Failed to read i2c device PCI device ID
71    |Info:    [ResourceManager] Registering I2C interface: AMDGPU DM aux hw bus 1 (/dev/i2c-8) Device 0000:0000 Subsystem: 0000:0000
71    |Info:    [i2c_smbus_linux] Failed to read i2c device PCI device ID
71    |Info:    [ResourceManager] Registering I2C interface: AMDGPU DM aux hw bus 2 (/dev/i2c-15) Device 0000:0000 Subsystem: 0000:0000
71    |Info:    [ResourceManager] Registering I2C interface: AMDGPU DM i2c hw bus 3 (/dev/i2c-6) Device 1002:747E Subsystem: 1458:2413
71    |Info:    [ResourceManager] Registering I2C interface: AMDGPU DM i2c hw bus 3 (/dev/i2c-13) Device 1002:164E Subsystem: 1462:7E26
71    |Info:    [ResourceManager] Registering I2C interface: AMDGPU DM i2c hw bus 1 (/dev/i2c-4) Device 1002:747E Subsystem: 1458:2413
71    |Info:    [ResourceManager] Registering I2C interface: AMDGPU DM i2c hw bus 1 (/dev/i2c-11) Device 1002:164E Subsystem: 1462:7E26
71    |Info:    [ResourceManager] Registering I2C interface: AMDGPU SMU 1 (/dev/i2c-2) Device 1002:747E Subsystem: 1458:2413
71    |Info:    [ResourceManager] Registering I2C interface: Synopsys DesignWare I2C adapter (/dev/i2c-0) Device 0000:0000 Subsystem: 0000:0000
71    |Info:    [ResourceManager] Registering I2C interface: SMBus PIIX4 adapter port 2 at 0b00 (/dev/i2c-18) Device 1022:790B Subsystem: 1462:7E26
71    |Info:    [i2c_smbus_linux] Failed to read i2c device PCI device ID
72    |Info:    [ResourceManager] Registering I2C interface: AMDGPU DM aux hw bus 2 (/dev/i2c-9) Device 0000:0000 Subsystem: 0000:0000
72    |Info:    [i2c_smbus_linux] Failed to read i2c device PCI device ID
72    |Info:    [ResourceManager] Registering I2C interface: AMDGPU DM aux hw bus 3 (/dev/i2c-16) Device 0000:0000 Subsystem: 0000:0000
72    |Info:    [ResourceManager] Registering I2C interface: AMDGPU DM i2c OEM bus (/dev/i2c-7) Device 1002:747E Subsystem: 1458:2413
72    |Info:    [i2c_smbus_linux] Failed to read i2c device PCI device ID
72    |Info:    [ResourceManager] Registering I2C interface: AMDGPU DM aux hw bus 1 (/dev/i2c-14) Device 0000:0000 Subsystem: 0000:0000
72    |Info:    [ResourceManager] Registering I2C interface: AMDGPU DM i2c hw bus 2 (/dev/i2c-5) Device 1002:747E Subsystem: 1458:2413
72    |Info:    [ResourceManager] Registering I2C interface: AMDGPU DM i2c hw bus 2 (/dev/i2c-12) Device 1002:164E Subsystem: 1462:7E26
72    |Info:    ------------------------------------------------------
72    |Info:    |               Detecting I2C devices                |
72    |Info:    ------------------------------------------------------
775   |Info:    ------------------------------------------------------
775   |Info:    |            Detecting I2C DIMM modules              |
775   |Info:    ------------------------------------------------------
1742  |Info:    [ResourceManager] Detected occupied slot 2, bus 4, type DDR5
2724  |Info:    [ResourceManager] Detected occupied slot 4, bus 4, type DDR5
2789  |Info:    ------------------------------------------------------
2789  |Info:    |               Detecting I2C PCI devices            |
2789  |Info:    ------------------------------------------------------
2791  |Info:    [Gigabyte Radeon RX 7800 XT GAMING OC] Registering RGB controller
2792  |Info:    ------------------------------------------------------
2792  |Info:    |               Detecting HID devices                |
2792  |Info:    ------------------------------------------------------
2856  |Info:    [MSI PRO B650-S WIFI (MS-7E26)] Registering RGB controller
2856  |Info:    ------------------------------------------------------
2856  |Info:    |            Detecting libusb HID devices            |
2856  |Info:    ------------------------------------------------------
2869  |Info:    ------------------------------------------------------
2869  |Info:    |              Detecting other devices               |
2869  |Info:    ------------------------------------------------------
2884  |Info:    [ResourceManager] Calling Post-detection callbacks
2884  |Info:    ------------------------------------------------------
2884  |Info:    |                Detection completed                 |
2884  |Info:    ------------------------------------------------------
2884  |Info:    [ProfileManager] Profile loading: Succeeded for Gigabyte Radeon RX 7800 XT GAMING OC @ I2C: AMDGPU DM i2c OEM bus (/dev/i2c-7), address 0x62
2884  |Info:    [ProfileManager] Profile loading: Succeeded for MSI PRO B650-S WIFI (MS-7E26) @ HID: /dev/hidraw1
