    OpenRGB v0.9+ (git1290)
    Commit: 45af044cd84032b9a9b5865cb5e12aa2cd98c47e from 2025-04-13 13:42:14 -0500
    Launched: 20250530_151944
====================================================================================================

49    |Info:    [ProfileManager] Found file: Skibbidi.orp attempting to validate header
55    |Info:    [ProfileManager] Valid v5 profile found for Skibbidi
55    |Info:    [ProfileManager] Found file: main.orp attempting to validate header
56    |Info:    [ProfileManager] Valid v5 profile found for main
110   |Info:    [ResourceManager] Initializing HID interfaces: Success
110   |Info:    ------------------------------------------------------
110   |Info:    |               Start device detection               |
110   |Info:    ------------------------------------------------------
114   |Info:    ------------------------------------------------------
114   |Info:    |             Detecting I2C interfaces               |
114   |Info:    ------------------------------------------------------
121   |Info:    [ResourceManager] Registering I2C interface: /dev/i2c-3 Device 1002:747E Subsystem: 1458:2413
121   |Info:    [ResourceManager] Registering I2C interface: /dev/i2c-10 Device 1002:164E Subsystem: 1462:7E26
121   |Info:    [ResourceManager] Registering I2C interface: /dev/i2c-1 Device 1002:747E Subsystem: 1458:2413
121   |Info:    [ResourceManager] Registering I2C interface: /dev/i2c-17 Device 1022:790B Subsystem: 1462:7E26
121   |Warning: [i2c_smbus_linux] Failed to read i2c device PCI device ID
121   |Info:    [ResourceManager] Registering I2C interface: /dev/i2c-8 Device 0000:0000 Subsystem: 0000:0000
121   |Warning: [i2c_smbus_linux] Failed to read i2c device PCI device ID
121   |Info:    [ResourceManager] Registering I2C interface: /dev/i2c-15 Device 0000:0000 Subsystem: 0000:0000
121   |Info:    [ResourceManager] Registering I2C interface: /dev/i2c-6 Device 1002:747E Subsystem: 1458:2413
121   |Warning: [i2c_smbus_linux] Failed to read i2c device PCI device ID
121   |Info:    [ResourceManager] Registering I2C interface: /dev/i2c-13 Device 0000:0000 Subsystem: 0000:0000
121   |Info:    [ResourceManager] Registering I2C interface: /dev/i2c-4 Device 1002:747E Subsystem: 1458:2413
121   |Info:    [ResourceManager] Registering I2C interface: /dev/i2c-11 Device 1002:164E Subsystem: 1462:7E26
121   |Info:    [ResourceManager] Registering I2C interface: /dev/i2c-2 Device 1002:747E Subsystem: 1458:2413
121   |Info:    [ResourceManager] Registering I2C interface: /dev/i2c-0 Device 0000:0000 Subsystem: 0000:0000
121   |Info:    [ResourceManager] Registering I2C interface: /dev/i2c-18 Device 1022:790B Subsystem: 1462:7E26
122   |Info:    [ResourceManager] Registering I2C interface: /dev/i2c-9 Device 1002:164E Subsystem: 1462:7E26
122   |Info:    [ResourceManager] Registering I2C interface: /dev/i2c-16 Device 1022:790B Subsystem: 1462:7E26
122   |Warning: [i2c_smbus_linux] Failed to read i2c device PCI device ID
122   |Info:    [ResourceManager] Registering I2C interface: /dev/i2c-7 Device 0000:0000 Subsystem: 0000:0000
122   |Warning: [i2c_smbus_linux] Failed to read i2c device PCI device ID
122   |Info:    [ResourceManager] Registering I2C interface: /dev/i2c-14 Device 0000:0000 Subsystem: 0000:0000
122   |Info:    [ResourceManager] Registering I2C interface: /dev/i2c-5 Device 1002:747E Subsystem: 1458:2413
122   |Info:    [ResourceManager] Registering I2C interface: /dev/i2c-12 Device 1002:164E Subsystem: 1462:7E26
122   |Info:    ------------------------------------------------------
122   |Info:    |               Detecting I2C devices                |
122   |Info:    ------------------------------------------------------
1172  |Info:    ------------------------------------------------------
1172  |Info:    |            Detecting I2C DIMM modules              |
1172  |Info:    ------------------------------------------------------
1307  |Info:    ------------------------------------------------------
1307  |Info:    |               Detecting I2C PCI devices            |
1307  |Info:    ------------------------------------------------------
1489  |Info:    ------------------------------------------------------
1489  |Info:    |               Detecting HID devices                |
1489  |Info:    ------------------------------------------------------
1557  |Info:    [MSI PRO B650-S WIFI (MS-7E26)] Registering RGB controller
1557  |Info:    ------------------------------------------------------
1557  |Info:    |            Detecting libusb HID devices            |
1557  |Info:    ------------------------------------------------------
1607  |Info:    ------------------------------------------------------
1607  |Info:    |              Detecting other devices               |
1607  |Info:    ------------------------------------------------------
1733  |Info:    [ResourceManager] Calling Post-detection callbacks
1733  |Info:    ------------------------------------------------------
1733  |Info:    |                Detection completed                 |
1733  |Info:    ------------------------------------------------------
1804  |Warning: [PluginManager] Plugin /home/vearnx/.config/OpenRGB/plugins/OpenRGBEffectsPlugin_0.9_Bookworm_64_f1411e1.so has an incompatible API version
1804  |Warning: [PluginManager] Plugin /home/vearnx/.config/OpenRGB/plugins/OpenRGBEffectsPlugin_0.9_Bookworm_64_f1411e1.so cannot be unloaded
