    OpenRGB v0.9+ (git1290)
    Commit: 45af044cd84032b9a9b5865cb5e12aa2cd98c47e from 2025-04-13 13:42:14 -0500
    Launched: 20250528_172755
====================================================================================================

11    |Info:    [ProfileManager] Found file: Skibbidi.orp attempting to validate header
63    |Info:    [ProfileManager] Valid v5 profile found for Skibbidi
63    |Info:    [ProfileManager] Found file: main.orp attempting to validate header
63    |Info:    [ProfileManager] Valid v5 profile found for main
116   |Info:    [ResourceManager] Initializing HID interfaces: Success
116   |Info:    ------------------------------------------------------
116   |Info:    |               Start device detection               |
116   |Info:    ------------------------------------------------------
120   |Info:    ------------------------------------------------------
120   |Info:    |             Detecting I2C interfaces               |
120   |Info:    ------------------------------------------------------
151   |Info:    [ResourceManager] Registering I2C interface: /dev/i2c-3 Device 1002:747E Subsystem: 1458:2413
151   |Info:    [ResourceManager] Registering I2C interface: /dev/i2c-10 Device 1002:164E Subsystem: 1462:7E26
151   |Info:    [ResourceManager] Registering I2C interface: /dev/i2c-1 Device 1002:747E Subsystem: 1458:2413
151   |Info:    [ResourceManager] Registering I2C interface: /dev/i2c-17 Device 1022:790B Subsystem: 1462:7E26
151   |Warning: [i2c_smbus_linux] Failed to read i2c device PCI device ID
151   |Info:    [ResourceManager] Registering I2C interface: /dev/i2c-8 Device 0000:0000 Subsystem: 0000:0000
151   |Warning: [i2c_smbus_linux] Failed to read i2c device PCI device ID
151   |Info:    [ResourceManager] Registering I2C interface: /dev/i2c-15 Device 0000:0000 Subsystem: 0000:0000
151   |Info:    [ResourceManager] Registering I2C interface: /dev/i2c-6 Device 1002:747E Subsystem: 1458:2413
151   |Warning: [i2c_smbus_linux] Failed to read i2c device PCI device ID
151   |Info:    [ResourceManager] Registering I2C interface: /dev/i2c-13 Device 0000:0000 Subsystem: 0000:0000
151   |Info:    [ResourceManager] Registering I2C interface: /dev/i2c-4 Device 1002:747E Subsystem: 1458:2413
151   |Info:    [ResourceManager] Registering I2C interface: /dev/i2c-11 Device 1002:164E Subsystem: 1462:7E26
151   |Info:    [ResourceManager] Registering I2C interface: /dev/i2c-2 Device 1002:747E Subsystem: 1458:2413
151   |Info:    [ResourceManager] Registering I2C interface: /dev/i2c-0 Device 0000:0000 Subsystem: 0000:0000
151   |Info:    [ResourceManager] Registering I2C interface: /dev/i2c-18 Device 1022:790B Subsystem: 1462:7E26
152   |Info:    [ResourceManager] Registering I2C interface: /dev/i2c-9 Device 1002:164E Subsystem: 1462:7E26
152   |Info:    [ResourceManager] Registering I2C interface: /dev/i2c-16 Device 1022:790B Subsystem: 1462:7E26
152   |Warning: [i2c_smbus_linux] Failed to read i2c device PCI device ID
152   |Info:    [ResourceManager] Registering I2C interface: /dev/i2c-7 Device 0000:0000 Subsystem: 0000:0000
152   |Warning: [i2c_smbus_linux] Failed to read i2c device PCI device ID
152   |Info:    [ResourceManager] Registering I2C interface: /dev/i2c-14 Device 0000:0000 Subsystem: 0000:0000
152   |Info:    [ResourceManager] Registering I2C interface: /dev/i2c-5 Device 1002:747E Subsystem: 1458:2413
152   |Info:    [ResourceManager] Registering I2C interface: /dev/i2c-12 Device 1002:164E Subsystem: 1462:7E26
152   |Info:    ------------------------------------------------------
152   |Info:    |               Detecting I2C devices                |
152   |Info:    ------------------------------------------------------
1202  |Info:    ------------------------------------------------------
1202  |Info:    |            Detecting I2C DIMM modules              |
1202  |Info:    ------------------------------------------------------
1335  |Info:    ------------------------------------------------------
1335  |Info:    |               Detecting I2C PCI devices            |
1335  |Info:    ------------------------------------------------------
1518  |Info:    ------------------------------------------------------
1518  |Info:    |               Detecting HID devices                |
1518  |Info:    ------------------------------------------------------
1584  |Info:    [MSI PRO B650-S WIFI (MS-7E26)] Registering RGB controller
1584  |Info:    ------------------------------------------------------
1584  |Info:    |            Detecting libusb HID devices            |
1584  |Info:    ------------------------------------------------------
1604  |Info:    ------------------------------------------------------
1604  |Info:    |              Detecting other devices               |
1604  |Info:    ------------------------------------------------------
1713  |Info:    [ResourceManager] Calling Post-detection callbacks
1713  |Info:    ------------------------------------------------------
1713  |Info:    |                Detection completed                 |
1713  |Info:    ------------------------------------------------------
1775  |Warning: [PluginManager] Plugin /home/vearnx/.config/OpenRGB/plugins/OpenRGBEffectsPlugin_0.9_Bookworm_64_f1411e1.so has an incompatible API version
1775  |Warning: [PluginManager] Plugin /home/vearnx/.config/OpenRGB/plugins/OpenRGBEffectsPlugin_0.9_Bookworm_64_f1411e1.so cannot be unloaded
