    OpenRGB v0.9+ (git1846)
    Commit: 476f81d5e89766e29a8a30cb98f1d8271fc3e296 from 2026-02-09 07:39:40 -0600
    Launched: 20260212_183922
====================================================================================================

1     |Info:    [ProfileManager] Found file: Skibbidi.orp attempting to validate header
1     |Info:    [ProfileManager] Valid v5 profile found for Skibbidi
1     |Info:    [ProfileManager] Found file: main.orp attempting to validate header
1     |Info:    [ProfileManager] Valid v5 profile found for main
59    |Info:    [ResourceManager] Initializing HID interfaces: Success
59    |Info:    ------------------------------------------------------
59    |Info:    |               Start device detection               |
59    |Info:    ------------------------------------------------------
69    |Info:    ------------------------------------------------------
69    |Info:    |             Detecting I2C interfaces               |
69    |Info:    ------------------------------------------------------
69    |Info:    [ResourceManager] Registering I2C interface: AMDGPU DM i2c hw bus 0 (/dev/i2c-3) Device 1002:747E Subsystem: 1458:2413
69    |Info:    [ResourceManager] Registering I2C interface: AMDGPU DM i2c hw bus 0 (/dev/i2c-10) Device 1002:164E Subsystem: 1462:7E26
69    |Info:    [ResourceManager] Registering I2C interface: AMDGPU SMU 0 (/dev/i2c-1) Device 1002:747E Subsystem: 1458:2413
69    |Info:    [ResourceManager] Registering I2C interface: SMBus PIIX4 adapter port 1 at 0b20 (/dev/i2c-19) Device 1022:790B Subsystem: 1462:7E26
69    |Info:    [ResourceManager] Registering I2C interface: SMBus PIIX4 adapter port 0 at 0b00 (/dev/i2c-17) Device 1022:790B Subsystem: 1462:7E26
69    |Warning: [i2c_smbus_linux] Failed to read i2c device PCI device ID
69    |Info:    [ResourceManager] Registering I2C interface: AMDGPU DM aux hw bus 1 (/dev/i2c-8) Device 0000:0000 Subsystem: 0000:0000
69    |Warning: [i2c_smbus_linux] Failed to read i2c device PCI device ID
69    |Info:    [ResourceManager] Registering I2C interface: AMDGPU DM aux hw bus 2 (/dev/i2c-15) Device 0000:0000 Subsystem: 0000:0000
69    |Info:    [ResourceManager] Registering I2C interface: AMDGPU DM i2c hw bus 3 (/dev/i2c-6) Device 1002:747E Subsystem: 1458:2413
70    |Info:    [ResourceManager] Registering I2C interface: AMDGPU DM i2c hw bus 3 (/dev/i2c-13) Device 1002:164E Subsystem: 1462:7E26
70    |Info:    [ResourceManager] Registering I2C interface: AMDGPU DM i2c hw bus 1 (/dev/i2c-4) Device 1002:747E Subsystem: 1458:2413
70    |Info:    [ResourceManager] Registering I2C interface: AMDGPU DM i2c hw bus 1 (/dev/i2c-11) Device 1002:164E Subsystem: 1462:7E26
70    |Info:    [ResourceManager] Registering I2C interface: AMDGPU SMU 1 (/dev/i2c-2) Device 1002:747E Subsystem: 1458:2413
70    |Info:    [ResourceManager] Registering I2C interface: Synopsys DesignWare I2C adapter (/dev/i2c-0) Device 0000:0000 Subsystem: 0000:0000
70    |Info:    [ResourceManager] Registering I2C interface: SMBus PIIX4 adapter port 2 at 0b00 (/dev/i2c-18) Device 1022:790B Subsystem: 1462:7E26
70    |Warning: [i2c_smbus_linux] Failed to read i2c device PCI device ID
70    |Info:    [ResourceManager] Registering I2C interface: AMDGPU DM aux hw bus 2 (/dev/i2c-9) Device 0000:0000 Subsystem: 0000:0000
70    |Warning: [i2c_smbus_linux] Failed to read i2c device PCI device ID
70    |Info:    [ResourceManager] Registering I2C interface: AMDGPU DM aux hw bus 3 (/dev/i2c-16) Device 0000:0000 Subsystem: 0000:0000
70    |Info:    [ResourceManager] Registering I2C interface: AMDGPU DM i2c OEM bus (/dev/i2c-7) Device 1002:747E Subsystem: 1458:2413
70    |Warning: [i2c_smbus_linux] Failed to read i2c device PCI device ID
70    |Info:    [ResourceManager] Registering I2C interface: AMDGPU DM aux hw bus 1 (/dev/i2c-14) Device 0000:0000 Subsystem: 0000:0000
70    |Info:    [ResourceManager] Registering I2C interface: AMDGPU DM i2c hw bus 2 (/dev/i2c-5) Device 1002:747E Subsystem: 1458:2413
70    |Info:    [ResourceManager] Registering I2C interface: AMDGPU DM i2c hw bus 2 (/dev/i2c-12) Device 1002:164E Subsystem: 1462:7E26
70    |Info:    ------------------------------------------------------
70    |Info:    |               Detecting I2C devices                |
70    |Info:    ------------------------------------------------------
1127  |Info:    ------------------------------------------------------
1127  |Info:    |            Detecting I2C DIMM modules              |
1127  |Info:    ------------------------------------------------------
2135  |Info:    [ResourceManager] Detected occupied slot 2, bus 4, type DDR5
3071  |Info:    [ResourceManager] Detected occupied slot 4, bus 4, type DDR5
3138  |Info:    ------------------------------------------------------
3138  |Info:    |               Detecting I2C PCI devices            |
3138  |Info:    ------------------------------------------------------
3142  |Info:    [Gigabyte Radeon RX 7800 XT GAMING OC] Registering RGB controller
3142  |Info:    ------------------------------------------------------
3142  |Info:    |               Detecting HID devices                |
3142  |Info:    ------------------------------------------------------
3210  |Info:    [MSI PRO B650-S WIFI (MS-7E26)] Registering RGB controller
3210  |Info:    ------------------------------------------------------
3210  |Info:    |            Detecting libusb HID devices            |
3210  |Info:    ------------------------------------------------------
3233  |Info:    ------------------------------------------------------
3233  |Info:    |              Detecting other devices               |
3233  |Info:    ------------------------------------------------------
3253  |Info:    [ResourceManager] Calling Post-detection callbacks
3253  |Info:    ------------------------------------------------------
3253  |Info:    |                Detection completed                 |
3253  |Info:    ------------------------------------------------------
3259  |Warning: [PluginManager] Plugin /home/vearnx/.config/OpenRGB/plugins/OpenRGBEffectsPlugin_0.9_Bookworm_64_f1411e1.so has an incompatible API version
3259  |Warning: [PluginManager] Plugin /home/vearnx/.config/OpenRGB/plugins/OpenRGBEffectsPlugin_0.9_Bookworm_64_f1411e1.so cannot be unloaded
