    OpenRGB v0.9+ (git1854)
    Commit: f33a7ba8708190f1a08b9118d88fb8d82571eadf from 2026-02-22 17:19:18 -0600
    Launched: 20260309_151047
====================================================================================================

0     |Info:    [ProfileManager] Found file: Skibbidi.orp attempting to validate header
0     |Info:    [ProfileManager] Valid v5 profile found for Skibbidi
0     |Info:    [ProfileManager] Found file: main.orp attempting to validate header
0     |Info:    [ProfileManager] Valid v5 profile found for main
56    |Info:    [ResourceManager] Initializing HID interfaces: Success
56    |Info:    ------------------------------------------------------
56    |Info:    |               Start device detection               |
56    |Info:    ------------------------------------------------------
65    |Info:    ------------------------------------------------------
65    |Info:    |             Detecting I2C interfaces               |
65    |Info:    ------------------------------------------------------
65    |Info:    [ResourceManager] Registering I2C interface: AMDGPU DM i2c hw bus 0 (/dev/i2c-3) Device 1002:747E Subsystem: 1458:2413
66    |Info:    [ResourceManager] Registering I2C interface: AMDGPU DM i2c hw bus 0 (/dev/i2c-10) Device 1002:164E Subsystem: 1462:7E26
66    |Info:    [ResourceManager] Registering I2C interface: AMDGPU SMU 0 (/dev/i2c-1) Device 1002:747E Subsystem: 1458:2413
66    |Info:    [ResourceManager] Registering I2C interface: SMBus PIIX4 adapter port 1 at 0b20 (/dev/i2c-19) Device 1022:790B Subsystem: 1462:7E26
66    |Info:    [ResourceManager] Registering I2C interface: SMBus PIIX4 adapter port 0 at 0b00 (/dev/i2c-17) Device 1022:790B Subsystem: 1462:7E26
66    |Warning: [i2c_smbus_linux] Failed to read i2c device PCI device ID
66    |Info:    [ResourceManager] Registering I2C interface: AMDGPU DM aux hw bus 1 (/dev/i2c-8) Device 0000:0000 Subsystem: 0000:0000
66    |Warning: [i2c_smbus_linux] Failed to read i2c device PCI device ID
66    |Info:    [ResourceManager] Registering I2C interface: AMDGPU DM aux hw bus 2 (/dev/i2c-15) Device 0000:0000 Subsystem: 0000:0000
66    |Info:    [ResourceManager] Registering I2C interface: AMDGPU DM i2c hw bus 3 (/dev/i2c-6) Device 1002:747E Subsystem: 1458:2413
66    |Info:    [ResourceManager] Registering I2C interface: AMDGPU DM i2c hw bus 3 (/dev/i2c-13) Device 1002:164E Subsystem: 1462:7E26
66    |Info:    [ResourceManager] Registering I2C interface: AMDGPU DM i2c hw bus 1 (/dev/i2c-4) Device 1002:747E Subsystem: 1458:2413
66    |Info:    [ResourceManager] Registering I2C interface: AMDGPU DM i2c hw bus 1 (/dev/i2c-11) Device 1002:164E Subsystem: 1462:7E26
66    |Info:    [ResourceManager] Registering I2C interface: AMDGPU SMU 1 (/dev/i2c-2) Device 1002:747E Subsystem: 1458:2413
66    |Info:    [ResourceManager] Registering I2C interface: Synopsys DesignWare I2C adapter (/dev/i2c-0) Device 0000:0000 Subsystem: 0000:0000
66    |Info:    [ResourceManager] Registering I2C interface: SMBus PIIX4 adapter port 2 at 0b00 (/dev/i2c-18) Device 1022:790B Subsystem: 1462:7E26
66    |Warning: [i2c_smbus_linux] Failed to read i2c device PCI device ID
66    |Info:    [ResourceManager] Registering I2C interface: AMDGPU DM aux hw bus 2 (/dev/i2c-9) Device 0000:0000 Subsystem: 0000:0000
66    |Warning: [i2c_smbus_linux] Failed to read i2c device PCI device ID
66    |Info:    [ResourceManager] Registering I2C interface: AMDGPU DM aux hw bus 3 (/dev/i2c-16) Device 0000:0000 Subsystem: 0000:0000
66    |Info:    [ResourceManager] Registering I2C interface: AMDGPU DM i2c OEM bus (/dev/i2c-7) Device 1002:747E Subsystem: 1458:2413
66    |Warning: [i2c_smbus_linux] Failed to read i2c device PCI device ID
66    |Info:    [ResourceManager] Registering I2C interface: AMDGPU DM aux hw bus 1 (/dev/i2c-14) Device 0000:0000 Subsystem: 0000:0000
66    |Info:    [ResourceManager] Registering I2C interface: AMDGPU DM i2c hw bus 2 (/dev/i2c-5) Device 1002:747E Subsystem: 1458:2413
66    |Info:    [ResourceManager] Registering I2C interface: AMDGPU DM i2c hw bus 2 (/dev/i2c-12) Device 1002:164E Subsystem: 1462:7E26
66    |Info:    ------------------------------------------------------
66    |Info:    |               Detecting I2C devices                |
66    |Info:    ------------------------------------------------------
1073  |Info:    ------------------------------------------------------
1073  |Info:    |            Detecting I2C DIMM modules              |
1073  |Info:    ------------------------------------------------------
2005  |Info:    [ResourceManager] Detected occupied slot 2, bus 4, type DDR5
2890  |Info:    [ResourceManager] Detected occupied slot 4, bus 4, type DDR5
2954  |Info:    ------------------------------------------------------
2954  |Info:    |               Detecting I2C PCI devices            |
2954  |Info:    ------------------------------------------------------
2956  |Info:    [Gigabyte Radeon RX 7800 XT GAMING OC] Registering RGB controller
2956  |Info:    ------------------------------------------------------
2956  |Info:    |               Detecting HID devices                |
2956  |Info:    ------------------------------------------------------
3022  |Info:    [MSI PRO B650-S WIFI (MS-7E26)] Registering RGB controller
3022  |Info:    ------------------------------------------------------
3022  |Info:    |            Detecting libusb HID devices            |
3022  |Info:    ------------------------------------------------------
3033  |Info:    ------------------------------------------------------
3033  |Info:    |              Detecting other devices               |
3033  |Info:    ------------------------------------------------------
3050  |Info:    [ResourceManager] Calling Post-detection callbacks
3050  |Info:    ------------------------------------------------------
3050  |Info:    |                Detection completed                 |
3050  |Info:    ------------------------------------------------------
3051  |Info:    [ProfileManager] Profile loading: Succeeded for Gigabyte Radeon RX 7800 XT GAMING OC @ I2C: AMDGPU DM i2c OEM bus (/dev/i2c-7), address 0x62
3051  |Info:    [ProfileManager] Profile loading: Succeeded for MSI PRO B650-S WIFI (MS-7E26) @ HID: /dev/hidraw1
