    OpenRGB v0.9+ (git1290)
    Commit: 45af044cd84032b9a9b5865cb5e12aa2cd98c47e from 2025-04-13 13:42:14 -0500
    Launched: 20250516_220454
====================================================================================================

27    |Info:    [ProfileManager] Found file: Skibbidi.orp attempting to validate header
37    |Info:    [ProfileManager] Valid v5 profile found for Skibbidi
37    |Info:    [ProfileManager] Found file: main.orp attempting to validate header
41    |Info:    [ProfileManager] Valid v5 profile found for main
100   |Info:    [ResourceManager] Initializing HID interfaces: Success
100   |Info:    ------------------------------------------------------
100   |Info:    |               Start device detection               |
100   |Info:    ------------------------------------------------------
100   |Info:    ------------------------------------------------------
100   |Info:    |             Detecting I2C interfaces               |
100   |Info:    ------------------------------------------------------
105   |Info:    [ResourceManager] Registering I2C interface: /dev/i2c-3 Device 8086:46A3 Subsystem: 103C:8A4F
105   |Info:    [ResourceManager] Registering I2C interface: /dev/i2c-10 Device 8086:46A3 Subsystem: 103C:8A4F
105   |Info:    [ResourceManager] Registering I2C interface: /dev/i2c-1 Device 0000:0000 Subsystem: 0000:0000
105   |Warning: [i2c_smbus_linux] Failed to read i2c device PCI device ID
105   |Info:    [ResourceManager] Registering I2C interface: /dev/i2c-17 Device 0000:0000 Subsystem: 0000:0000
105   |Info:    [ResourceManager] Registering I2C interface: /dev/i2c-8 Device 8086:46A3 Subsystem: 103C:8A4F
105   |Warning: [i2c_smbus_linux] Failed to read i2c device PCI device ID
105   |Info:    [ResourceManager] Registering I2C interface: /dev/i2c-15 Device 0000:0000 Subsystem: 0000:0000
105   |Info:    [ResourceManager] Registering I2C interface: /dev/i2c-6 Device 8086:46A3 Subsystem: 103C:8A4F
105   |Warning: [i2c_smbus_linux] Failed to read i2c device PCI device ID
105   |Info:    [ResourceManager] Registering I2C interface: /dev/i2c-13 Device 0000:0000 Subsystem: 0000:0000
105   |Info:    [ResourceManager] Registering I2C interface: /dev/i2c-4 Device 8086:46A3 Subsystem: 103C:8A4F
105   |Info:    [ResourceManager] Registering I2C interface: /dev/i2c-11 Device 10DE:25A0 Subsystem: 103C:8A4F
105   |Info:    [ResourceManager] Registering I2C interface: /dev/i2c-2 Device 8086:46A3 Subsystem: 103C:8A4F
105   |Info:    [ResourceManager] Registering I2C interface: /dev/i2c-0 Device 8086:51A3 Subsystem: 103C:8A4F
105   |Info:    [ResourceManager] Registering I2C interface: /dev/i2c-9 Device 8086:46A3 Subsystem: 103C:8A4F
105   |Info:    [ResourceManager] Registering I2C interface: /dev/i2c-ELAN0788:00 Device 0000:0000 Subsystem: 0000:0000
105   |Warning: [i2c_smbus_linux] Failed to read i2c device PCI device ID
105   |Info:    [ResourceManager] Registering I2C interface: /dev/i2c-16 Device 0000:0000 Subsystem: 0000:0000
105   |Info:    [ResourceManager] Registering I2C interface: /dev/i2c-7 Device 8086:46A3 Subsystem: 103C:8A4F
105   |Warning: [i2c_smbus_linux] Failed to read i2c device PCI device ID
105   |Info:    [ResourceManager] Registering I2C interface: /dev/i2c-14 Device 0000:0000 Subsystem: 0000:0000
106   |Info:    [ResourceManager] Registering I2C interface: /dev/i2c-5 Device 8086:46A3 Subsystem: 103C:8A4F
106   |Info:    [ResourceManager] Registering I2C interface: /dev/i2c-12 Device 10DE:25A0 Subsystem: 103C:8A4F
106   |Info:    ------------------------------------------------------
106   |Info:    |               Detecting I2C devices                |
106   |Info:    ------------------------------------------------------
147   |Info:    ------------------------------------------------------
147   |Info:    |            Detecting I2C DIMM modules              |
147   |Info:    ------------------------------------------------------
147   |Info:    ------------------------------------------------------
147   |Info:    |               Detecting I2C PCI devices            |
147   |Info:    ------------------------------------------------------
147   |Info:    ------------------------------------------------------
147   |Info:    |               Detecting HID devices                |
147   |Info:    ------------------------------------------------------
147   |Info:    ------------------------------------------------------
147   |Info:    |            Detecting libusb HID devices            |
147   |Info:    ------------------------------------------------------
154   |Info:    ------------------------------------------------------
154   |Info:    |              Detecting other devices               |
154   |Info:    ------------------------------------------------------
174   |Info:    [ResourceManager] Calling Post-detection callbacks
174   |Info:    ------------------------------------------------------
174   |Info:    |                Detection completed                 |
174   |Info:    ------------------------------------------------------
174   |Dialog:  <h2>Some internal devices may not be detected:</h2><p>One or more I2C or SMBus interfaces failed to initialize.</p><p><b>RGB DRAM modules, some motherboards' onboard RGB lighting, and RGB Graphics Cards, will not be available in OpenRGB</b> without I2C or SMBus.</p><h4>How to fix this:</h4><p>On Linux, this is usually because the i2c-dev module is not loaded.</p><p>You must load the i2c-dev module along with the correct i2c driver for your motherboard. This is usually i2c-piix4 for AMD systems and i2c-i801 for Intel systems.</p><p>See <a href='https://help.openrgb.org/'>help.openrgb.org</a> for additional troubleshooting steps if you keep seeing this message.<br></p><h3>If you are not using internal RGB on a desktop this message is not important to you.</h3>
198   |Warning: [PluginManager] Plugin /home/vearnx/.config/OpenRGB/plugins/OpenRGBEffectsPlugin_0.9_Bookworm_64_f1411e1.so has an incompatible API version
198   |Warning: [PluginManager] Plugin /home/vearnx/.config/OpenRGB/plugins/OpenRGBEffectsPlugin_0.9_Bookworm_64_f1411e1.so cannot be unloaded
