    OpenRGB v0.9+ (git1290)
    Commit: 45af044cd84032b9a9b5865cb5e12aa2cd98c47e from 2025-04-13 13:42:14 -0500
    Launched: 20250606_234732
====================================================================================================

5     |Info:    [ProfileManager] Found file: Skibbidi.orp attempting to validate header
8     |Info:    [ProfileManager] Valid v5 profile found for Skibbidi
8     |Info:    [ProfileManager] Found file: main.orp attempting to validate header
10    |Info:    [ProfileManager] Valid v5 profile found for main
64    |Info:    [ResourceManager] Initializing HID interfaces: Success
64    |Info:    ------------------------------------------------------
64    |Info:    |               Start device detection               |
64    |Info:    ------------------------------------------------------
67    |Info:    ------------------------------------------------------
67    |Info:    |             Detecting I2C interfaces               |
67    |Info:    ------------------------------------------------------
75    |Info:    [ResourceManager] Registering I2C interface: /dev/i2c-3 Device 1002:747E Subsystem: 1458:2413
75    |Info:    [ResourceManager] Registering I2C interface: /dev/i2c-10 Device 1002:164E Subsystem: 1462:7E26
75    |Info:    [ResourceManager] Registering I2C interface: /dev/i2c-1 Device 1002:747E Subsystem: 1458:2413
75    |Info:    [ResourceManager] Registering I2C interface: /dev/i2c-17 Device 1022:790B Subsystem: 1462:7E26
75    |Warning: [i2c_smbus_linux] Failed to read i2c device PCI device ID
75    |Info:    [ResourceManager] Registering I2C interface: /dev/i2c-8 Device 0000:0000 Subsystem: 0000:0000
75    |Warning: [i2c_smbus_linux] Failed to read i2c device PCI device ID
75    |Info:    [ResourceManager] Registering I2C interface: /dev/i2c-15 Device 0000:0000 Subsystem: 0000:0000
75    |Info:    [ResourceManager] Registering I2C interface: /dev/i2c-6 Device 1002:747E Subsystem: 1458:2413
75    |Warning: [i2c_smbus_linux] Failed to read i2c device PCI device ID
75    |Info:    [ResourceManager] Registering I2C interface: /dev/i2c-13 Device 0000:0000 Subsystem: 0000:0000
75    |Info:    [ResourceManager] Registering I2C interface: /dev/i2c-4 Device 1002:747E Subsystem: 1458:2413
75    |Info:    [ResourceManager] Registering I2C interface: /dev/i2c-11 Device 1002:164E Subsystem: 1462:7E26
75    |Info:    [ResourceManager] Registering I2C interface: /dev/i2c-2 Device 1002:747E Subsystem: 1458:2413
75    |Info:    [ResourceManager] Registering I2C interface: /dev/i2c-0 Device 0000:0000 Subsystem: 0000:0000
75    |Info:    [ResourceManager] Registering I2C interface: /dev/i2c-18 Device 1022:790B Subsystem: 1462:7E26
75    |Info:    [ResourceManager] Registering I2C interface: /dev/i2c-9 Device 1002:164E Subsystem: 1462:7E26
75    |Info:    [ResourceManager] Registering I2C interface: /dev/i2c-16 Device 1022:790B Subsystem: 1462:7E26
75    |Warning: [i2c_smbus_linux] Failed to read i2c device PCI device ID
76    |Info:    [ResourceManager] Registering I2C interface: /dev/i2c-7 Device 0000:0000 Subsystem: 0000:0000
76    |Warning: [i2c_smbus_linux] Failed to read i2c device PCI device ID
76    |Info:    [ResourceManager] Registering I2C interface: /dev/i2c-14 Device 0000:0000 Subsystem: 0000:0000
76    |Info:    [ResourceManager] Registering I2C interface: /dev/i2c-5 Device 1002:747E Subsystem: 1458:2413
76    |Info:    [ResourceManager] Registering I2C interface: /dev/i2c-12 Device 1002:164E Subsystem: 1462:7E26
76    |Info:    ------------------------------------------------------
76    |Info:    |               Detecting I2C devices                |
76    |Info:    ------------------------------------------------------
1119  |Info:    ------------------------------------------------------
1119  |Info:    |            Detecting I2C DIMM modules              |
1119  |Info:    ------------------------------------------------------
1255  |Info:    ------------------------------------------------------
1255  |Info:    |               Detecting I2C PCI devices            |
1255  |Info:    ------------------------------------------------------
1430  |Info:    ------------------------------------------------------
1430  |Info:    |               Detecting HID devices                |
1430  |Info:    ------------------------------------------------------
1497  |Info:    [MSI PRO B650-S WIFI (MS-7E26)] Registering RGB controller
1497  |Info:    ------------------------------------------------------
1497  |Info:    |            Detecting libusb HID devices            |
1497  |Info:    ------------------------------------------------------
1535  |Info:    ------------------------------------------------------
1535  |Info:    |              Detecting other devices               |
1535  |Info:    ------------------------------------------------------
1666  |Info:    [ResourceManager] Calling Post-detection callbacks
1666  |Info:    ------------------------------------------------------
1666  |Info:    |                Detection completed                 |
1666  |Info:    ------------------------------------------------------
1694  |Warning: [PluginManager] Plugin /home/vearnx/.config/OpenRGB/plugins/OpenRGBEffectsPlugin_0.9_Bookworm_64_f1411e1.so has an incompatible API version
1694  |Warning: [PluginManager] Plugin /home/vearnx/.config/OpenRGB/plugins/OpenRGBEffectsPlugin_0.9_Bookworm_64_f1411e1.so cannot be unloaded
