    OpenRGB v0.9+ (git1290)
    Commit: 45af044cd84032b9a9b5865cb5e12aa2cd98c47e from 2025-04-13 13:42:14 -0500
    Launched: 20250616_220208
====================================================================================================

51    |Info:    [ProfileManager] Found file: Skibbidi.orp attempting to validate header
96    |Info:    [ProfileManager] Valid v5 profile found for Skibbidi
96    |Info:    [ProfileManager] Found file: main.orp attempting to validate header
99    |Info:    [ProfileManager] Valid v5 profile found for main
174   |Info:    [ResourceManager] Initializing HID interfaces: Success
174   |Info:    ------------------------------------------------------
174   |Info:    |               Start device detection               |
174   |Info:    ------------------------------------------------------
178   |Info:    ------------------------------------------------------
178   |Info:    |             Detecting I2C interfaces               |
178   |Info:    ------------------------------------------------------
178   |Info:    [ResourceManager] Registering I2C interface: /dev/i2c-3 Device 1002:747E Subsystem: 1458:2413
178   |Info:    [ResourceManager] Registering I2C interface: /dev/i2c-10 Device 1002:164E Subsystem: 1462:7E26
178   |Info:    [ResourceManager] Registering I2C interface: /dev/i2c-1 Device 1002:747E Subsystem: 1458:2413
178   |Info:    [ResourceManager] Registering I2C interface: /dev/i2c-19 Device 1022:790B Subsystem: 1462:7E26
178   |Info:    [ResourceManager] Registering I2C interface: /dev/i2c-17 Device 1022:790B Subsystem: 1462:7E26
178   |Warning: [i2c_smbus_linux] Failed to read i2c device PCI device ID
178   |Info:    [ResourceManager] Registering I2C interface: /dev/i2c-8 Device 0000:0000 Subsystem: 0000:0000
178   |Warning: [i2c_smbus_linux] Failed to read i2c device PCI device ID
178   |Info:    [ResourceManager] Registering I2C interface: /dev/i2c-15 Device 0000:0000 Subsystem: 0000:0000
179   |Info:    [ResourceManager] Registering I2C interface: /dev/i2c-6 Device 1002:747E Subsystem: 1458:2413
179   |Info:    [ResourceManager] Registering I2C interface: /dev/i2c-13 Device 1002:164E Subsystem: 1462:7E26
179   |Info:    [ResourceManager] Registering I2C interface: /dev/i2c-4 Device 1002:747E Subsystem: 1458:2413
179   |Info:    [ResourceManager] Registering I2C interface: /dev/i2c-11 Device 1002:164E Subsystem: 1462:7E26
179   |Info:    [ResourceManager] Registering I2C interface: /dev/i2c-2 Device 1002:747E Subsystem: 1458:2413
179   |Info:    [ResourceManager] Registering I2C interface: /dev/i2c-0 Device 0000:0000 Subsystem: 0000:0000
179   |Info:    [ResourceManager] Registering I2C interface: /dev/i2c-18 Device 1022:790B Subsystem: 1462:7E26
179   |Warning: [i2c_smbus_linux] Failed to read i2c device PCI device ID
179   |Info:    [ResourceManager] Registering I2C interface: /dev/i2c-9 Device 0000:0000 Subsystem: 0000:0000
179   |Warning: [i2c_smbus_linux] Failed to read i2c device PCI device ID
179   |Info:    [ResourceManager] Registering I2C interface: /dev/i2c-16 Device 0000:0000 Subsystem: 0000:0000
179   |Info:    [ResourceManager] Registering I2C interface: /dev/i2c-7 Device 1002:747E Subsystem: 1458:2413
179   |Warning: [i2c_smbus_linux] Failed to read i2c device PCI device ID
179   |Info:    [ResourceManager] Registering I2C interface: /dev/i2c-14 Device 0000:0000 Subsystem: 0000:0000
179   |Info:    [ResourceManager] Registering I2C interface: /dev/i2c-5 Device 1002:747E Subsystem: 1458:2413
179   |Info:    [ResourceManager] Registering I2C interface: /dev/i2c-12 Device 1002:164E Subsystem: 1462:7E26
179   |Info:    ------------------------------------------------------
179   |Info:    |               Detecting I2C devices                |
179   |Info:    ------------------------------------------------------
1231  |Info:    ------------------------------------------------------
1231  |Info:    |            Detecting I2C DIMM modules              |
1231  |Info:    ------------------------------------------------------
1365  |Info:    ------------------------------------------------------
1365  |Info:    |               Detecting I2C PCI devices            |
1365  |Info:    ------------------------------------------------------
1482  |Info:    [Gigabyte Radeon RX 7800 XT GAMING OC] Registering RGB controller
1552  |Info:    ------------------------------------------------------
1552  |Info:    |               Detecting HID devices                |
1552  |Info:    ------------------------------------------------------
1619  |Info:    [MSI PRO B650-S WIFI (MS-7E26)] Registering RGB controller
1619  |Info:    ------------------------------------------------------
1619  |Info:    |            Detecting libusb HID devices            |
1619  |Info:    ------------------------------------------------------
1663  |Info:    ------------------------------------------------------
1663  |Info:    |              Detecting other devices               |
1663  |Info:    ------------------------------------------------------
1833  |Info:    [ResourceManager] Calling Post-detection callbacks
1833  |Info:    ------------------------------------------------------
1833  |Info:    |                Detection completed                 |
1833  |Info:    ------------------------------------------------------
2134  |Warning: [PluginManager] Plugin /home/vearnx/.config/OpenRGB/plugins/OpenRGBEffectsPlugin_0.9_Bookworm_64_f1411e1.so has an incompatible API version
2134  |Warning: [PluginManager] Plugin /home/vearnx/.config/OpenRGB/plugins/OpenRGBEffectsPlugin_0.9_Bookworm_64_f1411e1.so cannot be unloaded
