    OpenRGB v0.9+ (git1290)
    Commit: 45af044cd84032b9a9b5865cb5e12aa2cd98c47e from 2025-04-13 13:42:14 -0500
    Launched: 20250416_192513
====================================================================================================

1     |Info:    [ProfileManager] Found file: Skibbidi.orp attempting to validate header
11    |Info:    [ProfileManager] Valid v5 profile found for Skibbidi
11    |Info:    [ProfileManager] Found file: main.orp attempting to validate header
11    |Info:    [ProfileManager] Valid v5 profile found for main
68    |Info:    [ResourceManager] Initializing HID interfaces: Success
68    |Info:    ------------------------------------------------------
68    |Info:    |               Start device detection               |
68    |Info:    ------------------------------------------------------
73    |Info:    ------------------------------------------------------
73    |Info:    |             Detecting I2C interfaces               |
73    |Info:    ------------------------------------------------------
73    |Info:    [ResourceManager] Registering I2C interface: /dev/i2c-3 Device 1002:747E Subsystem: 1458:2413
73    |Info:    [ResourceManager] Registering I2C interface: /dev/i2c-10 Device 1002:164E Subsystem: 1462:7E26
73    |Info:    [ResourceManager] Registering I2C interface: /dev/i2c-1 Device 1002:747E Subsystem: 1458:2413
73    |Info:    [ResourceManager] Registering I2C interface: /dev/i2c-17 Device 1022:790B Subsystem: 1462:7E26
73    |Info:    [ResourceManager] Registering I2C interface: /dev/i2c-8 Device 1002:164E Subsystem: 1462:7E26
73    |Info:    [ResourceManager] Registering I2C interface: /dev/i2c-15 Device 1022:790B Subsystem: 1462:7E26
73    |Warning: [i2c_smbus_linux] Failed to read i2c device PCI device ID
73    |Info:    [ResourceManager] Registering I2C interface: /dev/i2c-6 Device 0000:0000 Subsystem: 0000:0000
73    |Warning: [i2c_smbus_linux] Failed to read i2c device PCI device ID
73    |Info:    [ResourceManager] Registering I2C interface: /dev/i2c-13 Device 0000:0000 Subsystem: 0000:0000
73    |Info:    [ResourceManager] Registering I2C interface: /dev/i2c-4 Device 1002:747E Subsystem: 1458:2413
73    |Info:    [ResourceManager] Registering I2C interface: /dev/i2c-11 Device 1002:164E Subsystem: 1462:7E26
73    |Info:    [ResourceManager] Registering I2C interface: /dev/i2c-2 Device 1002:747E Subsystem: 1458:2413
73    |Info:    [ResourceManager] Registering I2C interface: /dev/i2c-0 Device 1002:747E Subsystem: 1458:2413
73    |Info:    [ResourceManager] Registering I2C interface: /dev/i2c-9 Device 1002:164E Subsystem: 1462:7E26
74    |Info:    [ResourceManager] Registering I2C interface: /dev/i2c-16 Device 1022:790B Subsystem: 1462:7E26
74    |Warning: [i2c_smbus_linux] Failed to read i2c device PCI device ID
74    |Info:    [ResourceManager] Registering I2C interface: /dev/i2c-7 Device 0000:0000 Subsystem: 0000:0000
74    |Warning: [i2c_smbus_linux] Failed to read i2c device PCI device ID
74    |Info:    [ResourceManager] Registering I2C interface: /dev/i2c-14 Device 0000:0000 Subsystem: 0000:0000
74    |Info:    [ResourceManager] Registering I2C interface: /dev/i2c-5 Device 1002:747E Subsystem: 1458:2413
74    |Warning: [i2c_smbus_linux] Failed to read i2c device PCI device ID
74    |Info:    [ResourceManager] Registering I2C interface: /dev/i2c-12 Device 0000:0000 Subsystem: 0000:0000
74    |Info:    ------------------------------------------------------
74    |Info:    |               Detecting I2C devices                |
74    |Info:    ------------------------------------------------------
1128  |Info:    ------------------------------------------------------
1128  |Info:    |            Detecting I2C DIMM modules              |
1128  |Info:    ------------------------------------------------------
1262  |Info:    ------------------------------------------------------
1262  |Info:    |               Detecting I2C PCI devices            |
1262  |Info:    ------------------------------------------------------
1443  |Info:    ------------------------------------------------------
1443  |Info:    |               Detecting HID devices                |
1443  |Info:    ------------------------------------------------------
1508  |Info:    [MSI PRO B650-S WIFI (MS-7E26)] Registering RGB controller
1509  |Info:    ------------------------------------------------------
1509  |Info:    |            Detecting libusb HID devices            |
1509  |Info:    ------------------------------------------------------
1518  |Info:    ------------------------------------------------------
1518  |Info:    |              Detecting other devices               |
1518  |Info:    ------------------------------------------------------
1620  |Info:    [ResourceManager] Calling Post-detection callbacks
1620  |Info:    ------------------------------------------------------
1620  |Info:    |                Detection completed                 |
1620  |Info:    ------------------------------------------------------
1630  |Warning: [PluginManager] Plugin /home/vearnx/.config/OpenRGB/plugins/OpenRGBEffectsPlugin_0.9_Bookworm_64_f1411e1.so has an incompatible API version
1630  |Warning: [PluginManager] Plugin /home/vearnx/.config/OpenRGB/plugins/OpenRGBEffectsPlugin_0.9_Bookworm_64_f1411e1.so cannot be unloaded
