    OpenRGB v0.9+ (git1290)
    Commit: 45af044cd84032b9a9b5865cb5e12aa2cd98c47e from 2025-04-13 13:42:14 -0500
    Launched: 20250604_152239
====================================================================================================

38    |Info:    [ProfileManager] Found file: Skibbidi.orp attempting to validate header
76    |Info:    [ProfileManager] Valid v5 profile found for Skibbidi
76    |Info:    [ProfileManager] Found file: main.orp attempting to validate header
90    |Info:    [ProfileManager] Valid v5 profile found for main
154   |Info:    [ResourceManager] Initializing HID interfaces: Success
154   |Info:    ------------------------------------------------------
154   |Info:    |               Start device detection               |
154   |Info:    ------------------------------------------------------
158   |Info:    ------------------------------------------------------
158   |Info:    |             Detecting I2C interfaces               |
158   |Info:    ------------------------------------------------------
158   |Info:    [ResourceManager] Registering I2C interface: /dev/i2c-3 Device 1002:747E Subsystem: 1458:2413
158   |Info:    [ResourceManager] Registering I2C interface: /dev/i2c-10 Device 1002:164E Subsystem: 1462:7E26
158   |Info:    [ResourceManager] Registering I2C interface: /dev/i2c-1 Device 1002:747E Subsystem: 1458:2413
158   |Info:    [ResourceManager] Registering I2C interface: /dev/i2c-17 Device 1022:790B Subsystem: 1462:7E26
158   |Warning: [i2c_smbus_linux] Failed to read i2c device PCI device ID
158   |Info:    [ResourceManager] Registering I2C interface: /dev/i2c-8 Device 0000:0000 Subsystem: 0000:0000
158   |Warning: [i2c_smbus_linux] Failed to read i2c device PCI device ID
158   |Info:    [ResourceManager] Registering I2C interface: /dev/i2c-15 Device 0000:0000 Subsystem: 0000:0000
158   |Info:    [ResourceManager] Registering I2C interface: /dev/i2c-6 Device 1002:747E Subsystem: 1458:2413
158   |Warning: [i2c_smbus_linux] Failed to read i2c device PCI device ID
158   |Info:    [ResourceManager] Registering I2C interface: /dev/i2c-13 Device 0000:0000 Subsystem: 0000:0000
158   |Info:    [ResourceManager] Registering I2C interface: /dev/i2c-4 Device 1002:747E Subsystem: 1458:2413
158   |Info:    [ResourceManager] Registering I2C interface: /dev/i2c-11 Device 1002:164E Subsystem: 1462:7E26
158   |Info:    [ResourceManager] Registering I2C interface: /dev/i2c-2 Device 1002:747E Subsystem: 1458:2413
158   |Info:    [ResourceManager] Registering I2C interface: /dev/i2c-0 Device 0000:0000 Subsystem: 0000:0000
158   |Info:    [ResourceManager] Registering I2C interface: /dev/i2c-18 Device 1022:790B Subsystem: 1462:7E26
158   |Info:    [ResourceManager] Registering I2C interface: /dev/i2c-9 Device 1002:164E Subsystem: 1462:7E26
158   |Info:    [ResourceManager] Registering I2C interface: /dev/i2c-16 Device 1022:790B Subsystem: 1462:7E26
158   |Warning: [i2c_smbus_linux] Failed to read i2c device PCI device ID
158   |Info:    [ResourceManager] Registering I2C interface: /dev/i2c-7 Device 0000:0000 Subsystem: 0000:0000
159   |Warning: [i2c_smbus_linux] Failed to read i2c device PCI device ID
159   |Info:    [ResourceManager] Registering I2C interface: /dev/i2c-14 Device 0000:0000 Subsystem: 0000:0000
159   |Info:    [ResourceManager] Registering I2C interface: /dev/i2c-5 Device 1002:747E Subsystem: 1458:2413
159   |Info:    [ResourceManager] Registering I2C interface: /dev/i2c-12 Device 1002:164E Subsystem: 1462:7E26
159   |Info:    ------------------------------------------------------
159   |Info:    |               Detecting I2C devices                |
159   |Info:    ------------------------------------------------------
1207  |Info:    ------------------------------------------------------
1207  |Info:    |            Detecting I2C DIMM modules              |
1207  |Info:    ------------------------------------------------------
1351  |Info:    ------------------------------------------------------
1351  |Info:    |               Detecting I2C PCI devices            |
1351  |Info:    ------------------------------------------------------
1531  |Info:    ------------------------------------------------------
1531  |Info:    |               Detecting HID devices                |
1531  |Info:    ------------------------------------------------------
1599  |Info:    [MSI PRO B650-S WIFI (MS-7E26)] Registering RGB controller
1599  |Info:    ------------------------------------------------------
1599  |Info:    |            Detecting libusb HID devices            |
1599  |Info:    ------------------------------------------------------
1618  |Info:    ------------------------------------------------------
1618  |Info:    |              Detecting other devices               |
1618  |Info:    ------------------------------------------------------
1779  |Info:    [ResourceManager] Calling Post-detection callbacks
1779  |Info:    ------------------------------------------------------
1779  |Info:    |                Detection completed                 |
1779  |Info:    ------------------------------------------------------
2070  |Warning: [PluginManager] Plugin /home/vearnx/.config/OpenRGB/plugins/OpenRGBEffectsPlugin_0.9_Bookworm_64_f1411e1.so has an incompatible API version
2070  |Warning: [PluginManager] Plugin /home/vearnx/.config/OpenRGB/plugins/OpenRGBEffectsPlugin_0.9_Bookworm_64_f1411e1.so cannot be unloaded
