    OpenRGB v0.9+ (git1290)
    Commit: 45af044cd84032b9a9b5865cb5e12aa2cd98c47e from 2025-04-13 13:42:14 -0500
    Launched: 20250507_221906
====================================================================================================

11    |Info:    [ProfileManager] Found file: Skibbidi.orp attempting to validate header
20    |Info:    [ProfileManager] Valid v5 profile found for Skibbidi
20    |Info:    [ProfileManager] Found file: main.orp attempting to validate header
29    |Info:    [ProfileManager] Valid v5 profile found for main
84    |Info:    [ResourceManager] Initializing HID interfaces: Success
84    |Info:    ------------------------------------------------------
84    |Info:    |               Start device detection               |
84    |Info:    ------------------------------------------------------
87    |Info:    ------------------------------------------------------
87    |Info:    |             Detecting I2C interfaces               |
87    |Info:    ------------------------------------------------------
133   |Info:    [ResourceManager] Registering I2C interface: /dev/i2c-3 Device 1002:747E Subsystem: 1458:2413
134   |Info:    [ResourceManager] Registering I2C interface: /dev/i2c-10 Device 1002:164E Subsystem: 1462:7E26
134   |Info:    [ResourceManager] Registering I2C interface: /dev/i2c-1 Device 1002:747E Subsystem: 1458:2413
134   |Info:    [ResourceManager] Registering I2C interface: /dev/i2c-17 Device 1022:790B Subsystem: 1462:7E26
134   |Info:    [ResourceManager] Registering I2C interface: /dev/i2c-8 Device 1002:164E Subsystem: 1462:7E26
134   |Info:    [ResourceManager] Registering I2C interface: /dev/i2c-15 Device 1022:790B Subsystem: 1462:7E26
134   |Warning: [i2c_smbus_linux] Failed to read i2c device PCI device ID
134   |Info:    [ResourceManager] Registering I2C interface: /dev/i2c-6 Device 0000:0000 Subsystem: 0000:0000
134   |Warning: [i2c_smbus_linux] Failed to read i2c device PCI device ID
134   |Info:    [ResourceManager] Registering I2C interface: /dev/i2c-13 Device 0000:0000 Subsystem: 0000:0000
134   |Info:    [ResourceManager] Registering I2C interface: /dev/i2c-4 Device 1002:747E Subsystem: 1458:2413
134   |Info:    [ResourceManager] Registering I2C interface: /dev/i2c-11 Device 1002:164E Subsystem: 1462:7E26
134   |Info:    [ResourceManager] Registering I2C interface: /dev/i2c-2 Device 1002:747E Subsystem: 1458:2413
134   |Info:    [ResourceManager] Registering I2C interface: /dev/i2c-0 Device 1002:747E Subsystem: 1458:2413
134   |Info:    [ResourceManager] Registering I2C interface: /dev/i2c-9 Device 1002:164E Subsystem: 1462:7E26
134   |Info:    [ResourceManager] Registering I2C interface: /dev/i2c-16 Device 1022:790B Subsystem: 1462:7E26
135   |Warning: [i2c_smbus_linux] Failed to read i2c device PCI device ID
135   |Info:    [ResourceManager] Registering I2C interface: /dev/i2c-7 Device 0000:0000 Subsystem: 0000:0000
135   |Warning: [i2c_smbus_linux] Failed to read i2c device PCI device ID
135   |Info:    [ResourceManager] Registering I2C interface: /dev/i2c-14 Device 0000:0000 Subsystem: 0000:0000
135   |Info:    [ResourceManager] Registering I2C interface: /dev/i2c-5 Device 1002:747E Subsystem: 1458:2413
135   |Warning: [i2c_smbus_linux] Failed to read i2c device PCI device ID
135   |Info:    [ResourceManager] Registering I2C interface: /dev/i2c-12 Device 0000:0000 Subsystem: 0000:0000
135   |Info:    ------------------------------------------------------
135   |Info:    |               Detecting I2C devices                |
135   |Info:    ------------------------------------------------------
1185  |Info:    ------------------------------------------------------
1185  |Info:    |            Detecting I2C DIMM modules              |
1185  |Info:    ------------------------------------------------------
1319  |Info:    ------------------------------------------------------
1319  |Info:    |               Detecting I2C PCI devices            |
1319  |Info:    ------------------------------------------------------
1496  |Info:    ------------------------------------------------------
1496  |Info:    |               Detecting HID devices                |
1496  |Info:    ------------------------------------------------------
1564  |Info:    [MSI PRO B650-S WIFI (MS-7E26)] Registering RGB controller
1564  |Info:    ------------------------------------------------------
1564  |Info:    |            Detecting libusb HID devices            |
1564  |Info:    ------------------------------------------------------
1666  |Info:    ------------------------------------------------------
1666  |Info:    |              Detecting other devices               |
1666  |Info:    ------------------------------------------------------
1801  |Info:    [ResourceManager] Calling Post-detection callbacks
1801  |Info:    ------------------------------------------------------
1801  |Info:    |                Detection completed                 |
1801  |Info:    ------------------------------------------------------
1853  |Warning: [PluginManager] Plugin /home/vearnx/.config/OpenRGB/plugins/OpenRGBEffectsPlugin_0.9_Bookworm_64_f1411e1.so has an incompatible API version
1853  |Warning: [PluginManager] Plugin /home/vearnx/.config/OpenRGB/plugins/OpenRGBEffectsPlugin_0.9_Bookworm_64_f1411e1.so cannot be unloaded
