    OpenRGB v0.9
    Commit:  from 
    Launched: 20250221_194305
====================================================================================================

1001  |Info:    ------------------------------------------------------
1001  |Info:    |               Start device detection               |
1001  |Info:    ------------------------------------------------------
1001  |Info:    Initializing HID interfaces: Success
1004  |Info:    ------------------------------------------------------
1004  |Info:    |             Detecting I2C interfaces               |
1004  |Info:    ------------------------------------------------------
1005  |Info:    Registering I2C interface: /dev/i2c-3 Device 1002:747E Subsystem: 1458:2413
1005  |Info:    Registering I2C interface: /dev/i2c-10 Device 1002:164E Subsystem: 1462:7E26
1005  |Info:    Registering I2C interface: /dev/i2c-1 Device 1002:747E Subsystem: 1458:2413
1005  |Info:    Registering I2C interface: /dev/i2c-17 Device 1022:790B Subsystem: 1462:7E26
1005  |Info:    Registering I2C interface: /dev/i2c-8 Device 1002:164E Subsystem: 1462:7E26
1005  |Info:    Registering I2C interface: /dev/i2c-15 Device 1022:790B Subsystem: 1462:7E26
1005  |Warning: [i2c_smbus_linux] Failed to read i2c device PCI device ID
1005  |Info:    Registering I2C interface: /dev/i2c-6 Device 0000:0000 Subsystem: 0000:0000
1005  |Warning: [i2c_smbus_linux] Failed to read i2c device PCI device ID
1005  |Info:    Registering I2C interface: /dev/i2c-13 Device 0000:0000 Subsystem: 0000:0000
1005  |Info:    Registering I2C interface: /dev/i2c-4 Device 1002:747E Subsystem: 1458:2413
1005  |Info:    Registering I2C interface: /dev/i2c-11 Device 1002:164E Subsystem: 1462:7E26
1005  |Info:    Registering I2C interface: /dev/i2c-2 Device 1002:747E Subsystem: 1458:2413
1005  |Info:    Registering I2C interface: /dev/i2c-0 Device 1002:747E Subsystem: 1458:2413
1005  |Info:    Registering I2C interface: /dev/i2c-9 Device 1002:164E Subsystem: 1462:7E26
1005  |Info:    Registering I2C interface: /dev/i2c-16 Device 1022:790B Subsystem: 1462:7E26
1005  |Warning: [i2c_smbus_linux] Failed to read i2c device PCI device ID
1006  |Info:    Registering I2C interface: /dev/i2c-7 Device 0000:0000 Subsystem: 0000:0000
1006  |Warning: [i2c_smbus_linux] Failed to read i2c device PCI device ID
1006  |Info:    Registering I2C interface: /dev/i2c-14 Device 0000:0000 Subsystem: 0000:0000
1006  |Info:    Registering I2C interface: /dev/i2c-5 Device 1002:747E Subsystem: 1458:2413
1006  |Warning: [i2c_smbus_linux] Failed to read i2c device PCI device ID
1006  |Info:    Registering I2C interface: /dev/i2c-12 Device 0000:0000 Subsystem: 0000:0000
1006  |Info:    ------------------------------------------------------
1006  |Info:    |               Detecting I2C devices                |
1006  |Info:    ------------------------------------------------------
2054  |Info:    ------------------------------------------------------
2054  |Info:    |               Detecting I2C PCI devices            |
2054  |Info:    ------------------------------------------------------
2055  |Info:    ------------------------------------------------------
2055  |Info:    |               Detecting HID devices                |
2055  |Info:    ------------------------------------------------------
2055  |Info:    ------------------------------------------------------
2055  |Info:    |            Detecting libusb HID devices            |
2055  |Info:    ------------------------------------------------------
2061  |Info:    ------------------------------------------------------
2061  |Info:    |              Detecting other devices               |
2061  |Info:    ------------------------------------------------------
2066  |Info:    ------------------------------------------------------
2066  |Info:    |                Detection completed                 |
2066  |Info:    ------------------------------------------------------
2066  |Dialog:  <h2>WARNING:</h2><p>Multiple OpenRGB udev rules are installed.</p><p>The udev rules file 60-openrgb.rules is installed in both /etc/udev/rules.d and /usr/lib/udev/rules.d.</p><p>Multiple udev rules files can conflict, it is recommended to remove one of them.</p>
