    OpenRGB v0.9+ (git1290)
    Commit: 45af044cd84032b9a9b5865cb5e12aa2cd98c47e from 2025-04-13 13:42:14 -0500
    Launched: 20250507_200938
====================================================================================================

11    |Info:    [ProfileManager] Found file: Skibbidi.orp attempting to validate header
31    |Info:    [ProfileManager] Valid v5 profile found for Skibbidi
31    |Info:    [ProfileManager] Found file: main.orp attempting to validate header
33    |Info:    [ProfileManager] Valid v5 profile found for main
92    |Info:    [ResourceManager] Initializing HID interfaces: Success
92    |Info:    ------------------------------------------------------
92    |Info:    |               Start device detection               |
92    |Info:    ------------------------------------------------------
95    |Info:    ------------------------------------------------------
95    |Info:    |             Detecting I2C interfaces               |
95    |Info:    ------------------------------------------------------
95    |Info:    [ResourceManager] Registering I2C interface: /dev/i2c-3 Device 1002:747E Subsystem: 1458:2413
95    |Info:    [ResourceManager] Registering I2C interface: /dev/i2c-10 Device 1002:164E Subsystem: 1462:7E26
95    |Info:    [ResourceManager] Registering I2C interface: /dev/i2c-1 Device 1002:747E Subsystem: 1458:2413
95    |Info:    [ResourceManager] Registering I2C interface: /dev/i2c-17 Device 1022:790B Subsystem: 1462:7E26
95    |Info:    [ResourceManager] Registering I2C interface: /dev/i2c-8 Device 1002:164E Subsystem: 1462:7E26
95    |Info:    [ResourceManager] Registering I2C interface: /dev/i2c-15 Device 1022:790B Subsystem: 1462:7E26
95    |Warning: [i2c_smbus_linux] Failed to read i2c device PCI device ID
95    |Info:    [ResourceManager] Registering I2C interface: /dev/i2c-6 Device 0000:0000 Subsystem: 0000:0000
95    |Warning: [i2c_smbus_linux] Failed to read i2c device PCI device ID
95    |Info:    [ResourceManager] Registering I2C interface: /dev/i2c-13 Device 0000:0000 Subsystem: 0000:0000
95    |Info:    [ResourceManager] Registering I2C interface: /dev/i2c-4 Device 1002:747E Subsystem: 1458:2413
95    |Info:    [ResourceManager] Registering I2C interface: /dev/i2c-11 Device 1002:164E Subsystem: 1462:7E26
95    |Info:    [ResourceManager] Registering I2C interface: /dev/i2c-2 Device 1002:747E Subsystem: 1458:2413
96    |Info:    [ResourceManager] Registering I2C interface: /dev/i2c-0 Device 1002:747E Subsystem: 1458:2413
96    |Info:    [ResourceManager] Registering I2C interface: /dev/i2c-9 Device 1002:164E Subsystem: 1462:7E26
96    |Info:    [ResourceManager] Registering I2C interface: /dev/i2c-16 Device 1022:790B Subsystem: 1462:7E26
96    |Warning: [i2c_smbus_linux] Failed to read i2c device PCI device ID
96    |Info:    [ResourceManager] Registering I2C interface: /dev/i2c-7 Device 0000:0000 Subsystem: 0000:0000
96    |Warning: [i2c_smbus_linux] Failed to read i2c device PCI device ID
96    |Info:    [ResourceManager] Registering I2C interface: /dev/i2c-14 Device 0000:0000 Subsystem: 0000:0000
96    |Info:    [ResourceManager] Registering I2C interface: /dev/i2c-5 Device 1002:747E Subsystem: 1458:2413
96    |Warning: [i2c_smbus_linux] Failed to read i2c device PCI device ID
96    |Info:    [ResourceManager] Registering I2C interface: /dev/i2c-12 Device 0000:0000 Subsystem: 0000:0000
96    |Info:    ------------------------------------------------------
96    |Info:    |               Detecting I2C devices                |
96    |Info:    ------------------------------------------------------
1140  |Info:    ------------------------------------------------------
1140  |Info:    |            Detecting I2C DIMM modules              |
1140  |Info:    ------------------------------------------------------
1275  |Info:    ------------------------------------------------------
1276  |Info:    |               Detecting I2C PCI devices            |
1276  |Info:    ------------------------------------------------------
1454  |Info:    ------------------------------------------------------
1454  |Info:    |               Detecting HID devices                |
1454  |Info:    ------------------------------------------------------
1518  |Info:    [MSI PRO B650-S WIFI (MS-7E26)] Registering RGB controller
1519  |Info:    ------------------------------------------------------
1519  |Info:    |            Detecting libusb HID devices            |
1519  |Info:    ------------------------------------------------------
1791  |Info:    ------------------------------------------------------
1791  |Info:    |              Detecting other devices               |
1791  |Info:    ------------------------------------------------------
1951  |Info:    [ResourceManager] Calling Post-detection callbacks
1951  |Info:    ------------------------------------------------------
1951  |Info:    |                Detection completed                 |
1951  |Info:    ------------------------------------------------------
2011  |Warning: [PluginManager] Plugin /home/vearnx/.config/OpenRGB/plugins/OpenRGBEffectsPlugin_0.9_Bookworm_64_f1411e1.so has an incompatible API version
2011  |Warning: [PluginManager] Plugin /home/vearnx/.config/OpenRGB/plugins/OpenRGBEffectsPlugin_0.9_Bookworm_64_f1411e1.so cannot be unloaded
