    OpenRGB v0.9+ (1.0rc1)
    Commit: 1fbacdea373361ecd2e0780c1db15cc3eb9aa538 from 2025-02-22 11:06:06 -0600
    Launched: 20250412_223745
====================================================================================================

0     |Info:    [ProfileManager] Found file: Skibbidi.orp attempting to validate header
9     |Info:    [ProfileManager] Valid v5 profile found for Skibbidi
9     |Info:    [ProfileManager] Found file: main.orp attempting to validate header
9     |Info:    [ProfileManager] Valid v5 profile found for main
72    |Info:    [ResourceManager] Initializing HID interfaces: Success
72    |Info:    ------------------------------------------------------
72    |Info:    |               Start device detection               |
72    |Info:    ------------------------------------------------------
80    |Info:    ------------------------------------------------------
80    |Info:    |             Detecting I2C interfaces               |
80    |Info:    ------------------------------------------------------
105   |Info:    [ResourceManager] Registering I2C interface: /dev/i2c-3 Device 1022:790B Subsystem: 103C:85EA
106   |Info:    [ResourceManager] Registering I2C interface: /dev/i2c-1 Device 1002:15D8 Subsystem: 103C:85EA
106   |Info:    [ResourceManager] Registering I2C interface: /dev/i2c-4 Device 1022:790B Subsystem: 103C:85EA
106   |Warning: [i2c_smbus_linux] Failed to read i2c device PCI device ID
106   |Info:    [ResourceManager] Registering I2C interface: /dev/i2c-2 Device 0000:0000 Subsystem: 0000:0000
107   |Info:    [ResourceManager] Registering I2C interface: /dev/i2c-0 Device 1002:15D8 Subsystem: 103C:85EA
107   |Info:    [ResourceManager] Registering I2C interface: /dev/i2c-5 Device 1022:790B Subsystem: 103C:85EA
107   |Info:    ------------------------------------------------------
107   |Info:    |               Detecting I2C devices                |
107   |Info:    ------------------------------------------------------
1668  |Info:    ------------------------------------------------------
1668  |Info:    |            Detecting I2C DIMM modules              |
1668  |Info:    ------------------------------------------------------
1841  |Info:    ------------------------------------------------------
1841  |Info:    |               Detecting I2C PCI devices            |
1841  |Info:    ------------------------------------------------------
1848  |Info:    ------------------------------------------------------
1848  |Info:    |               Detecting HID devices                |
1848  |Info:    ------------------------------------------------------
1848  |Info:    ------------------------------------------------------
1848  |Info:    |            Detecting libusb HID devices            |
1848  |Info:    ------------------------------------------------------
1901  |Info:    ------------------------------------------------------
1901  |Info:    |              Detecting other devices               |
1901  |Info:    ------------------------------------------------------
1950  |Info:    [ResourceManager] Calling Post-detection callbacks
1950  |Info:    ------------------------------------------------------
1950  |Info:    |                Detection completed                 |
1950  |Info:    ------------------------------------------------------
1950  |Dialog:  <h2>WARNING:</h2><p>Multiple OpenRGB udev rules are installed.</p><p>The udev rules file 60-openrgb.rules is installed in both /etc/udev/rules.d and /usr/lib/udev/rules.d.</p><p>Multiple udev rules files can conflict, it is recommended to remove one of them.</p>
2030  |Warning: [PluginManager] Plugin /home/vearnx/.config/OpenRGB/plugins/OpenRGBEffectsPlugin_0.9_Bookworm_64_f1411e1.so has an incompatible API version
2030  |Warning: [PluginManager] Plugin /home/vearnx/.config/OpenRGB/plugins/OpenRGBEffectsPlugin_0.9_Bookworm_64_f1411e1.so cannot be unloaded
