    OpenRGB v0.9+ (git1851)
    Commit: 8f331090f92c653fdc825006b71c5cdd34d85b0c from 2026-02-16 07:21:32 -0600
    Launched: 20260220_145852
====================================================================================================

7     |Info:    [ProfileManager] Found file: Skibbidi.orp attempting to validate header
7     |Info:    [ProfileManager] Valid v5 profile found for Skibbidi
7     |Info:    [ProfileManager] Found file: main.orp attempting to validate header
7     |Info:    [ProfileManager] Valid v5 profile found for main
59    |Info:    [ResourceManager] Initializing HID interfaces: Success
59    |Info:    ------------------------------------------------------
59    |Info:    |               Start device detection               |
59    |Info:    ------------------------------------------------------
68    |Info:    ------------------------------------------------------
68    |Info:    |             Detecting I2C interfaces               |
68    |Info:    ------------------------------------------------------
68    |Info:    [ResourceManager] Registering I2C interface: AMDGPU DM i2c hw bus 0 (/dev/i2c-3) Device 1002:747E Subsystem: 1458:2413
68    |Info:    [ResourceManager] Registering I2C interface: AMDGPU DM i2c hw bus 0 (/dev/i2c-10) Device 1002:164E Subsystem: 1462:7E26
68    |Info:    [ResourceManager] Registering I2C interface: AMDGPU SMU 0 (/dev/i2c-1) Device 1002:747E Subsystem: 1458:2413
68    |Info:    [ResourceManager] Registering I2C interface: SMBus PIIX4 adapter port 1 at 0b20 (/dev/i2c-19) Device 1022:790B Subsystem: 1462:7E26
68    |Info:    [ResourceManager] Registering I2C interface: SMBus PIIX4 adapter port 0 at 0b00 (/dev/i2c-17) Device 1022:790B Subsystem: 1462:7E26
68    |Warning: [i2c_smbus_linux] Failed to read i2c device PCI device ID
68    |Info:    [ResourceManager] Registering I2C interface: AMDGPU DM aux hw bus 1 (/dev/i2c-8) Device 0000:0000 Subsystem: 0000:0000
68    |Warning: [i2c_smbus_linux] Failed to read i2c device PCI device ID
68    |Info:    [ResourceManager] Registering I2C interface: AMDGPU DM aux hw bus 2 (/dev/i2c-15) Device 0000:0000 Subsystem: 0000:0000
68    |Info:    [ResourceManager] Registering I2C interface: AMDGPU DM i2c hw bus 3 (/dev/i2c-6) Device 1002:747E Subsystem: 1458:2413
68    |Info:    [ResourceManager] Registering I2C interface: AMDGPU DM i2c hw bus 3 (/dev/i2c-13) Device 1002:164E Subsystem: 1462:7E26
68    |Info:    [ResourceManager] Registering I2C interface: AMDGPU DM i2c hw bus 1 (/dev/i2c-4) Device 1002:747E Subsystem: 1458:2413
68    |Info:    [ResourceManager] Registering I2C interface: AMDGPU DM i2c hw bus 1 (/dev/i2c-11) Device 1002:164E Subsystem: 1462:7E26
68    |Info:    [ResourceManager] Registering I2C interface: AMDGPU SMU 1 (/dev/i2c-2) Device 1002:747E Subsystem: 1458:2413
68    |Info:    [ResourceManager] Registering I2C interface: Synopsys DesignWare I2C adapter (/dev/i2c-0) Device 0000:0000 Subsystem: 0000:0000
68    |Info:    [ResourceManager] Registering I2C interface: SMBus PIIX4 adapter port 2 at 0b00 (/dev/i2c-18) Device 1022:790B Subsystem: 1462:7E26
68    |Warning: [i2c_smbus_linux] Failed to read i2c device PCI device ID
68    |Info:    [ResourceManager] Registering I2C interface: AMDGPU DM aux hw bus 2 (/dev/i2c-9) Device 0000:0000 Subsystem: 0000:0000
68    |Warning: [i2c_smbus_linux] Failed to read i2c device PCI device ID
68    |Info:    [ResourceManager] Registering I2C interface: AMDGPU DM aux hw bus 3 (/dev/i2c-16) Device 0000:0000 Subsystem: 0000:0000
68    |Info:    [ResourceManager] Registering I2C interface: AMDGPU DM i2c OEM bus (/dev/i2c-7) Device 1002:747E Subsystem: 1458:2413
68    |Warning: [i2c_smbus_linux] Failed to read i2c device PCI device ID
68    |Info:    [ResourceManager] Registering I2C interface: AMDGPU DM aux hw bus 1 (/dev/i2c-14) Device 0000:0000 Subsystem: 0000:0000
68    |Info:    [ResourceManager] Registering I2C interface: AMDGPU DM i2c hw bus 2 (/dev/i2c-5) Device 1002:747E Subsystem: 1458:2413
69    |Info:    [ResourceManager] Registering I2C interface: AMDGPU DM i2c hw bus 2 (/dev/i2c-12) Device 1002:164E Subsystem: 1462:7E26
69    |Info:    ------------------------------------------------------
69    |Info:    |               Detecting I2C devices                |
69    |Info:    ------------------------------------------------------
1036  |Info:    ------------------------------------------------------
1036  |Info:    |            Detecting I2C DIMM modules              |
1036  |Info:    ------------------------------------------------------
1082  |Info:    [ResourceManager] Detected occupied slot 2, bus 4, type DDR5
1087  |Info:    [ResourceManager] Detected occupied slot 4, bus 4, type DDR5
1155  |Info:    ------------------------------------------------------
1155  |Info:    |               Detecting I2C PCI devices            |
1155  |Info:    ------------------------------------------------------
1158  |Info:    [Gigabyte Radeon RX 7800 XT GAMING OC] Registering RGB controller
1158  |Info:    ------------------------------------------------------
1158  |Info:    |               Detecting HID devices                |
1158  |Info:    ------------------------------------------------------
1225  |Info:    [MSI PRO B650-S WIFI (MS-7E26)] Registering RGB controller
1225  |Info:    ------------------------------------------------------
1225  |Info:    |            Detecting libusb HID devices            |
1225  |Info:    ------------------------------------------------------
1235  |Info:    ------------------------------------------------------
1235  |Info:    |              Detecting other devices               |
1235  |Info:    ------------------------------------------------------
1251  |Info:    [ResourceManager] Calling Post-detection callbacks
1251  |Info:    ------------------------------------------------------
1251  |Info:    |                Detection completed                 |
1251  |Info:    ------------------------------------------------------
