    OpenRGB v0.9+ (1.0rc1)
    Commit: 1fbacdea373361ecd2e0780c1db15cc3eb9aa538 from 2025-02-22 11:06:06 -0600
    Launched: 20250223_203221
====================================================================================================

5     |Info:    [ProfileManager] Found file: Skibbidi.orp attempting to validate header
6     |Info:    [ProfileManager] Valid v5 profile found for Skibbidi
62    |Info:    [ResourceManager] Initializing HID interfaces: Success
62    |Info:    ------------------------------------------------------
62    |Info:    |               Start device detection               |
62    |Info:    ------------------------------------------------------
65    |Info:    ------------------------------------------------------
65    |Info:    |             Detecting I2C interfaces               |
65    |Info:    ------------------------------------------------------
65    |Info:    [ResourceManager] Registering I2C interface: /dev/i2c-3 Device 1002:747E Subsystem: 1458:2413
66    |Info:    [ResourceManager] Registering I2C interface: /dev/i2c-10 Device 1002:164E Subsystem: 1462:7E26
66    |Info:    [ResourceManager] Registering I2C interface: /dev/i2c-1 Device 1002:747E Subsystem: 1458:2413
66    |Info:    [ResourceManager] Registering I2C interface: /dev/i2c-17 Device 1022:790B Subsystem: 1462:7E26
66    |Info:    [ResourceManager] Registering I2C interface: /dev/i2c-8 Device 1002:164E Subsystem: 1462:7E26
66    |Info:    [ResourceManager] Registering I2C interface: /dev/i2c-15 Device 1022:790B Subsystem: 1462:7E26
66    |Warning: [i2c_smbus_linux] Failed to read i2c device PCI device ID
66    |Info:    [ResourceManager] Registering I2C interface: /dev/i2c-6 Device 0000:0000 Subsystem: 0000:0000
66    |Warning: [i2c_smbus_linux] Failed to read i2c device PCI device ID
66    |Info:    [ResourceManager] Registering I2C interface: /dev/i2c-13 Device 0000:0000 Subsystem: 0000:0000
66    |Info:    [ResourceManager] Registering I2C interface: /dev/i2c-4 Device 1002:747E Subsystem: 1458:2413
66    |Info:    [ResourceManager] Registering I2C interface: /dev/i2c-11 Device 1002:164E Subsystem: 1462:7E26
66    |Info:    [ResourceManager] Registering I2C interface: /dev/i2c-2 Device 1002:747E Subsystem: 1458:2413
66    |Info:    [ResourceManager] Registering I2C interface: /dev/i2c-0 Device 1002:747E Subsystem: 1458:2413
66    |Info:    [ResourceManager] Registering I2C interface: /dev/i2c-9 Device 1002:164E Subsystem: 1462:7E26
66    |Info:    [ResourceManager] Registering I2C interface: /dev/i2c-16 Device 1022:790B Subsystem: 1462:7E26
66    |Warning: [i2c_smbus_linux] Failed to read i2c device PCI device ID
66    |Info:    [ResourceManager] Registering I2C interface: /dev/i2c-7 Device 0000:0000 Subsystem: 0000:0000
66    |Warning: [i2c_smbus_linux] Failed to read i2c device PCI device ID
66    |Info:    [ResourceManager] Registering I2C interface: /dev/i2c-14 Device 0000:0000 Subsystem: 0000:0000
66    |Info:    [ResourceManager] Registering I2C interface: /dev/i2c-5 Device 1002:747E Subsystem: 1458:2413
66    |Warning: [i2c_smbus_linux] Failed to read i2c device PCI device ID
66    |Info:    [ResourceManager] Registering I2C interface: /dev/i2c-12 Device 0000:0000 Subsystem: 0000:0000
66    |Info:    ------------------------------------------------------
66    |Info:    |               Detecting I2C devices                |
66    |Info:    ------------------------------------------------------
1111  |Info:    ------------------------------------------------------
1111  |Info:    |            Detecting I2C DIMM modules              |
1111  |Info:    ------------------------------------------------------
1245  |Info:    ------------------------------------------------------
1245  |Info:    |               Detecting I2C PCI devices            |
1245  |Info:    ------------------------------------------------------
1426  |Info:    ------------------------------------------------------
1426  |Info:    |               Detecting HID devices                |
1426  |Info:    ------------------------------------------------------
1492  |Info:    [MSI PRO B650-S WIFI (MS-7E26)] Registering RGB controller
1492  |Info:    ------------------------------------------------------
1492  |Info:    |            Detecting libusb HID devices            |
1492  |Info:    ------------------------------------------------------
1514  |Info:    ------------------------------------------------------
1514  |Info:    |              Detecting other devices               |
1514  |Info:    ------------------------------------------------------
1683  |Info:    [ResourceManager] Calling Post-detection callbacks
1683  |Info:    ------------------------------------------------------
1683  |Info:    |                Detection completed                 |
1683  |Info:    ------------------------------------------------------
1683  |Dialog:  <h2>WARNING:</h2><p>Multiple OpenRGB udev rules are installed.</p><p>The udev rules file 60-openrgb.rules is installed in both /etc/udev/rules.d and /usr/lib/udev/rules.d.</p><p>Multiple udev rules files can conflict, it is recommended to remove one of them.</p>
1683  |Info:    [NetworkServer] Network connection thread started on port 6742
12596 |Info:    [NetworkServer] Network server started
35070 |ERROR:   [NetworkServer] recv_select failed receiving magic, closing listener
35070 |Info:    [NetworkServer] Closing server connection: 127.0.0.1
58433 |Info:    [NetworkServer] Network server started
102541|ERROR:   [NetworkServer] recv_select failed receiving magic, closing listener
102541|Info:    [NetworkServer] Closing server connection: 127.0.0.1
