    OpenRGB v0.9+ (git1290)
    Commit: 45af044cd84032b9a9b5865cb5e12aa2cd98c47e from 2025-04-13 13:42:14 -0500
    Launched: 20250605_153215
====================================================================================================

36    |Info:    [ProfileManager] Found file: Skibbidi.orp attempting to validate header
68    |Info:    [ProfileManager] Valid v5 profile found for Skibbidi
68    |Info:    [ProfileManager] Found file: main.orp attempting to validate header
88    |Info:    [ProfileManager] Valid v5 profile found for main
147   |Info:    [ResourceManager] Initializing HID interfaces: Success
147   |Info:    ------------------------------------------------------
147   |Info:    |               Start device detection               |
147   |Info:    ------------------------------------------------------
151   |Info:    ------------------------------------------------------
151   |Info:    |             Detecting I2C interfaces               |
151   |Info:    ------------------------------------------------------
151   |Info:    [ResourceManager] Registering I2C interface: /dev/i2c-3 Device 1002:747E Subsystem: 1458:2413
151   |Info:    [ResourceManager] Registering I2C interface: /dev/i2c-10 Device 1002:164E Subsystem: 1462:7E26
151   |Info:    [ResourceManager] Registering I2C interface: /dev/i2c-1 Device 1002:747E Subsystem: 1458:2413
151   |Info:    [ResourceManager] Registering I2C interface: /dev/i2c-17 Device 1022:790B Subsystem: 1462:7E26
152   |Warning: [i2c_smbus_linux] Failed to read i2c device PCI device ID
152   |Info:    [ResourceManager] Registering I2C interface: /dev/i2c-8 Device 0000:0000 Subsystem: 0000:0000
152   |Warning: [i2c_smbus_linux] Failed to read i2c device PCI device ID
152   |Info:    [ResourceManager] Registering I2C interface: /dev/i2c-15 Device 0000:0000 Subsystem: 0000:0000
152   |Info:    [ResourceManager] Registering I2C interface: /dev/i2c-6 Device 1002:747E Subsystem: 1458:2413
152   |Warning: [i2c_smbus_linux] Failed to read i2c device PCI device ID
152   |Info:    [ResourceManager] Registering I2C interface: /dev/i2c-13 Device 0000:0000 Subsystem: 0000:0000
152   |Info:    [ResourceManager] Registering I2C interface: /dev/i2c-4 Device 1002:747E Subsystem: 1458:2413
152   |Info:    [ResourceManager] Registering I2C interface: /dev/i2c-11 Device 1002:164E Subsystem: 1462:7E26
152   |Info:    [ResourceManager] Registering I2C interface: /dev/i2c-2 Device 1002:747E Subsystem: 1458:2413
152   |Info:    [ResourceManager] Registering I2C interface: /dev/i2c-0 Device 0000:0000 Subsystem: 0000:0000
152   |Info:    [ResourceManager] Registering I2C interface: /dev/i2c-18 Device 1022:790B Subsystem: 1462:7E26
152   |Info:    [ResourceManager] Registering I2C interface: /dev/i2c-9 Device 1002:164E Subsystem: 1462:7E26
152   |Info:    [ResourceManager] Registering I2C interface: /dev/i2c-16 Device 1022:790B Subsystem: 1462:7E26
152   |Warning: [i2c_smbus_linux] Failed to read i2c device PCI device ID
152   |Info:    [ResourceManager] Registering I2C interface: /dev/i2c-7 Device 0000:0000 Subsystem: 0000:0000
152   |Warning: [i2c_smbus_linux] Failed to read i2c device PCI device ID
152   |Info:    [ResourceManager] Registering I2C interface: /dev/i2c-14 Device 0000:0000 Subsystem: 0000:0000
152   |Info:    [ResourceManager] Registering I2C interface: /dev/i2c-5 Device 1002:747E Subsystem: 1458:2413
152   |Info:    [ResourceManager] Registering I2C interface: /dev/i2c-12 Device 1002:164E Subsystem: 1462:7E26
152   |Info:    ------------------------------------------------------
152   |Info:    |               Detecting I2C devices                |
152   |Info:    ------------------------------------------------------
1199  |Info:    ------------------------------------------------------
1199  |Info:    |            Detecting I2C DIMM modules              |
1199  |Info:    ------------------------------------------------------
1333  |Info:    ------------------------------------------------------
1334  |Info:    |               Detecting I2C PCI devices            |
1334  |Info:    ------------------------------------------------------
1510  |Info:    ------------------------------------------------------
1510  |Info:    |               Detecting HID devices                |
1510  |Info:    ------------------------------------------------------
1575  |Info:    [MSI PRO B650-S WIFI (MS-7E26)] Registering RGB controller
1575  |Info:    ------------------------------------------------------
1575  |Info:    |            Detecting libusb HID devices            |
1575  |Info:    ------------------------------------------------------
1594  |Info:    ------------------------------------------------------
1594  |Info:    |              Detecting other devices               |
1594  |Info:    ------------------------------------------------------
1722  |Info:    [ResourceManager] Calling Post-detection callbacks
1722  |Info:    ------------------------------------------------------
1722  |Info:    |                Detection completed                 |
1722  |Info:    ------------------------------------------------------
1997  |Warning: [PluginManager] Plugin /home/vearnx/.config/OpenRGB/plugins/OpenRGBEffectsPlugin_0.9_Bookworm_64_f1411e1.so has an incompatible API version
1997  |Warning: [PluginManager] Plugin /home/vearnx/.config/OpenRGB/plugins/OpenRGBEffectsPlugin_0.9_Bookworm_64_f1411e1.so cannot be unloaded
