    OpenRGB v0.9+ (git1911)
    Commit: 800ca0aa7cded1241e2e7e3e694729243d448f5e from 2026-04-13 11:42:03 -0500
    Launched: 20260418_121716
====================================================================================================

1     |Info:    [ProfileManager] Found file: Skibbidi.orp attempting to validate header
1     |Info:    [ProfileManager] Valid v5 profile found for Skibbidi
1     |Info:    [ProfileManager] Found file: main.orp attempting to validate header
1     |Info:    [ProfileManager] Valid v5 profile found for main
54    |Info:    [ResourceManager] Initializing HID interfaces: Success
54    |Info:    ------------------------------------------------------
54    |Info:    |               Start device detection               |
54    |Info:    ------------------------------------------------------
66    |Info:    ------------------------------------------------------
66    |Info:    |             Detecting I2C interfaces               |
66    |Info:    ------------------------------------------------------
66    |Info:    [ResourceManager] Registering I2C interface: AMDGPU DM i2c hw bus 0 (/dev/i2c-3) Device 1002:747E Subsystem: 1458:2413
66    |Info:    [ResourceManager] Registering I2C interface: AMDGPU DM i2c hw bus 0 (/dev/i2c-10) Device 1002:164E Subsystem: 1462:7E26
66    |Info:    [ResourceManager] Registering I2C interface: AMDGPU SMU 0 (/dev/i2c-1) Device 1002:747E Subsystem: 1458:2413
66    |Info:    [ResourceManager] Registering I2C interface: SMBus PIIX4 adapter port 1 at 0b20 (/dev/i2c-19) Device 1022:790B Subsystem: 1462:7E26
66    |Info:    [ResourceManager] Registering I2C interface: SMBus PIIX4 adapter port 0 at 0b00 (/dev/i2c-17) Device 1022:790B Subsystem: 1462:7E26
66    |Warning: [i2c_smbus_linux] Failed to read i2c device PCI device ID
66    |Info:    [ResourceManager] Registering I2C interface: AMDGPU DM aux hw bus 1 (/dev/i2c-8) Device 0000:0000 Subsystem: 0000:0000
66    |Warning: [i2c_smbus_linux] Failed to read i2c device PCI device ID
66    |Info:    [ResourceManager] Registering I2C interface: AMDGPU DM aux hw bus 2 (/dev/i2c-15) Device 0000:0000 Subsystem: 0000:0000
66    |Info:    [ResourceManager] Registering I2C interface: AMDGPU DM i2c hw bus 3 (/dev/i2c-6) Device 1002:747E Subsystem: 1458:2413
66    |Info:    [ResourceManager] Registering I2C interface: AMDGPU DM i2c hw bus 3 (/dev/i2c-13) Device 1002:164E Subsystem: 1462:7E26
66    |Info:    [ResourceManager] Registering I2C interface: AMDGPU DM i2c hw bus 1 (/dev/i2c-4) Device 1002:747E Subsystem: 1458:2413
66    |Info:    [ResourceManager] Registering I2C interface: AMDGPU DM i2c hw bus 1 (/dev/i2c-11) Device 1002:164E Subsystem: 1462:7E26
66    |Info:    [ResourceManager] Registering I2C interface: AMDGPU SMU 1 (/dev/i2c-2) Device 1002:747E Subsystem: 1458:2413
66    |Info:    [ResourceManager] Registering I2C interface: Synopsys DesignWare I2C adapter (/dev/i2c-0) Device 0000:0000 Subsystem: 0000:0000
66    |Info:    [ResourceManager] Registering I2C interface: SMBus PIIX4 adapter port 2 at 0b00 (/dev/i2c-18) Device 1022:790B Subsystem: 1462:7E26
66    |Warning: [i2c_smbus_linux] Failed to read i2c device PCI device ID
66    |Info:    [ResourceManager] Registering I2C interface: AMDGPU DM aux hw bus 2 (/dev/i2c-9) Device 0000:0000 Subsystem: 0000:0000
67    |Warning: [i2c_smbus_linux] Failed to read i2c device PCI device ID
67    |Info:    [ResourceManager] Registering I2C interface: AMDGPU DM aux hw bus 3 (/dev/i2c-16) Device 0000:0000 Subsystem: 0000:0000
67    |Info:    [ResourceManager] Registering I2C interface: AMDGPU DM i2c OEM bus (/dev/i2c-7) Device 1002:747E Subsystem: 1458:2413
67    |Warning: [i2c_smbus_linux] Failed to read i2c device PCI device ID
67    |Info:    [ResourceManager] Registering I2C interface: AMDGPU DM aux hw bus 1 (/dev/i2c-14) Device 0000:0000 Subsystem: 0000:0000
67    |Info:    [ResourceManager] Registering I2C interface: AMDGPU DM i2c hw bus 2 (/dev/i2c-5) Device 1002:747E Subsystem: 1458:2413
67    |Info:    [ResourceManager] Registering I2C interface: AMDGPU DM i2c hw bus 2 (/dev/i2c-12) Device 1002:164E Subsystem: 1462:7E26
67    |Info:    ------------------------------------------------------
67    |Info:    |               Detecting I2C devices                |
67    |Info:    ------------------------------------------------------
771   |Info:    ------------------------------------------------------
771   |Info:    |            Detecting I2C DIMM modules              |
771   |Info:    ------------------------------------------------------
1702  |Info:    [ResourceManager] Detected occupied slot 2, bus 4, type DDR5
2601  |Info:    [ResourceManager] Detected occupied slot 4, bus 4, type DDR5
2666  |Info:    ------------------------------------------------------
2666  |Info:    |               Detecting I2C PCI devices            |
2666  |Info:    ------------------------------------------------------
2668  |Info:    [Gigabyte Radeon RX 7800 XT GAMING OC] Registering RGB controller
2669  |Info:    ------------------------------------------------------
2669  |Info:    |               Detecting HID devices                |
2669  |Info:    ------------------------------------------------------
2735  |Info:    [MSI PRO B650-S WIFI (MS-7E26)] Registering RGB controller
2735  |Info:    ------------------------------------------------------
2735  |Info:    |            Detecting libusb HID devices            |
2735  |Info:    ------------------------------------------------------
2747  |Info:    ------------------------------------------------------
2747  |Info:    |              Detecting other devices               |
2747  |Info:    ------------------------------------------------------
2766  |Info:    [ResourceManager] Calling Post-detection callbacks
2766  |Info:    ------------------------------------------------------
2766  |Info:    |                Detection completed                 |
2766  |Info:    ------------------------------------------------------
2766  |Info:    [ProfileManager] Profile loading: Succeeded for Gigabyte Radeon RX 7800 XT GAMING OC @ I2C: AMDGPU DM i2c OEM bus (/dev/i2c-7), address 0x62
2766  |Info:    [ProfileManager] Profile loading: Succeeded for MSI PRO B650-S WIFI (MS-7E26) @ HID: /dev/hidraw1
