    OpenRGB v0.9+ (1.0rc1)
    Commit: 1fbacdea373361ecd2e0780c1db15cc3eb9aa538 from 2025-02-22 11:06:06 -0600
    Launched: 20250412_185452
====================================================================================================

0     |Info:    [ProfileManager] Found file: Skibbidi.orp attempting to validate header
0     |Info:    [ProfileManager] Valid v5 profile found for Skibbidi
0     |Info:    [ProfileManager] Found file: main.orp attempting to validate header
0     |Info:    [ProfileManager] Valid v5 profile found for main
56    |Info:    [ResourceManager] Initializing HID interfaces: Success
56    |Info:    ------------------------------------------------------
56    |Info:    |               Start device detection               |
56    |Info:    ------------------------------------------------------
62    |Info:    ------------------------------------------------------
62    |Info:    |             Detecting I2C interfaces               |
62    |Info:    ------------------------------------------------------
62    |Info:    [ResourceManager] Registering I2C interface: /dev/i2c-3 Device 1022:790B Subsystem: 103C:85EA
62    |Info:    [ResourceManager] Registering I2C interface: /dev/i2c-1 Device 1002:15D8 Subsystem: 103C:85EA
63    |Info:    [ResourceManager] Registering I2C interface: /dev/i2c-4 Device 1022:790B Subsystem: 103C:85EA
63    |Warning: [i2c_smbus_linux] Failed to read i2c device PCI device ID
63    |Info:    [ResourceManager] Registering I2C interface: /dev/i2c-2 Device 0000:0000 Subsystem: 0000:0000
63    |Info:    [ResourceManager] Registering I2C interface: /dev/i2c-0 Device 1002:15D8 Subsystem: 103C:85EA
63    |Info:    [ResourceManager] Registering I2C interface: /dev/i2c-5 Device 1022:790B Subsystem: 103C:85EA
63    |Info:    ------------------------------------------------------
63    |Info:    |               Detecting I2C devices                |
63    |Info:    ------------------------------------------------------
1797  |Info:    ------------------------------------------------------
1797  |Info:    |            Detecting I2C DIMM modules              |
1797  |Info:    ------------------------------------------------------
2029  |Info:    ------------------------------------------------------
2029  |Info:    |               Detecting I2C PCI devices            |
2029  |Info:    ------------------------------------------------------
2038  |Info:    ------------------------------------------------------
2039  |Info:    |               Detecting HID devices                |
2039  |Info:    ------------------------------------------------------
2039  |Info:    ------------------------------------------------------
2039  |Info:    |            Detecting libusb HID devices            |
2039  |Info:    ------------------------------------------------------
2090  |Info:    ------------------------------------------------------
2090  |Info:    |              Detecting other devices               |
2090  |Info:    ------------------------------------------------------
2135  |Info:    [ResourceManager] Calling Post-detection callbacks
2135  |Info:    ------------------------------------------------------
2135  |Info:    |                Detection completed                 |
2135  |Info:    ------------------------------------------------------
2135  |Dialog:  <h2>WARNING:</h2><p>Multiple OpenRGB udev rules are installed.</p><p>The udev rules file 60-openrgb.rules is installed in both /etc/udev/rules.d and /usr/lib/udev/rules.d.</p><p>Multiple udev rules files can conflict, it is recommended to remove one of them.</p>
2222  |Warning: [PluginManager] Plugin /home/vearnx/.config/OpenRGB/plugins/OpenRGBEffectsPlugin_0.9_Bookworm_64_f1411e1.so has an incompatible API version
2222  |Warning: [PluginManager] Plugin /home/vearnx/.config/OpenRGB/plugins/OpenRGBEffectsPlugin_0.9_Bookworm_64_f1411e1.so cannot be unloaded
