    OpenRGB v0.9+ (git1846)
    Commit: 476f81d5e89766e29a8a30cb98f1d8271fc3e296 from 2026-02-09 07:39:40 -0600
    Launched: 20260212_184255
====================================================================================================

0     |Info:    [ProfileManager] Found file: Skibbidi.orp attempting to validate header
0     |Info:    [ProfileManager] Valid v5 profile found for Skibbidi
0     |Info:    [ProfileManager] Found file: main.orp attempting to validate header
0     |Info:    [ProfileManager] Valid v5 profile found for main
52    |Info:    [ResourceManager] Initializing HID interfaces: Success
52    |Info:    ------------------------------------------------------
52    |Info:    |               Start device detection               |
52    |Info:    ------------------------------------------------------
61    |Info:    ------------------------------------------------------
61    |Info:    |             Detecting I2C interfaces               |
61    |Info:    ------------------------------------------------------
61    |Info:    [ResourceManager] Registering I2C interface: AMDGPU DM i2c hw bus 0 (/dev/i2c-3) Device 1002:747E Subsystem: 1458:2413
61    |Info:    [ResourceManager] Registering I2C interface: AMDGPU DM i2c hw bus 0 (/dev/i2c-10) Device 1002:164E Subsystem: 1462:7E26
61    |Info:    [ResourceManager] Registering I2C interface: AMDGPU SMU 0 (/dev/i2c-1) Device 1002:747E Subsystem: 1458:2413
61    |Info:    [ResourceManager] Registering I2C interface: SMBus PIIX4 adapter port 1 at 0b20 (/dev/i2c-19) Device 1022:790B Subsystem: 1462:7E26
61    |Info:    [ResourceManager] Registering I2C interface: SMBus PIIX4 adapter port 0 at 0b00 (/dev/i2c-17) Device 1022:790B Subsystem: 1462:7E26
61    |Warning: [i2c_smbus_linux] Failed to read i2c device PCI device ID
61    |Info:    [ResourceManager] Registering I2C interface: AMDGPU DM aux hw bus 1 (/dev/i2c-8) Device 0000:0000 Subsystem: 0000:0000
61    |Warning: [i2c_smbus_linux] Failed to read i2c device PCI device ID
61    |Info:    [ResourceManager] Registering I2C interface: AMDGPU DM aux hw bus 2 (/dev/i2c-15) Device 0000:0000 Subsystem: 0000:0000
61    |Info:    [ResourceManager] Registering I2C interface: AMDGPU DM i2c hw bus 3 (/dev/i2c-6) Device 1002:747E Subsystem: 1458:2413
61    |Info:    [ResourceManager] Registering I2C interface: AMDGPU DM i2c hw bus 3 (/dev/i2c-13) Device 1002:164E Subsystem: 1462:7E26
62    |Info:    [ResourceManager] Registering I2C interface: AMDGPU DM i2c hw bus 1 (/dev/i2c-4) Device 1002:747E Subsystem: 1458:2413
62    |Info:    [ResourceManager] Registering I2C interface: AMDGPU DM i2c hw bus 1 (/dev/i2c-11) Device 1002:164E Subsystem: 1462:7E26
62    |Info:    [ResourceManager] Registering I2C interface: AMDGPU SMU 1 (/dev/i2c-2) Device 1002:747E Subsystem: 1458:2413
62    |Info:    [ResourceManager] Registering I2C interface: Synopsys DesignWare I2C adapter (/dev/i2c-0) Device 0000:0000 Subsystem: 0000:0000
62    |Info:    [ResourceManager] Registering I2C interface: SMBus PIIX4 adapter port 2 at 0b00 (/dev/i2c-18) Device 1022:790B Subsystem: 1462:7E26
62    |Warning: [i2c_smbus_linux] Failed to read i2c device PCI device ID
62    |Info:    [ResourceManager] Registering I2C interface: AMDGPU DM aux hw bus 2 (/dev/i2c-9) Device 0000:0000 Subsystem: 0000:0000
62    |Warning: [i2c_smbus_linux] Failed to read i2c device PCI device ID
62    |Info:    [ResourceManager] Registering I2C interface: AMDGPU DM aux hw bus 3 (/dev/i2c-16) Device 0000:0000 Subsystem: 0000:0000
62    |Info:    [ResourceManager] Registering I2C interface: AMDGPU DM i2c OEM bus (/dev/i2c-7) Device 1002:747E Subsystem: 1458:2413
62    |Warning: [i2c_smbus_linux] Failed to read i2c device PCI device ID
62    |Info:    [ResourceManager] Registering I2C interface: AMDGPU DM aux hw bus 1 (/dev/i2c-14) Device 0000:0000 Subsystem: 0000:0000
62    |Info:    [ResourceManager] Registering I2C interface: AMDGPU DM i2c hw bus 2 (/dev/i2c-5) Device 1002:747E Subsystem: 1458:2413
62    |Info:    [ResourceManager] Registering I2C interface: AMDGPU DM i2c hw bus 2 (/dev/i2c-12) Device 1002:164E Subsystem: 1462:7E26
62    |Info:    ------------------------------------------------------
62    |Info:    |               Detecting I2C devices                |
62    |Info:    ------------------------------------------------------
1040  |Info:    ------------------------------------------------------
1040  |Info:    |            Detecting I2C DIMM modules              |
1040  |Info:    ------------------------------------------------------
1088  |Info:    [ResourceManager] Detected occupied slot 2, bus 4, type DDR5
1097  |Info:    [ResourceManager] Detected occupied slot 4, bus 4, type DDR5
1166  |Info:    ------------------------------------------------------
1166  |Info:    |               Detecting I2C PCI devices            |
1166  |Info:    ------------------------------------------------------
1169  |Info:    [Gigabyte Radeon RX 7800 XT GAMING OC] Registering RGB controller
1169  |Info:    ------------------------------------------------------
1169  |Info:    |               Detecting HID devices                |
1169  |Info:    ------------------------------------------------------
1185  |Info:    [MSI PRO B650-S WIFI (MS-7E26)] Registering RGB controller
1187  |Info:    ------------------------------------------------------
1187  |Info:    |            Detecting libusb HID devices            |
1187  |Info:    ------------------------------------------------------
1198  |Info:    ------------------------------------------------------
1198  |Info:    |              Detecting other devices               |
1198  |Info:    ------------------------------------------------------
1216  |Info:    [ResourceManager] Calling Post-detection callbacks
1216  |Info:    ------------------------------------------------------
1216  |Info:    |                Detection completed                 |
1216  |Info:    ------------------------------------------------------
1224  |Warning: [PluginManager] Plugin /home/vearnx/.config/OpenRGB/plugins/OpenRGBEffectsPlugin_0.9_Bookworm_64_f1411e1.so has an incompatible API version
1224  |Warning: [PluginManager] Plugin /home/vearnx/.config/OpenRGB/plugins/OpenRGBEffectsPlugin_0.9_Bookworm_64_f1411e1.so cannot be unloaded
