    OpenRGB v0.9+ (git1290)
    Commit: 45af044cd84032b9a9b5865cb5e12aa2cd98c47e from 2025-04-13 13:42:14 -0500
    Launched: 20250516_194749
====================================================================================================

6     |Info:    [ProfileManager] Found file: Skibbidi.orp attempting to validate header
11    |Info:    [ProfileManager] Valid v5 profile found for Skibbidi
11    |Info:    [ProfileManager] Found file: main.orp attempting to validate header
11    |Info:    [ProfileManager] Valid v5 profile found for main
76    |Info:    [ResourceManager] Initializing HID interfaces: Success
76    |Info:    ------------------------------------------------------
76    |Info:    |               Start device detection               |
76    |Info:    ------------------------------------------------------
77    |Info:    ------------------------------------------------------
77    |Info:    |             Detecting I2C interfaces               |
77    |Info:    ------------------------------------------------------
77    |Info:    [ResourceManager] Registering I2C interface: /dev/i2c-3 Device 8086:46A3 Subsystem: 103C:8A4F
77    |Info:    [ResourceManager] Registering I2C interface: /dev/i2c-10 Device 8086:46A3 Subsystem: 103C:8A4F
77    |Info:    [ResourceManager] Registering I2C interface: /dev/i2c-1 Device 0000:0000 Subsystem: 0000:0000
77    |Warning: [i2c_smbus_linux] Failed to read i2c device PCI device ID
77    |Info:    [ResourceManager] Registering I2C interface: /dev/i2c-17 Device 0000:0000 Subsystem: 0000:0000
77    |Info:    [ResourceManager] Registering I2C interface: /dev/i2c-8 Device 8086:46A3 Subsystem: 103C:8A4F
77    |Warning: [i2c_smbus_linux] Failed to read i2c device PCI device ID
77    |Info:    [ResourceManager] Registering I2C interface: /dev/i2c-15 Device 0000:0000 Subsystem: 0000:0000
77    |Info:    [ResourceManager] Registering I2C interface: /dev/i2c-6 Device 8086:46A3 Subsystem: 103C:8A4F
77    |Warning: [i2c_smbus_linux] Failed to read i2c device PCI device ID
77    |Info:    [ResourceManager] Registering I2C interface: /dev/i2c-13 Device 0000:0000 Subsystem: 0000:0000
77    |Info:    [ResourceManager] Registering I2C interface: /dev/i2c-4 Device 8086:46A3 Subsystem: 103C:8A4F
77    |Info:    [ResourceManager] Registering I2C interface: /dev/i2c-11 Device 10DE:25A0 Subsystem: 103C:8A4F
78    |Info:    [ResourceManager] Registering I2C interface: /dev/i2c-2 Device 8086:46A3 Subsystem: 103C:8A4F
78    |Info:    [ResourceManager] Registering I2C interface: /dev/i2c-0 Device 8086:51A3 Subsystem: 103C:8A4F
78    |Info:    [ResourceManager] Registering I2C interface: /dev/i2c-9 Device 8086:46A3 Subsystem: 103C:8A4F
78    |Info:    [ResourceManager] Registering I2C interface: /dev/i2c-ELAN0788:00 Device 0000:0000 Subsystem: 0000:0000
78    |Warning: [i2c_smbus_linux] Failed to read i2c device PCI device ID
78    |Info:    [ResourceManager] Registering I2C interface: /dev/i2c-16 Device 0000:0000 Subsystem: 0000:0000
78    |Info:    [ResourceManager] Registering I2C interface: /dev/i2c-7 Device 8086:46A3 Subsystem: 103C:8A4F
78    |Warning: [i2c_smbus_linux] Failed to read i2c device PCI device ID
78    |Info:    [ResourceManager] Registering I2C interface: /dev/i2c-14 Device 0000:0000 Subsystem: 0000:0000
78    |Info:    [ResourceManager] Registering I2C interface: /dev/i2c-5 Device 8086:46A3 Subsystem: 103C:8A4F
78    |Info:    [ResourceManager] Registering I2C interface: /dev/i2c-12 Device 10DE:25A0 Subsystem: 103C:8A4F
78    |Info:    ------------------------------------------------------
78    |Info:    |               Detecting I2C devices                |
78    |Info:    ------------------------------------------------------
120   |Info:    ------------------------------------------------------
120   |Info:    |            Detecting I2C DIMM modules              |
120   |Info:    ------------------------------------------------------
120   |Info:    ------------------------------------------------------
120   |Info:    |               Detecting I2C PCI devices            |
120   |Info:    ------------------------------------------------------
121   |Info:    ------------------------------------------------------
121   |Info:    |               Detecting HID devices                |
121   |Info:    ------------------------------------------------------
121   |Info:    ------------------------------------------------------
121   |Info:    |            Detecting libusb HID devices            |
121   |Info:    ------------------------------------------------------
128   |Info:    ------------------------------------------------------
128   |Info:    |              Detecting other devices               |
128   |Info:    ------------------------------------------------------
136   |Info:    [ResourceManager] Calling Post-detection callbacks
136   |Info:    ------------------------------------------------------
136   |Info:    |                Detection completed                 |
136   |Info:    ------------------------------------------------------
136   |Dialog:  <h2>Some internal devices may not be detected:</h2><p>One or more I2C or SMBus interfaces failed to initialize.</p><p><b>RGB DRAM modules, some motherboards' onboard RGB lighting, and RGB Graphics Cards, will not be available in OpenRGB</b> without I2C or SMBus.</p><h4>How to fix this:</h4><p>On Linux, this is usually because the i2c-dev module is not loaded.</p><p>You must load the i2c-dev module along with the correct i2c driver for your motherboard. This is usually i2c-piix4 for AMD systems and i2c-i801 for Intel systems.</p><p>See <a href='https://help.openrgb.org/'>help.openrgb.org</a> for additional troubleshooting steps if you keep seeing this message.<br></p><h3>If you are not using internal RGB on a desktop this message is not important to you.</h3>
