    OpenRGB v0.9+ (git1290)
    Commit: 45af044cd84032b9a9b5865cb5e12aa2cd98c47e from 2025-04-13 13:42:14 -0500
    Launched: 20250613_143939
====================================================================================================

70    |Info:    [ProfileManager] Found file: Skibbidi.orp attempting to validate header
87    |Info:    [ProfileManager] Valid v5 profile found for Skibbidi
87    |Info:    [ProfileManager] Found file: main.orp attempting to validate header
90    |Info:    [ProfileManager] Valid v5 profile found for main
147   |Info:    [ResourceManager] Initializing HID interfaces: Success
147   |Info:    ------------------------------------------------------
147   |Info:    |               Start device detection               |
147   |Info:    ------------------------------------------------------
151   |Info:    ------------------------------------------------------
151   |Info:    |             Detecting I2C interfaces               |
151   |Info:    ------------------------------------------------------
221   |Info:    [ResourceManager] Registering I2C interface: /dev/i2c-3 Device 1002:747E Subsystem: 1458:2413
221   |Info:    [ResourceManager] Registering I2C interface: /dev/i2c-10 Device 1002:164E Subsystem: 1462:7E26
221   |Info:    [ResourceManager] Registering I2C interface: /dev/i2c-1 Device 1002:747E Subsystem: 1458:2413
221   |Info:    [ResourceManager] Registering I2C interface: /dev/i2c-19 Device 1022:790B Subsystem: 1462:7E26
221   |Info:    [ResourceManager] Registering I2C interface: /dev/i2c-17 Device 1022:790B Subsystem: 1462:7E26
221   |Warning: [i2c_smbus_linux] Failed to read i2c device PCI device ID
221   |Info:    [ResourceManager] Registering I2C interface: /dev/i2c-8 Device 0000:0000 Subsystem: 0000:0000
221   |Warning: [i2c_smbus_linux] Failed to read i2c device PCI device ID
221   |Info:    [ResourceManager] Registering I2C interface: /dev/i2c-15 Device 0000:0000 Subsystem: 0000:0000
221   |Info:    [ResourceManager] Registering I2C interface: /dev/i2c-6 Device 1002:747E Subsystem: 1458:2413
221   |Info:    [ResourceManager] Registering I2C interface: /dev/i2c-13 Device 1002:164E Subsystem: 1462:7E26
221   |Info:    [ResourceManager] Registering I2C interface: /dev/i2c-4 Device 1002:747E Subsystem: 1458:2413
221   |Info:    [ResourceManager] Registering I2C interface: /dev/i2c-11 Device 1002:164E Subsystem: 1462:7E26
221   |Info:    [ResourceManager] Registering I2C interface: /dev/i2c-2 Device 1002:747E Subsystem: 1458:2413
221   |Info:    [ResourceManager] Registering I2C interface: /dev/i2c-0 Device 0000:0000 Subsystem: 0000:0000
221   |Info:    [ResourceManager] Registering I2C interface: /dev/i2c-18 Device 1022:790B Subsystem: 1462:7E26
222   |Warning: [i2c_smbus_linux] Failed to read i2c device PCI device ID
222   |Info:    [ResourceManager] Registering I2C interface: /dev/i2c-9 Device 0000:0000 Subsystem: 0000:0000
222   |Warning: [i2c_smbus_linux] Failed to read i2c device PCI device ID
222   |Info:    [ResourceManager] Registering I2C interface: /dev/i2c-16 Device 0000:0000 Subsystem: 0000:0000
222   |Info:    [ResourceManager] Registering I2C interface: /dev/i2c-7 Device 1002:747E Subsystem: 1458:2413
222   |Warning: [i2c_smbus_linux] Failed to read i2c device PCI device ID
222   |Info:    [ResourceManager] Registering I2C interface: /dev/i2c-14 Device 0000:0000 Subsystem: 0000:0000
222   |Info:    [ResourceManager] Registering I2C interface: /dev/i2c-5 Device 1002:747E Subsystem: 1458:2413
222   |Info:    [ResourceManager] Registering I2C interface: /dev/i2c-12 Device 1002:164E Subsystem: 1462:7E26
222   |Info:    ------------------------------------------------------
222   |Info:    |               Detecting I2C devices                |
222   |Info:    ------------------------------------------------------
1267  |Info:    ------------------------------------------------------
1267  |Info:    |            Detecting I2C DIMM modules              |
1267  |Info:    ------------------------------------------------------
1401  |Info:    ------------------------------------------------------
1401  |Info:    |               Detecting I2C PCI devices            |
1401  |Info:    ------------------------------------------------------
1516  |Info:    [Gigabyte Radeon RX 7800 XT GAMING OC] Registering RGB controller
1584  |Info:    ------------------------------------------------------
1584  |Info:    |               Detecting HID devices                |
1584  |Info:    ------------------------------------------------------
1653  |Info:    [MSI PRO B650-S WIFI (MS-7E26)] Registering RGB controller
1653  |Info:    ------------------------------------------------------
1653  |Info:    |            Detecting libusb HID devices            |
1653  |Info:    ------------------------------------------------------
2089  |Info:    ------------------------------------------------------
2089  |Info:    |              Detecting other devices               |
2089  |Info:    ------------------------------------------------------
2214  |Info:    [ResourceManager] Calling Post-detection callbacks
2214  |Info:    ------------------------------------------------------
2214  |Info:    |                Detection completed                 |
2214  |Info:    ------------------------------------------------------
2236  |Warning: [PluginManager] Plugin /home/vearnx/.config/OpenRGB/plugins/OpenRGBEffectsPlugin_0.9_Bookworm_64_f1411e1.so has an incompatible API version
2236  |Warning: [PluginManager] Plugin /home/vearnx/.config/OpenRGB/plugins/OpenRGBEffectsPlugin_0.9_Bookworm_64_f1411e1.so cannot be unloaded
