    OpenRGB v0.9+ (git1702)
    Commit: 269e7c6115c2f7017aab6b22811445e229184588 from 2025-11-10 01:01:39 -0600
    Launched: 20251210_162135
====================================================================================================

1     |Info:    [ProfileManager] Found file: Skibbidi.orp attempting to validate header
1     |Info:    [ProfileManager] Valid v5 profile found for Skibbidi
1     |Info:    [ProfileManager] Found file: main.orp attempting to validate header
1     |Info:    [ProfileManager] Valid v5 profile found for main
54    |Info:    [ResourceManager] Initializing HID interfaces: Success
54    |Info:    ------------------------------------------------------
54    |Info:    |               Start device detection               |
54    |Info:    ------------------------------------------------------
63    |Info:    ------------------------------------------------------
63    |Info:    |             Detecting I2C interfaces               |
63    |Info:    ------------------------------------------------------
63    |Info:    [ResourceManager] Registering I2C interface: /dev/i2c-3 Device 1002:747E Subsystem: 1458:2413
63    |Info:    [ResourceManager] Registering I2C interface: /dev/i2c-10 Device 1002:164E Subsystem: 1462:7E26
63    |Info:    [ResourceManager] Registering I2C interface: /dev/i2c-1 Device 1002:747E Subsystem: 1458:2413
63    |Info:    [ResourceManager] Registering I2C interface: /dev/i2c-19 Device 1022:790B Subsystem: 1462:7E26
63    |Info:    [ResourceManager] Registering I2C interface: /dev/i2c-17 Device 1022:790B Subsystem: 1462:7E26
63    |Warning: [i2c_smbus_linux] Failed to read i2c device PCI device ID
64    |Info:    [ResourceManager] Registering I2C interface: /dev/i2c-8 Device 0000:0000 Subsystem: 0000:0000
64    |Warning: [i2c_smbus_linux] Failed to read i2c device PCI device ID
64    |Info:    [ResourceManager] Registering I2C interface: /dev/i2c-15 Device 0000:0000 Subsystem: 0000:0000
64    |Info:    [ResourceManager] Registering I2C interface: /dev/i2c-6 Device 1002:747E Subsystem: 1458:2413
64    |Info:    [ResourceManager] Registering I2C interface: /dev/i2c-13 Device 1002:164E Subsystem: 1462:7E26
64    |Info:    [ResourceManager] Registering I2C interface: /dev/i2c-4 Device 1002:747E Subsystem: 1458:2413
64    |Info:    [ResourceManager] Registering I2C interface: /dev/i2c-11 Device 1002:164E Subsystem: 1462:7E26
64    |Info:    [ResourceManager] Registering I2C interface: /dev/i2c-2 Device 1002:747E Subsystem: 1458:2413
64    |Info:    [ResourceManager] Registering I2C interface: /dev/i2c-0 Device 0000:0000 Subsystem: 0000:0000
64    |Info:    [ResourceManager] Registering I2C interface: /dev/i2c-18 Device 1022:790B Subsystem: 1462:7E26
64    |Warning: [i2c_smbus_linux] Failed to read i2c device PCI device ID
64    |Info:    [ResourceManager] Registering I2C interface: /dev/i2c-9 Device 0000:0000 Subsystem: 0000:0000
64    |Warning: [i2c_smbus_linux] Failed to read i2c device PCI device ID
64    |Info:    [ResourceManager] Registering I2C interface: /dev/i2c-16 Device 0000:0000 Subsystem: 0000:0000
64    |Info:    [ResourceManager] Registering I2C interface: /dev/i2c-7 Device 1002:747E Subsystem: 1458:2413
64    |Warning: [i2c_smbus_linux] Failed to read i2c device PCI device ID
64    |Info:    [ResourceManager] Registering I2C interface: /dev/i2c-14 Device 0000:0000 Subsystem: 0000:0000
64    |Info:    [ResourceManager] Registering I2C interface: /dev/i2c-5 Device 1002:747E Subsystem: 1458:2413
65    |Info:    [ResourceManager] Registering I2C interface: /dev/i2c-12 Device 1002:164E Subsystem: 1462:7E26
65    |Info:    ------------------------------------------------------
65    |Info:    |               Detecting I2C devices                |
65    |Info:    ------------------------------------------------------
1140  |Info:    ------------------------------------------------------
1140  |Info:    |            Detecting I2C DIMM modules              |
1140  |Info:    ------------------------------------------------------
2187  |Info:    [ResourceManager] Detected occupied slot 2, bus 4, type DDR5
3138  |Info:    [ResourceManager] Detected occupied slot 4, bus 4, type DDR5
3227  |Info:    ------------------------------------------------------
3227  |Info:    |               Detecting I2C PCI devices            |
3227  |Info:    ------------------------------------------------------
3349  |Info:    [Gigabyte Radeon RX 7800 XT GAMING OC] Registering RGB controller
3432  |Info:    ------------------------------------------------------
3432  |Info:    |               Detecting HID devices                |
3432  |Info:    ------------------------------------------------------
3498  |Info:    [MSI PRO B650-S WIFI (MS-7E26)] Registering RGB controller
3498  |Info:    ------------------------------------------------------
3498  |Info:    |            Detecting libusb HID devices            |
3498  |Info:    ------------------------------------------------------
3512  |Info:    ------------------------------------------------------
3512  |Info:    |              Detecting other devices               |
3512  |Info:    ------------------------------------------------------
3530  |Info:    [ResourceManager] Calling Post-detection callbacks
3530  |Info:    ------------------------------------------------------
3530  |Info:    |                Detection completed                 |
3530  |Info:    ------------------------------------------------------
3537  |Warning: [PluginManager] Plugin /home/vearnx/.config/OpenRGB/plugins/OpenRGBEffectsPlugin_0.9_Bookworm_64_f1411e1.so has an incompatible API version
3537  |Warning: [PluginManager] Plugin /home/vearnx/.config/OpenRGB/plugins/OpenRGBEffectsPlugin_0.9_Bookworm_64_f1411e1.so cannot be unloaded
