    OpenRGB v0.9+ (git1290)
    Commit: 45af044cd84032b9a9b5865cb5e12aa2cd98c47e from 2025-04-13 13:42:14 -0500
    Launched: 20250613_132136
====================================================================================================

32    |Info:    [ProfileManager] Found file: Skibbidi.orp attempting to validate header
48    |Info:    [ProfileManager] Valid v5 profile found for Skibbidi
48    |Info:    [ProfileManager] Found file: main.orp attempting to validate header
56    |Info:    [ProfileManager] Valid v5 profile found for main
133   |Info:    [ResourceManager] Initializing HID interfaces: Success
133   |Info:    ------------------------------------------------------
133   |Info:    |               Start device detection               |
133   |Info:    ------------------------------------------------------
137   |Info:    ------------------------------------------------------
137   |Info:    |             Detecting I2C interfaces               |
137   |Info:    ------------------------------------------------------
137   |Info:    [ResourceManager] Registering I2C interface: /dev/i2c-3 Device 1002:747E Subsystem: 1458:2413
137   |Info:    [ResourceManager] Registering I2C interface: /dev/i2c-10 Device 1002:164E Subsystem: 1462:7E26
137   |Info:    [ResourceManager] Registering I2C interface: /dev/i2c-1 Device 1002:747E Subsystem: 1458:2413
137   |Info:    [ResourceManager] Registering I2C interface: /dev/i2c-19 Device 1022:790B Subsystem: 1462:7E26
137   |Info:    [ResourceManager] Registering I2C interface: /dev/i2c-17 Device 1022:790B Subsystem: 1462:7E26
137   |Warning: [i2c_smbus_linux] Failed to read i2c device PCI device ID
137   |Info:    [ResourceManager] Registering I2C interface: /dev/i2c-8 Device 0000:0000 Subsystem: 0000:0000
137   |Warning: [i2c_smbus_linux] Failed to read i2c device PCI device ID
137   |Info:    [ResourceManager] Registering I2C interface: /dev/i2c-15 Device 0000:0000 Subsystem: 0000:0000
137   |Info:    [ResourceManager] Registering I2C interface: /dev/i2c-6 Device 1002:747E Subsystem: 1458:2413
137   |Info:    [ResourceManager] Registering I2C interface: /dev/i2c-13 Device 1002:164E Subsystem: 1462:7E26
137   |Info:    [ResourceManager] Registering I2C interface: /dev/i2c-4 Device 1002:747E Subsystem: 1458:2413
138   |Info:    [ResourceManager] Registering I2C interface: /dev/i2c-11 Device 1002:164E Subsystem: 1462:7E26
138   |Info:    [ResourceManager] Registering I2C interface: /dev/i2c-2 Device 1002:747E Subsystem: 1458:2413
138   |Info:    [ResourceManager] Registering I2C interface: /dev/i2c-0 Device 0000:0000 Subsystem: 0000:0000
138   |Info:    [ResourceManager] Registering I2C interface: /dev/i2c-18 Device 1022:790B Subsystem: 1462:7E26
138   |Warning: [i2c_smbus_linux] Failed to read i2c device PCI device ID
138   |Info:    [ResourceManager] Registering I2C interface: /dev/i2c-9 Device 0000:0000 Subsystem: 0000:0000
138   |Warning: [i2c_smbus_linux] Failed to read i2c device PCI device ID
138   |Info:    [ResourceManager] Registering I2C interface: /dev/i2c-16 Device 0000:0000 Subsystem: 0000:0000
138   |Info:    [ResourceManager] Registering I2C interface: /dev/i2c-7 Device 1002:747E Subsystem: 1458:2413
138   |Warning: [i2c_smbus_linux] Failed to read i2c device PCI device ID
138   |Info:    [ResourceManager] Registering I2C interface: /dev/i2c-14 Device 0000:0000 Subsystem: 0000:0000
138   |Info:    [ResourceManager] Registering I2C interface: /dev/i2c-5 Device 1002:747E Subsystem: 1458:2413
138   |Info:    [ResourceManager] Registering I2C interface: /dev/i2c-12 Device 1002:164E Subsystem: 1462:7E26
138   |Info:    ------------------------------------------------------
138   |Info:    |               Detecting I2C devices                |
138   |Info:    ------------------------------------------------------
1184  |Info:    ------------------------------------------------------
1184  |Info:    |            Detecting I2C DIMM modules              |
1184  |Info:    ------------------------------------------------------
1317  |Info:    ------------------------------------------------------
1317  |Info:    |               Detecting I2C PCI devices            |
1317  |Info:    ------------------------------------------------------
1434  |Info:    [Gigabyte Radeon RX 7800 XT GAMING OC] Registering RGB controller
1503  |Info:    ------------------------------------------------------
1503  |Info:    |               Detecting HID devices                |
1503  |Info:    ------------------------------------------------------
1570  |Info:    [MSI PRO B650-S WIFI (MS-7E26)] Registering RGB controller
1570  |Info:    ------------------------------------------------------
1570  |Info:    |            Detecting libusb HID devices            |
1570  |Info:    ------------------------------------------------------
1604  |Info:    ------------------------------------------------------
1604  |Info:    |              Detecting other devices               |
1604  |Info:    ------------------------------------------------------
1765  |Info:    [ResourceManager] Calling Post-detection callbacks
1765  |Info:    ------------------------------------------------------
1765  |Info:    |                Detection completed                 |
1765  |Info:    ------------------------------------------------------
2041  |Warning: [PluginManager] Plugin /home/vearnx/.config/OpenRGB/plugins/OpenRGBEffectsPlugin_0.9_Bookworm_64_f1411e1.so has an incompatible API version
2041  |Warning: [PluginManager] Plugin /home/vearnx/.config/OpenRGB/plugins/OpenRGBEffectsPlugin_0.9_Bookworm_64_f1411e1.so cannot be unloaded
