    OpenRGB v0.9+ (git1660)
    Commit: 93dd7f21226f93a7b5ddd49c1eed89ed9d535e54 from 2025-09-28 01:57:07 -0500
    Launched: 20251028_192946
====================================================================================================

3     |Info:    [ProfileManager] Found file: Skibbidi.orp attempting to validate header
4     |Info:    [ProfileManager] Valid v5 profile found for Skibbidi
4     |Info:    [ProfileManager] Found file: main.orp attempting to validate header
23    |Info:    [ProfileManager] Valid v5 profile found for main
80    |Info:    [ResourceManager] Initializing HID interfaces: Success
80    |Info:    ------------------------------------------------------
80    |Info:    |               Start device detection               |
80    |Info:    ------------------------------------------------------
88    |Info:    ------------------------------------------------------
88    |Info:    |             Detecting I2C interfaces               |
88    |Info:    ------------------------------------------------------
163   |Info:    [ResourceManager] Registering I2C interface: /dev/i2c-3 Device 1002:747E Subsystem: 1458:2413
163   |Info:    [ResourceManager] Registering I2C interface: /dev/i2c-10 Device 1002:164E Subsystem: 1462:7E26
163   |Info:    [ResourceManager] Registering I2C interface: /dev/i2c-1 Device 1002:747E Subsystem: 1458:2413
163   |Info:    [ResourceManager] Registering I2C interface: /dev/i2c-19 Device 1022:790B Subsystem: 1462:7E26
163   |Info:    [ResourceManager] Registering I2C interface: /dev/i2c-17 Device 1022:790B Subsystem: 1462:7E26
163   |Warning: [i2c_smbus_linux] Failed to read i2c device PCI device ID
163   |Info:    [ResourceManager] Registering I2C interface: /dev/i2c-8 Device 0000:0000 Subsystem: 0000:0000
163   |Warning: [i2c_smbus_linux] Failed to read i2c device PCI device ID
163   |Info:    [ResourceManager] Registering I2C interface: /dev/i2c-15 Device 0000:0000 Subsystem: 0000:0000
163   |Info:    [ResourceManager] Registering I2C interface: /dev/i2c-6 Device 1002:747E Subsystem: 1458:2413
163   |Info:    [ResourceManager] Registering I2C interface: /dev/i2c-13 Device 1002:164E Subsystem: 1462:7E26
163   |Info:    [ResourceManager] Registering I2C interface: /dev/i2c-4 Device 1002:747E Subsystem: 1458:2413
163   |Info:    [ResourceManager] Registering I2C interface: /dev/i2c-11 Device 1002:164E Subsystem: 1462:7E26
163   |Info:    [ResourceManager] Registering I2C interface: /dev/i2c-2 Device 1002:747E Subsystem: 1458:2413
163   |Info:    [ResourceManager] Registering I2C interface: /dev/i2c-0 Device 0000:0000 Subsystem: 0000:0000
163   |Info:    [ResourceManager] Registering I2C interface: /dev/i2c-18 Device 1022:790B Subsystem: 1462:7E26
164   |Warning: [i2c_smbus_linux] Failed to read i2c device PCI device ID
164   |Info:    [ResourceManager] Registering I2C interface: /dev/i2c-9 Device 0000:0000 Subsystem: 0000:0000
164   |Warning: [i2c_smbus_linux] Failed to read i2c device PCI device ID
164   |Info:    [ResourceManager] Registering I2C interface: /dev/i2c-16 Device 0000:0000 Subsystem: 0000:0000
164   |Info:    [ResourceManager] Registering I2C interface: /dev/i2c-7 Device 1002:747E Subsystem: 1458:2413
164   |Warning: [i2c_smbus_linux] Failed to read i2c device PCI device ID
164   |Info:    [ResourceManager] Registering I2C interface: /dev/i2c-14 Device 0000:0000 Subsystem: 0000:0000
164   |Info:    [ResourceManager] Registering I2C interface: /dev/i2c-5 Device 1002:747E Subsystem: 1458:2413
164   |Info:    [ResourceManager] Registering I2C interface: /dev/i2c-12 Device 1002:164E Subsystem: 1462:7E26
164   |Info:    ------------------------------------------------------
164   |Info:    |               Detecting I2C devices                |
164   |Info:    ------------------------------------------------------
1164  |Info:    ------------------------------------------------------
1164  |Info:    |            Detecting I2C DIMM modules              |
1164  |Info:    ------------------------------------------------------
2224  |Info:    [ResourceManager] Detected occupied slot 2, bus 4, type DDR5
3177  |Info:    [ResourceManager] Detected occupied slot 4, bus 4, type DDR5
3248  |Info:    ------------------------------------------------------
3248  |Info:    |               Detecting I2C PCI devices            |
3248  |Info:    ------------------------------------------------------
3361  |Info:    [Gigabyte Radeon RX 7800 XT GAMING OC] Registering RGB controller
3431  |Info:    ------------------------------------------------------
3431  |Info:    |               Detecting HID devices                |
3431  |Info:    ------------------------------------------------------
3497  |Info:    [MSI PRO B650-S WIFI (MS-7E26)] Registering RGB controller
3497  |Info:    ------------------------------------------------------
3497  |Info:    |            Detecting libusb HID devices            |
3497  |Info:    ------------------------------------------------------
3509  |Info:    ------------------------------------------------------
3509  |Info:    |              Detecting other devices               |
3509  |Info:    ------------------------------------------------------
3627  |Info:    [ResourceManager] Calling Post-detection callbacks
3627  |Info:    ------------------------------------------------------
3627  |Info:    |                Detection completed                 |
3627  |Info:    ------------------------------------------------------
3635  |Warning: [PluginManager] Plugin /home/vearnx/.config/OpenRGB/plugins/OpenRGBEffectsPlugin_0.9_Bookworm_64_f1411e1.so has an incompatible API version
3635  |Warning: [PluginManager] Plugin /home/vearnx/.config/OpenRGB/plugins/OpenRGBEffectsPlugin_0.9_Bookworm_64_f1411e1.so cannot be unloaded
