    OpenRGB v0.9+ (git1290)
    Commit: 45af044cd84032b9a9b5865cb5e12aa2cd98c47e from 2025-04-13 13:42:14 -0500
    Launched: 20250430_212040
====================================================================================================

76    |Info:    [ProfileManager] Found file: Skibbidi.orp attempting to validate header
83    |Info:    [ProfileManager] Valid v5 profile found for Skibbidi
83    |Info:    [ProfileManager] Found file: main.orp attempting to validate header
85    |Info:    [ProfileManager] Valid v5 profile found for main
140   |Info:    [ResourceManager] Initializing HID interfaces: Success
140   |Info:    ------------------------------------------------------
140   |Info:    |               Start device detection               |
140   |Info:    ------------------------------------------------------
143   |Info:    ------------------------------------------------------
143   |Info:    |             Detecting I2C interfaces               |
143   |Info:    ------------------------------------------------------
144   |Info:    [ResourceManager] Registering I2C interface: /dev/i2c-3 Device 1002:747E Subsystem: 1458:2413
144   |Info:    [ResourceManager] Registering I2C interface: /dev/i2c-10 Device 1002:164E Subsystem: 1462:7E26
144   |Info:    [ResourceManager] Registering I2C interface: /dev/i2c-1 Device 1002:747E Subsystem: 1458:2413
144   |Info:    [ResourceManager] Registering I2C interface: /dev/i2c-17 Device 1022:790B Subsystem: 1462:7E26
144   |Info:    [ResourceManager] Registering I2C interface: /dev/i2c-8 Device 1002:164E Subsystem: 1462:7E26
144   |Info:    [ResourceManager] Registering I2C interface: /dev/i2c-15 Device 1022:790B Subsystem: 1462:7E26
144   |Warning: [i2c_smbus_linux] Failed to read i2c device PCI device ID
144   |Info:    [ResourceManager] Registering I2C interface: /dev/i2c-6 Device 0000:0000 Subsystem: 0000:0000
144   |Warning: [i2c_smbus_linux] Failed to read i2c device PCI device ID
144   |Info:    [ResourceManager] Registering I2C interface: /dev/i2c-13 Device 0000:0000 Subsystem: 0000:0000
144   |Info:    [ResourceManager] Registering I2C interface: /dev/i2c-4 Device 1002:747E Subsystem: 1458:2413
144   |Info:    [ResourceManager] Registering I2C interface: /dev/i2c-11 Device 1002:164E Subsystem: 1462:7E26
144   |Info:    [ResourceManager] Registering I2C interface: /dev/i2c-2 Device 1002:747E Subsystem: 1458:2413
144   |Info:    [ResourceManager] Registering I2C interface: /dev/i2c-0 Device 1002:747E Subsystem: 1458:2413
144   |Info:    [ResourceManager] Registering I2C interface: /dev/i2c-9 Device 1002:164E Subsystem: 1462:7E26
144   |Info:    [ResourceManager] Registering I2C interface: /dev/i2c-16 Device 1022:790B Subsystem: 1462:7E26
144   |Warning: [i2c_smbus_linux] Failed to read i2c device PCI device ID
144   |Info:    [ResourceManager] Registering I2C interface: /dev/i2c-7 Device 0000:0000 Subsystem: 0000:0000
144   |Warning: [i2c_smbus_linux] Failed to read i2c device PCI device ID
144   |Info:    [ResourceManager] Registering I2C interface: /dev/i2c-14 Device 0000:0000 Subsystem: 0000:0000
145   |Info:    [ResourceManager] Registering I2C interface: /dev/i2c-5 Device 1002:747E Subsystem: 1458:2413
145   |Warning: [i2c_smbus_linux] Failed to read i2c device PCI device ID
145   |Info:    [ResourceManager] Registering I2C interface: /dev/i2c-12 Device 0000:0000 Subsystem: 0000:0000
145   |Info:    ------------------------------------------------------
145   |Info:    |               Detecting I2C devices                |
145   |Info:    ------------------------------------------------------
1195  |Info:    ------------------------------------------------------
1195  |Info:    |            Detecting I2C DIMM modules              |
1195  |Info:    ------------------------------------------------------
1330  |Info:    ------------------------------------------------------
1330  |Info:    |               Detecting I2C PCI devices            |
1330  |Info:    ------------------------------------------------------
1509  |Info:    ------------------------------------------------------
1509  |Info:    |               Detecting HID devices                |
1509  |Info:    ------------------------------------------------------
1575  |Info:    [MSI PRO B650-S WIFI (MS-7E26)] Registering RGB controller
1576  |Info:    ------------------------------------------------------
1576  |Info:    |            Detecting libusb HID devices            |
1576  |Info:    ------------------------------------------------------
1587  |Info:    ------------------------------------------------------
1587  |Info:    |              Detecting other devices               |
1587  |Info:    ------------------------------------------------------
1691  |Info:    [ResourceManager] Calling Post-detection callbacks
1691  |Info:    ------------------------------------------------------
1691  |Info:    |                Detection completed                 |
1691  |Info:    ------------------------------------------------------
1704  |Warning: [PluginManager] Plugin /home/vearnx/.config/OpenRGB/plugins/OpenRGBEffectsPlugin_0.9_Bookworm_64_f1411e1.so has an incompatible API version
1704  |Warning: [PluginManager] Plugin /home/vearnx/.config/OpenRGB/plugins/OpenRGBEffectsPlugin_0.9_Bookworm_64_f1411e1.so cannot be unloaded
