    OpenRGB v0.9
    Commit:  from 
    Launched: 20250221_131650
====================================================================================================

1001  |Info:    ------------------------------------------------------
1001  |Info:    |               Start device detection               |
1001  |Info:    ------------------------------------------------------
1001  |Info:    Initializing HID interfaces: Success
1005  |Info:    ------------------------------------------------------
1005  |Info:    |             Detecting I2C interfaces               |
1005  |Info:    ------------------------------------------------------
1005  |Info:    Registering I2C interface: /dev/i2c-3 Device 1002:747E Subsystem: 1458:2413
1005  |Info:    Registering I2C interface: /dev/i2c-10 Device 1002:164E Subsystem: 1462:7E26
1005  |Info:    Registering I2C interface: /dev/i2c-1 Device 1002:747E Subsystem: 1458:2413
1005  |Info:    Registering I2C interface: /dev/i2c-17 Device 1022:790B Subsystem: 1462:7E26
1005  |Info:    Registering I2C interface: /dev/i2c-8 Device 1002:164E Subsystem: 1462:7E26
1005  |Info:    Registering I2C interface: /dev/i2c-15 Device 1022:790B Subsystem: 1462:7E26
1005  |Warning: [i2c_smbus_linux] Failed to read i2c device PCI device ID
1005  |Info:    Registering I2C interface: /dev/i2c-6 Device 0000:0000 Subsystem: 0000:0000
1005  |Warning: [i2c_smbus_linux] Failed to read i2c device PCI device ID
1005  |Info:    Registering I2C interface: /dev/i2c-13 Device 0000:0000 Subsystem: 0000:0000
1006  |Info:    Registering I2C interface: /dev/i2c-4 Device 1002:747E Subsystem: 1458:2413
1006  |Info:    Registering I2C interface: /dev/i2c-11 Device 1002:164E Subsystem: 1462:7E26
1006  |Info:    Registering I2C interface: /dev/i2c-2 Device 1002:747E Subsystem: 1458:2413
1006  |Info:    Registering I2C interface: /dev/i2c-0 Device 1002:747E Subsystem: 1458:2413
1006  |Info:    Registering I2C interface: /dev/i2c-9 Device 1002:164E Subsystem: 1462:7E26
1006  |Info:    Registering I2C interface: /dev/i2c-16 Device 1022:790B Subsystem: 1462:7E26
1006  |Warning: [i2c_smbus_linux] Failed to read i2c device PCI device ID
1006  |Info:    Registering I2C interface: /dev/i2c-7 Device 0000:0000 Subsystem: 0000:0000
1006  |Warning: [i2c_smbus_linux] Failed to read i2c device PCI device ID
1006  |Info:    Registering I2C interface: /dev/i2c-14 Device 0000:0000 Subsystem: 0000:0000
1006  |Info:    Registering I2C interface: /dev/i2c-5 Device 1002:747E Subsystem: 1458:2413
1006  |Warning: [i2c_smbus_linux] Failed to read i2c device PCI device ID
1006  |Info:    Registering I2C interface: /dev/i2c-12 Device 0000:0000 Subsystem: 0000:0000
1006  |Info:    ------------------------------------------------------
1006  |Info:    |               Detecting I2C devices                |
1006  |Info:    ------------------------------------------------------
2059  |Info:    ------------------------------------------------------
2059  |Info:    |               Detecting I2C PCI devices            |
2059  |Info:    ------------------------------------------------------
2060  |Info:    ------------------------------------------------------
2060  |Info:    |               Detecting HID devices                |
2060  |Info:    ------------------------------------------------------
2060  |Info:    ------------------------------------------------------
2060  |Info:    |            Detecting libusb HID devices            |
2060  |Info:    ------------------------------------------------------
2066  |Info:    ------------------------------------------------------
2066  |Info:    |              Detecting other devices               |
2066  |Info:    ------------------------------------------------------
2071  |Info:    ------------------------------------------------------
2071  |Info:    |                Detection completed                 |
2071  |Info:    ------------------------------------------------------
2071  |Dialog:  <h2>WARNING:</h2><p>Multiple OpenRGB udev rules are installed.</p><p>The udev rules file 60-openrgb.rules is installed in both /etc/udev/rules.d and /usr/lib/udev/rules.d.</p><p>Multiple udev rules files can conflict, it is recommended to remove one of them.</p>
6726  |Info:    ------------------------------------------------------
6726  |Info:    |               Start device detection               |
6726  |Info:    ------------------------------------------------------
6727  |Info:    Initializing HID interfaces: Success
6730  |Info:    ------------------------------------------------------
6730  |Info:    |             Detecting I2C interfaces               |
6730  |Info:    ------------------------------------------------------
6730  |Info:    Registering I2C interface: /dev/i2c-3 Device 1002:747E Subsystem: 1458:2413
6730  |Info:    Registering I2C interface: /dev/i2c-10 Device 1002:164E Subsystem: 1462:7E26
6730  |Info:    Registering I2C interface: /dev/i2c-1 Device 1002:747E Subsystem: 1458:2413
6730  |Info:    Registering I2C interface: /dev/i2c-17 Device 1022:790B Subsystem: 1462:7E26
6730  |Info:    Registering I2C interface: /dev/i2c-8 Device 1002:164E Subsystem: 1462:7E26
6730  |Info:    Registering I2C interface: /dev/i2c-15 Device 1022:790B Subsystem: 1462:7E26
6730  |Warning: [i2c_smbus_linux] Failed to read i2c device PCI device ID
6730  |Info:    Registering I2C interface: /dev/i2c-6 Device 0000:0000 Subsystem: 0000:0000
6730  |Warning: [i2c_smbus_linux] Failed to read i2c device PCI device ID
6730  |Info:    Registering I2C interface: /dev/i2c-13 Device 0000:0000 Subsystem: 0000:0000
6730  |Info:    Registering I2C interface: /dev/i2c-4 Device 1002:747E Subsystem: 1458:2413
6730  |Info:    Registering I2C interface: /dev/i2c-11 Device 1002:164E Subsystem: 1462:7E26
6730  |Info:    Registering I2C interface: /dev/i2c-2 Device 1002:747E Subsystem: 1458:2413
6731  |Info:    Registering I2C interface: /dev/i2c-0 Device 1002:747E Subsystem: 1458:2413
6731  |Info:    Registering I2C interface: /dev/i2c-9 Device 1002:164E Subsystem: 1462:7E26
6731  |Info:    Registering I2C interface: /dev/i2c-16 Device 1022:790B Subsystem: 1462:7E26
6731  |Warning: [i2c_smbus_linux] Failed to read i2c device PCI device ID
6731  |Info:    Registering I2C interface: /dev/i2c-7 Device 0000:0000 Subsystem: 0000:0000
6731  |Warning: [i2c_smbus_linux] Failed to read i2c device PCI device ID
6731  |Info:    Registering I2C interface: /dev/i2c-14 Device 0000:0000 Subsystem: 0000:0000
6731  |Info:    Registering I2C interface: /dev/i2c-5 Device 1002:747E Subsystem: 1458:2413
6731  |Warning: [i2c_smbus_linux] Failed to read i2c device PCI device ID
6731  |Info:    Registering I2C interface: /dev/i2c-12 Device 0000:0000 Subsystem: 0000:0000
6731  |Info:    ------------------------------------------------------
6731  |Info:    |               Detecting I2C devices                |
6731  |Info:    ------------------------------------------------------
7782  |Info:    ------------------------------------------------------
7782  |Info:    |               Detecting I2C PCI devices            |
7782  |Info:    ------------------------------------------------------
7783  |Info:    ------------------------------------------------------
7783  |Info:    |               Detecting HID devices                |
7783  |Info:    ------------------------------------------------------
7783  |Info:    ------------------------------------------------------
7783  |Info:    |            Detecting libusb HID devices            |
7783  |Info:    ------------------------------------------------------
7783  |Info:    ------------------------------------------------------
7783  |Info:    |              Detecting other devices               |
7783  |Info:    ------------------------------------------------------
7784  |Info:    ------------------------------------------------------
7784  |Info:    |                Detection completed                 |
7784  |Info:    ------------------------------------------------------
7784  |Dialog:  <h2>WARNING:</h2><p>Multiple OpenRGB udev rules are installed.</p><p>The udev rules file 60-openrgb.rules is installed in both /etc/udev/rules.d and /usr/lib/udev/rules.d.</p><p>Multiple udev rules files can conflict, it is recommended to remove one of them.</p>
