    OpenRGB v0.9+ (1.0rc1)
    Commit: 1fbacdea373361ecd2e0780c1db15cc3eb9aa538 from 2025-02-22 11:06:06 -0600
    Launched: 20250223_031802
====================================================================================================

52    |Info:    [ResourceManager] Saving detector settings
53    |Info:    [ResourceManager] Initializing HID interfaces: Success
53    |Info:    ------------------------------------------------------
53    |Info:    |               Start device detection               |
53    |Info:    ------------------------------------------------------
56    |Info:    ------------------------------------------------------
57    |Info:    |             Detecting I2C interfaces               |
57    |Info:    ------------------------------------------------------
57    |Info:    [ResourceManager] Registering I2C interface: /dev/i2c-3 Device 1002:747E Subsystem: 1458:2413
57    |Info:    [ResourceManager] Registering I2C interface: /dev/i2c-10 Device 1002:164E Subsystem: 1462:7E26
57    |Info:    [ResourceManager] Registering I2C interface: /dev/i2c-1 Device 1002:747E Subsystem: 1458:2413
57    |Info:    [ResourceManager] Registering I2C interface: /dev/i2c-17 Device 1022:790B Subsystem: 1462:7E26
57    |Info:    [ResourceManager] Registering I2C interface: /dev/i2c-8 Device 1002:164E Subsystem: 1462:7E26
57    |Info:    [ResourceManager] Registering I2C interface: /dev/i2c-15 Device 1022:790B Subsystem: 1462:7E26
57    |Warning: [i2c_smbus_linux] Failed to read i2c device PCI device ID
57    |Info:    [ResourceManager] Registering I2C interface: /dev/i2c-6 Device 0000:0000 Subsystem: 0000:0000
57    |Warning: [i2c_smbus_linux] Failed to read i2c device PCI device ID
57    |Info:    [ResourceManager] Registering I2C interface: /dev/i2c-13 Device 0000:0000 Subsystem: 0000:0000
57    |Info:    [ResourceManager] Registering I2C interface: /dev/i2c-4 Device 1002:747E Subsystem: 1458:2413
57    |Info:    [ResourceManager] Registering I2C interface: /dev/i2c-11 Device 1002:164E Subsystem: 1462:7E26
57    |Info:    [ResourceManager] Registering I2C interface: /dev/i2c-2 Device 1002:747E Subsystem: 1458:2413
57    |Info:    [ResourceManager] Registering I2C interface: /dev/i2c-0 Device 1002:747E Subsystem: 1458:2413
57    |Info:    [ResourceManager] Registering I2C interface: /dev/i2c-9 Device 1002:164E Subsystem: 1462:7E26
57    |Info:    [ResourceManager] Registering I2C interface: /dev/i2c-16 Device 1022:790B Subsystem: 1462:7E26
57    |Warning: [i2c_smbus_linux] Failed to read i2c device PCI device ID
57    |Info:    [ResourceManager] Registering I2C interface: /dev/i2c-7 Device 0000:0000 Subsystem: 0000:0000
57    |Warning: [i2c_smbus_linux] Failed to read i2c device PCI device ID
57    |Info:    [ResourceManager] Registering I2C interface: /dev/i2c-14 Device 0000:0000 Subsystem: 0000:0000
58    |Info:    [ResourceManager] Registering I2C interface: /dev/i2c-5 Device 1002:747E Subsystem: 1458:2413
58    |Warning: [i2c_smbus_linux] Failed to read i2c device PCI device ID
58    |Info:    [ResourceManager] Registering I2C interface: /dev/i2c-12 Device 0000:0000 Subsystem: 0000:0000
58    |Info:    ------------------------------------------------------
58    |Info:    |               Detecting I2C devices                |
58    |Info:    ------------------------------------------------------
1104  |Info:    ------------------------------------------------------
1104  |Info:    |            Detecting I2C DIMM modules              |
1104  |Info:    ------------------------------------------------------
1239  |Info:    ------------------------------------------------------
1239  |Info:    |               Detecting I2C PCI devices            |
1239  |Info:    ------------------------------------------------------
1395  |Info:    ------------------------------------------------------
1395  |Info:    |               Detecting HID devices                |
1395  |Info:    ------------------------------------------------------
1461  |Info:    [MSI PRO B650-S WIFI (MS-7E26)] Registering RGB controller
1461  |Info:    ------------------------------------------------------
1461  |Info:    |            Detecting libusb HID devices            |
1461  |Info:    ------------------------------------------------------
1466  |Info:    ------------------------------------------------------
1466  |Info:    |              Detecting other devices               |
1466  |Info:    ------------------------------------------------------
1566  |Info:    [ResourceManager] Calling Post-detection callbacks
1566  |Info:    ------------------------------------------------------
1566  |Info:    |                Detection completed                 |
1566  |Info:    ------------------------------------------------------
1566  |Dialog:  <h2>WARNING:</h2><p>Multiple OpenRGB udev rules are installed.</p><p>The udev rules file 60-openrgb.rules is installed in both /etc/udev/rules.d and /usr/lib/udev/rules.d.</p><p>Multiple udev rules files can conflict, it is recommended to remove one of them.</p>
90976 |Info:    [ResourceManager] Initializing HID interfaces: Success
90976 |Info:    ------------------------------------------------------
90976 |Info:    |               Start device detection               |
90976 |Info:    ------------------------------------------------------
90980 |Info:    ------------------------------------------------------
90980 |Info:    |             Detecting I2C interfaces               |
90980 |Info:    ------------------------------------------------------
90980 |Info:    [ResourceManager] Registering I2C interface: /dev/i2c-3 Device 1002:747E Subsystem: 1458:2413
90980 |Info:    [ResourceManager] Registering I2C interface: /dev/i2c-10 Device 1002:164E Subsystem: 1462:7E26
90980 |Info:    [ResourceManager] Registering I2C interface: /dev/i2c-1 Device 1002:747E Subsystem: 1458:2413
90980 |Info:    [ResourceManager] Registering I2C interface: /dev/i2c-17 Device 1022:790B Subsystem: 1462:7E26
90980 |Info:    [ResourceManager] Registering I2C interface: /dev/i2c-8 Device 1002:164E Subsystem: 1462:7E26
90980 |Info:    [ResourceManager] Registering I2C interface: /dev/i2c-15 Device 1022:790B Subsystem: 1462:7E26
90980 |Warning: [i2c_smbus_linux] Failed to read i2c device PCI device ID
90980 |Info:    [ResourceManager] Registering I2C interface: /dev/i2c-6 Device 0000:0000 Subsystem: 0000:0000
90980 |Warning: [i2c_smbus_linux] Failed to read i2c device PCI device ID
90980 |Info:    [ResourceManager] Registering I2C interface: /dev/i2c-13 Device 0000:0000 Subsystem: 0000:0000
90980 |Info:    [ResourceManager] Registering I2C interface: /dev/i2c-4 Device 1002:747E Subsystem: 1458:2413
90981 |Info:    [ResourceManager] Registering I2C interface: /dev/i2c-11 Device 1002:164E Subsystem: 1462:7E26
90981 |Info:    [ResourceManager] Registering I2C interface: /dev/i2c-2 Device 1002:747E Subsystem: 1458:2413
90981 |Info:    [ResourceManager] Registering I2C interface: /dev/i2c-0 Device 1002:747E Subsystem: 1458:2413
90981 |Info:    [ResourceManager] Registering I2C interface: /dev/i2c-9 Device 1002:164E Subsystem: 1462:7E26
90981 |Info:    [ResourceManager] Registering I2C interface: /dev/i2c-16 Device 1022:790B Subsystem: 1462:7E26
90981 |Warning: [i2c_smbus_linux] Failed to read i2c device PCI device ID
90981 |Info:    [ResourceManager] Registering I2C interface: /dev/i2c-7 Device 0000:0000 Subsystem: 0000:0000
90981 |Warning: [i2c_smbus_linux] Failed to read i2c device PCI device ID
90981 |Info:    [ResourceManager] Registering I2C interface: /dev/i2c-14 Device 0000:0000 Subsystem: 0000:0000
90981 |Info:    [ResourceManager] Registering I2C interface: /dev/i2c-5 Device 1002:747E Subsystem: 1458:2413
90990 |Warning: [i2c_smbus_linux] Failed to read i2c device PCI device ID
90990 |Info:    [ResourceManager] Registering I2C interface: /dev/i2c-12 Device 0000:0000 Subsystem: 0000:0000
90990 |Info:    ------------------------------------------------------
90990 |Info:    |               Detecting I2C devices                |
90990 |Info:    ------------------------------------------------------
92033 |Info:    ------------------------------------------------------
92033 |Info:    |            Detecting I2C DIMM modules              |
92033 |Info:    ------------------------------------------------------
92167 |Info:    ------------------------------------------------------
92167 |Info:    |               Detecting I2C PCI devices            |
92167 |Info:    ------------------------------------------------------
92325 |Info:    ------------------------------------------------------
92325 |Info:    |               Detecting HID devices                |
92325 |Info:    ------------------------------------------------------
92390 |Info:    [MSI PRO B650-S WIFI (MS-7E26)] Registering RGB controller
92390 |Info:    ------------------------------------------------------
92390 |Info:    |            Detecting libusb HID devices            |
92390 |Info:    ------------------------------------------------------
92390 |Info:    ------------------------------------------------------
92390 |Info:    |              Detecting other devices               |
92390 |Info:    ------------------------------------------------------
92485 |Info:    [ResourceManager] Calling Post-detection callbacks
92485 |Info:    ------------------------------------------------------
92485 |Info:    |                Detection completed                 |
92485 |Info:    ------------------------------------------------------
92485 |Dialog:  <h2>WARNING:</h2><p>Multiple OpenRGB udev rules are installed.</p><p>The udev rules file 60-openrgb.rules is installed in both /etc/udev/rules.d and /usr/lib/udev/rules.d.</p><p>Multiple udev rules files can conflict, it is recommended to remove one of them.</p>
