    OpenRGB v0.9+ (git1290)
    Commit: 45af044cd84032b9a9b5865cb5e12aa2cd98c47e from 2025-04-13 13:42:14 -0500
    Launched: 20250516_171541
====================================================================================================

10    |Info:    [ProfileManager] Found file: Skibbidi.orp attempting to validate header
53    |Info:    [ProfileManager] Valid v5 profile found for Skibbidi
53    |Info:    [ProfileManager] Found file: main.orp attempting to validate header
56    |Info:    [ProfileManager] Valid v5 profile found for main
109   |Info:    [ResourceManager] Initializing HID interfaces: Success
109   |Info:    ------------------------------------------------------
109   |Info:    |               Start device detection               |
109   |Info:    ------------------------------------------------------
112   |Info:    ------------------------------------------------------
112   |Info:    |             Detecting I2C interfaces               |
112   |Info:    ------------------------------------------------------
112   |Info:    [ResourceManager] Registering I2C interface: /dev/i2c-3 Device 1002:747E Subsystem: 1458:2413
112   |Info:    [ResourceManager] Registering I2C interface: /dev/i2c-10 Device 1002:164E Subsystem: 1462:7E26
112   |Info:    [ResourceManager] Registering I2C interface: /dev/i2c-1 Device 1002:747E Subsystem: 1458:2413
112   |Info:    [ResourceManager] Registering I2C interface: /dev/i2c-17 Device 1022:790B Subsystem: 1462:7E26
112   |Warning: [i2c_smbus_linux] Failed to read i2c device PCI device ID
112   |Info:    [ResourceManager] Registering I2C interface: /dev/i2c-8 Device 0000:0000 Subsystem: 0000:0000
112   |Warning: [i2c_smbus_linux] Failed to read i2c device PCI device ID
112   |Info:    [ResourceManager] Registering I2C interface: /dev/i2c-15 Device 0000:0000 Subsystem: 0000:0000
113   |Info:    [ResourceManager] Registering I2C interface: /dev/i2c-6 Device 1002:747E Subsystem: 1458:2413
113   |Warning: [i2c_smbus_linux] Failed to read i2c device PCI device ID
113   |Info:    [ResourceManager] Registering I2C interface: /dev/i2c-13 Device 0000:0000 Subsystem: 0000:0000
113   |Info:    [ResourceManager] Registering I2C interface: /dev/i2c-4 Device 1002:747E Subsystem: 1458:2413
113   |Info:    [ResourceManager] Registering I2C interface: /dev/i2c-11 Device 1002:164E Subsystem: 1462:7E26
113   |Info:    [ResourceManager] Registering I2C interface: /dev/i2c-2 Device 1002:747E Subsystem: 1458:2413
113   |Info:    [ResourceManager] Registering I2C interface: /dev/i2c-0 Device 0000:0000 Subsystem: 0000:0000
113   |Info:    [ResourceManager] Registering I2C interface: /dev/i2c-18 Device 1022:790B Subsystem: 1462:7E26
113   |Info:    [ResourceManager] Registering I2C interface: /dev/i2c-9 Device 1002:164E Subsystem: 1462:7E26
113   |Info:    [ResourceManager] Registering I2C interface: /dev/i2c-16 Device 1022:790B Subsystem: 1462:7E26
113   |Warning: [i2c_smbus_linux] Failed to read i2c device PCI device ID
113   |Info:    [ResourceManager] Registering I2C interface: /dev/i2c-7 Device 0000:0000 Subsystem: 0000:0000
113   |Warning: [i2c_smbus_linux] Failed to read i2c device PCI device ID
113   |Info:    [ResourceManager] Registering I2C interface: /dev/i2c-14 Device 0000:0000 Subsystem: 0000:0000
113   |Info:    [ResourceManager] Registering I2C interface: /dev/i2c-5 Device 1002:747E Subsystem: 1458:2413
113   |Info:    [ResourceManager] Registering I2C interface: /dev/i2c-12 Device 1002:164E Subsystem: 1462:7E26
113   |Info:    ------------------------------------------------------
113   |Info:    |               Detecting I2C devices                |
113   |Info:    ------------------------------------------------------
1162  |Info:    ------------------------------------------------------
1162  |Info:    |            Detecting I2C DIMM modules              |
1162  |Info:    ------------------------------------------------------
1299  |Info:    ------------------------------------------------------
1299  |Info:    |               Detecting I2C PCI devices            |
1299  |Info:    ------------------------------------------------------
1476  |Info:    ------------------------------------------------------
1476  |Info:    |               Detecting HID devices                |
1476  |Info:    ------------------------------------------------------
1541  |Info:    [MSI PRO B650-S WIFI (MS-7E26)] Registering RGB controller
1541  |Info:    ------------------------------------------------------
1541  |Info:    |            Detecting libusb HID devices            |
1541  |Info:    ------------------------------------------------------
1835  |Info:    ------------------------------------------------------
1835  |Info:    |              Detecting other devices               |
1835  |Info:    ------------------------------------------------------
1939  |Info:    [ResourceManager] Calling Post-detection callbacks
1939  |Info:    ------------------------------------------------------
1939  |Info:    |                Detection completed                 |
1940  |Info:    ------------------------------------------------------
2090  |Warning: [PluginManager] Plugin /home/vearnx/.config/OpenRGB/plugins/OpenRGBEffectsPlugin_0.9_Bookworm_64_f1411e1.so has an incompatible API version
2090  |Warning: [PluginManager] Plugin /home/vearnx/.config/OpenRGB/plugins/OpenRGBEffectsPlugin_0.9_Bookworm_64_f1411e1.so cannot be unloaded
