    OpenRGB v0.9+ (1.0rc1)
    Commit: 1fbacdea373361ecd2e0780c1db15cc3eb9aa538 from 2025-02-22 11:06:06 -0600
    Launched: 20250326_212207
====================================================================================================

0     |Info:    [ProfileManager] Found file: Skibbidi.orp attempting to validate header
18    |Info:    [ProfileManager] Valid v5 profile found for Skibbidi
18    |Info:    [ProfileManager] Found file: main.orp attempting to validate header
84    |Info:    [ProfileManager] Valid v5 profile found for main
150   |Info:    [ResourceManager] Initializing HID interfaces: Success
150   |Info:    ------------------------------------------------------
150   |Info:    |               Start device detection               |
150   |Info:    ------------------------------------------------------
154   |Info:    ------------------------------------------------------
154   |Info:    |             Detecting I2C interfaces               |
154   |Info:    ------------------------------------------------------
154   |Info:    [ResourceManager] Registering I2C interface: /dev/i2c-3 Device 1002:747E Subsystem: 1458:2413
154   |Info:    [ResourceManager] Registering I2C interface: /dev/i2c-10 Device 1002:164E Subsystem: 1462:7E26
154   |Info:    [ResourceManager] Registering I2C interface: /dev/i2c-1 Device 1002:747E Subsystem: 1458:2413
154   |Info:    [ResourceManager] Registering I2C interface: /dev/i2c-17 Device 1022:790B Subsystem: 1462:7E26
154   |Info:    [ResourceManager] Registering I2C interface: /dev/i2c-8 Device 1002:164E Subsystem: 1462:7E26
154   |Info:    [ResourceManager] Registering I2C interface: /dev/i2c-15 Device 1022:790B Subsystem: 1462:7E26
154   |Warning: [i2c_smbus_linux] Failed to read i2c device PCI device ID
154   |Info:    [ResourceManager] Registering I2C interface: /dev/i2c-6 Device 0000:0000 Subsystem: 0000:0000
154   |Warning: [i2c_smbus_linux] Failed to read i2c device PCI device ID
154   |Info:    [ResourceManager] Registering I2C interface: /dev/i2c-13 Device 0000:0000 Subsystem: 0000:0000
154   |Info:    [ResourceManager] Registering I2C interface: /dev/i2c-4 Device 1002:747E Subsystem: 1458:2413
154   |Info:    [ResourceManager] Registering I2C interface: /dev/i2c-11 Device 1002:164E Subsystem: 1462:7E26
155   |Info:    [ResourceManager] Registering I2C interface: /dev/i2c-2 Device 1002:747E Subsystem: 1458:2413
155   |Info:    [ResourceManager] Registering I2C interface: /dev/i2c-0 Device 1002:747E Subsystem: 1458:2413
155   |Info:    [ResourceManager] Registering I2C interface: /dev/i2c-9 Device 1002:164E Subsystem: 1462:7E26
155   |Info:    [ResourceManager] Registering I2C interface: /dev/i2c-16 Device 1022:790B Subsystem: 1462:7E26
155   |Warning: [i2c_smbus_linux] Failed to read i2c device PCI device ID
155   |Info:    [ResourceManager] Registering I2C interface: /dev/i2c-7 Device 0000:0000 Subsystem: 0000:0000
155   |Warning: [i2c_smbus_linux] Failed to read i2c device PCI device ID
155   |Info:    [ResourceManager] Registering I2C interface: /dev/i2c-14 Device 0000:0000 Subsystem: 0000:0000
155   |Info:    [ResourceManager] Registering I2C interface: /dev/i2c-5 Device 1002:747E Subsystem: 1458:2413
155   |Warning: [i2c_smbus_linux] Failed to read i2c device PCI device ID
155   |Info:    [ResourceManager] Registering I2C interface: /dev/i2c-12 Device 0000:0000 Subsystem: 0000:0000
155   |Info:    ------------------------------------------------------
155   |Info:    |               Detecting I2C devices                |
155   |Info:    ------------------------------------------------------
1196  |Info:    ------------------------------------------------------
1196  |Info:    |            Detecting I2C DIMM modules              |
1196  |Info:    ------------------------------------------------------
1331  |Info:    ------------------------------------------------------
1331  |Info:    |               Detecting I2C PCI devices            |
1331  |Info:    ------------------------------------------------------
1507  |Info:    ------------------------------------------------------
1507  |Info:    |               Detecting HID devices                |
1507  |Info:    ------------------------------------------------------
1690  |Info:    [MSI PRO B650-S WIFI (MS-7E26)] Registering RGB controller
1690  |Info:    ------------------------------------------------------
1690  |Info:    |            Detecting libusb HID devices            |
1690  |Info:    ------------------------------------------------------
1714  |Info:    ------------------------------------------------------
1714  |Info:    |              Detecting other devices               |
1714  |Info:    ------------------------------------------------------
1916  |Info:    [ResourceManager] Calling Post-detection callbacks
1916  |Info:    ------------------------------------------------------
1916  |Info:    |                Detection completed                 |
1916  |Info:    ------------------------------------------------------
1916  |Dialog:  <h2>WARNING:</h2><p>Multiple OpenRGB udev rules are installed.</p><p>The udev rules file 60-openrgb.rules is installed in both /etc/udev/rules.d and /usr/lib/udev/rules.d.</p><p>Multiple udev rules files can conflict, it is recommended to remove one of them.</p>
