    OpenRGB v0.9+ (1.0rc1)
    Commit: 1fbacdea373361ecd2e0780c1db15cc3eb9aa538 from 2025-02-22 11:06:06 -0600
    Launched: 20250307_195332
====================================================================================================

39    |Info:    [ProfileManager] Found file: Skibbidi.orp attempting to validate header
76    |Info:    [ProfileManager] Valid v5 profile found for Skibbidi
76    |Info:    [ProfileManager] Found file: main.orp attempting to validate header
80    |Info:    [ProfileManager] Valid v5 profile found for main
134   |Info:    [ResourceManager] Initializing HID interfaces: Success
134   |Info:    ------------------------------------------------------
134   |Info:    |               Start device detection               |
134   |Info:    ------------------------------------------------------
138   |Info:    ------------------------------------------------------
138   |Info:    |             Detecting I2C interfaces               |
138   |Info:    ------------------------------------------------------
146   |Info:    [ResourceManager] Registering I2C interface: /dev/i2c-3 Device 1002:747E Subsystem: 1458:2413
146   |Info:    [ResourceManager] Registering I2C interface: /dev/i2c-10 Device 1002:164E Subsystem: 1462:7E26
146   |Info:    [ResourceManager] Registering I2C interface: /dev/i2c-1 Device 1002:747E Subsystem: 1458:2413
146   |Info:    [ResourceManager] Registering I2C interface: /dev/i2c-17 Device 1022:790B Subsystem: 1462:7E26
146   |Info:    [ResourceManager] Registering I2C interface: /dev/i2c-8 Device 1002:164E Subsystem: 1462:7E26
146   |Info:    [ResourceManager] Registering I2C interface: /dev/i2c-15 Device 1022:790B Subsystem: 1462:7E26
146   |Warning: [i2c_smbus_linux] Failed to read i2c device PCI device ID
146   |Info:    [ResourceManager] Registering I2C interface: /dev/i2c-6 Device 0000:0000 Subsystem: 0000:0000
146   |Warning: [i2c_smbus_linux] Failed to read i2c device PCI device ID
146   |Info:    [ResourceManager] Registering I2C interface: /dev/i2c-13 Device 0000:0000 Subsystem: 0000:0000
146   |Info:    [ResourceManager] Registering I2C interface: /dev/i2c-4 Device 1002:747E Subsystem: 1458:2413
146   |Info:    [ResourceManager] Registering I2C interface: /dev/i2c-11 Device 1002:164E Subsystem: 1462:7E26
146   |Info:    [ResourceManager] Registering I2C interface: /dev/i2c-2 Device 1002:747E Subsystem: 1458:2413
146   |Info:    [ResourceManager] Registering I2C interface: /dev/i2c-0 Device 1002:747E Subsystem: 1458:2413
147   |Info:    [ResourceManager] Registering I2C interface: /dev/i2c-9 Device 1002:164E Subsystem: 1462:7E26
147   |Info:    [ResourceManager] Registering I2C interface: /dev/i2c-16 Device 1022:790B Subsystem: 1462:7E26
147   |Warning: [i2c_smbus_linux] Failed to read i2c device PCI device ID
147   |Info:    [ResourceManager] Registering I2C interface: /dev/i2c-7 Device 0000:0000 Subsystem: 0000:0000
147   |Warning: [i2c_smbus_linux] Failed to read i2c device PCI device ID
147   |Info:    [ResourceManager] Registering I2C interface: /dev/i2c-14 Device 0000:0000 Subsystem: 0000:0000
147   |Info:    [ResourceManager] Registering I2C interface: /dev/i2c-5 Device 1002:747E Subsystem: 1458:2413
147   |Warning: [i2c_smbus_linux] Failed to read i2c device PCI device ID
147   |Info:    [ResourceManager] Registering I2C interface: /dev/i2c-12 Device 0000:0000 Subsystem: 0000:0000
147   |Info:    ------------------------------------------------------
147   |Info:    |               Detecting I2C devices                |
147   |Info:    ------------------------------------------------------
1189  |Info:    ------------------------------------------------------
1189  |Info:    |            Detecting I2C DIMM modules              |
1189  |Info:    ------------------------------------------------------
1329  |Info:    ------------------------------------------------------
1329  |Info:    |               Detecting I2C PCI devices            |
1329  |Info:    ------------------------------------------------------
1508  |Info:    ------------------------------------------------------
1508  |Info:    |               Detecting HID devices                |
1508  |Info:    ------------------------------------------------------
1577  |Info:    [MSI PRO B650-S WIFI (MS-7E26)] Registering RGB controller
1578  |Info:    ------------------------------------------------------
1578  |Info:    |            Detecting libusb HID devices            |
1578  |Info:    ------------------------------------------------------
1887  |Info:    ------------------------------------------------------
1887  |Info:    |              Detecting other devices               |
1887  |Info:    ------------------------------------------------------
2013  |Info:    [ResourceManager] Calling Post-detection callbacks
2013  |Info:    ------------------------------------------------------
2013  |Info:    |                Detection completed                 |
2013  |Info:    ------------------------------------------------------
2013  |Dialog:  <h2>WARNING:</h2><p>Multiple OpenRGB udev rules are installed.</p><p>The udev rules file 60-openrgb.rules is installed in both /etc/udev/rules.d and /usr/lib/udev/rules.d.</p><p>Multiple udev rules files can conflict, it is recommended to remove one of them.</p>
2089  |Warning: [PluginManager] Plugin /home/vearnx/.config/OpenRGB/plugins/OpenRGBEffectsPlugin_0.9_Bookworm_64_f1411e1.so has an incompatible API version
2089  |Warning: [PluginManager] Plugin /home/vearnx/.config/OpenRGB/plugins/OpenRGBEffectsPlugin_0.9_Bookworm_64_f1411e1.so cannot be unloaded
