    OpenRGB v0.9+ (1.0rc1)
    Commit: 1fbacdea373361ecd2e0780c1db15cc3eb9aa538 from 2025-02-22 11:06:06 -0600
    Launched: 20250316_184604
====================================================================================================

0     |Info:    [ProfileManager] Found file: Skibbidi.orp attempting to validate header
2     |Info:    [ProfileManager] Valid v5 profile found for Skibbidi
2     |Info:    [ProfileManager] Found file: main.orp attempting to validate header
3     |Info:    [ProfileManager] Valid v5 profile found for main
55    |Info:    [ResourceManager] Initializing HID interfaces: Success
55    |Info:    ------------------------------------------------------
55    |Info:    |               Start device detection               |
55    |Info:    ------------------------------------------------------
59    |Info:    ------------------------------------------------------
59    |Info:    |             Detecting I2C interfaces               |
59    |Info:    ------------------------------------------------------
59    |Info:    [ResourceManager] Registering I2C interface: /dev/i2c-3 Device 1002:747E Subsystem: 1458:2413
59    |Warning: [i2c_smbus_linux] Failed to read i2c device PCI device ID
59    |Info:    [ResourceManager] Registering I2C interface: /dev/i2c-10 Device 0000:0000 Subsystem: 0000:0000
59    |Info:    [ResourceManager] Registering I2C interface: /dev/i2c-1 Device 1022:790B Subsystem: 1462:7E26
59    |Warning: [i2c_smbus_linux] Failed to read i2c device PCI device ID
59    |Info:    [ResourceManager] Registering I2C interface: /dev/i2c-17 Device 0000:0000 Subsystem: 0000:0000
59    |Info:    [ResourceManager] Registering I2C interface: /dev/i2c-8 Device 1002:747E Subsystem: 1458:2413
59    |Warning: [i2c_smbus_linux] Failed to read i2c device PCI device ID
59    |Info:    [ResourceManager] Registering I2C interface: /dev/i2c-15 Device 0000:0000 Subsystem: 0000:0000
60    |Info:    [ResourceManager] Registering I2C interface: /dev/i2c-6 Device 1002:747E Subsystem: 1458:2413
60    |Info:    [ResourceManager] Registering I2C interface: /dev/i2c-13 Device 1002:164E Subsystem: 1462:7E26
60    |Info:    [ResourceManager] Registering I2C interface: /dev/i2c-4 Device 1002:747E Subsystem: 1458:2413
60    |Info:    [ResourceManager] Registering I2C interface: /dev/i2c-11 Device 1002:164E Subsystem: 1462:7E26
60    |Info:    [ResourceManager] Registering I2C interface: /dev/i2c-2 Device 1022:790B Subsystem: 1462:7E26
60    |Info:    [ResourceManager] Registering I2C interface: /dev/i2c-0 Device 1022:790B Subsystem: 1462:7E26
60    |Warning: [i2c_smbus_linux] Failed to read i2c device PCI device ID
60    |Info:    [ResourceManager] Registering I2C interface: /dev/i2c-9 Device 0000:0000 Subsystem: 0000:0000
60    |Warning: [i2c_smbus_linux] Failed to read i2c device PCI device ID
60    |Info:    [ResourceManager] Registering I2C interface: /dev/i2c-16 Device 0000:0000 Subsystem: 0000:0000
60    |Info:    [ResourceManager] Registering I2C interface: /dev/i2c-7 Device 1002:747E Subsystem: 1458:2413
60    |Info:    [ResourceManager] Registering I2C interface: /dev/i2c-14 Device 1002:164E Subsystem: 1462:7E26
60    |Info:    [ResourceManager] Registering I2C interface: /dev/i2c-5 Device 1002:747E Subsystem: 1458:2413
60    |Info:    [ResourceManager] Registering I2C interface: /dev/i2c-12 Device 1002:164E Subsystem: 1462:7E26
60    |Info:    ------------------------------------------------------
60    |Info:    |               Detecting I2C devices                |
60    |Info:    ------------------------------------------------------
1109  |Info:    ------------------------------------------------------
1109  |Info:    |            Detecting I2C DIMM modules              |
1109  |Info:    ------------------------------------------------------
1934  |Info:    [ResourceManager] Detected occupied slot 2, bus 2, type DDR5
2819  |Info:    [ResourceManager] Detected occupied slot 4, bus 2, type DDR5
2848  |Info:    [ResourceManager] Detected occupied slot 2, bus 10, type DDR5
2853  |Info:    [ResourceManager] Detected occupied slot 4, bus 10, type DDR5
2877  |Info:    [ResourceManager] Detected occupied slot 2, bus 11, type DDR5
2882  |Info:    [ResourceManager] Detected occupied slot 4, bus 11, type DDR5
2912  |Info:    ------------------------------------------------------
2912  |Info:    |               Detecting I2C PCI devices            |
2912  |Info:    ------------------------------------------------------
3095  |Info:    ------------------------------------------------------
3095  |Info:    |               Detecting HID devices                |
3095  |Info:    ------------------------------------------------------
3161  |Info:    [MSI PRO B650-S WIFI (MS-7E26)] Registering RGB controller
3161  |Info:    ------------------------------------------------------
3161  |Info:    |            Detecting libusb HID devices            |
3161  |Info:    ------------------------------------------------------
3169  |Info:    ------------------------------------------------------
3169  |Info:    |              Detecting other devices               |
3169  |Info:    ------------------------------------------------------
3277  |Info:    [ResourceManager] Calling Post-detection callbacks
3277  |Info:    ------------------------------------------------------
3277  |Info:    |                Detection completed                 |
3277  |Info:    ------------------------------------------------------
3277  |Dialog:  <h2>WARNING:</h2><p>Multiple OpenRGB udev rules are installed.</p><p>The udev rules file 60-openrgb.rules is installed in both /etc/udev/rules.d and /usr/lib/udev/rules.d.</p><p>Multiple udev rules files can conflict, it is recommended to remove one of them.</p>
3310  |Warning: [PluginManager] Plugin /home/vearnx/.config/OpenRGB/plugins/OpenRGBEffectsPlugin_0.9_Bookworm_64_f1411e1.so has an incompatible API version
3310  |Warning: [PluginManager] Plugin /home/vearnx/.config/OpenRGB/plugins/OpenRGBEffectsPlugin_0.9_Bookworm_64_f1411e1.so cannot be unloaded
