    OpenRGB v0.9+ (git1290)
    Commit: 45af044cd84032b9a9b5865cb5e12aa2cd98c47e from 2025-04-13 13:42:14 -0500
    Launched: 20250504_123426
====================================================================================================

8     |Info:    [ProfileManager] Found file: Skibbidi.orp attempting to validate header
16    |Info:    [ProfileManager] Valid v5 profile found for Skibbidi
16    |Info:    [ProfileManager] Found file: main.orp attempting to validate header
20    |Info:    [ProfileManager] Valid v5 profile found for main
79    |Info:    [ResourceManager] Initializing HID interfaces: Success
79    |Info:    ------------------------------------------------------
79    |Info:    |               Start device detection               |
79    |Info:    ------------------------------------------------------
83    |Info:    ------------------------------------------------------
83    |Info:    |             Detecting I2C interfaces               |
83    |Info:    ------------------------------------------------------
83    |Info:    [ResourceManager] Registering I2C interface: /dev/i2c-3 Device 1002:747E Subsystem: 1458:2413
83    |Info:    [ResourceManager] Registering I2C interface: /dev/i2c-10 Device 1002:164E Subsystem: 1462:7E26
83    |Info:    [ResourceManager] Registering I2C interface: /dev/i2c-1 Device 1002:747E Subsystem: 1458:2413
83    |Info:    [ResourceManager] Registering I2C interface: /dev/i2c-17 Device 1022:790B Subsystem: 1462:7E26
83    |Info:    [ResourceManager] Registering I2C interface: /dev/i2c-8 Device 1002:164E Subsystem: 1462:7E26
83    |Info:    [ResourceManager] Registering I2C interface: /dev/i2c-15 Device 1022:790B Subsystem: 1462:7E26
83    |Warning: [i2c_smbus_linux] Failed to read i2c device PCI device ID
83    |Info:    [ResourceManager] Registering I2C interface: /dev/i2c-6 Device 0000:0000 Subsystem: 0000:0000
83    |Warning: [i2c_smbus_linux] Failed to read i2c device PCI device ID
83    |Info:    [ResourceManager] Registering I2C interface: /dev/i2c-13 Device 0000:0000 Subsystem: 0000:0000
113   |Info:    [ResourceManager] Registering I2C interface: /dev/i2c-4 Device 1002:747E Subsystem: 1458:2413
113   |Info:    [ResourceManager] Registering I2C interface: /dev/i2c-11 Device 1002:164E Subsystem: 1462:7E26
113   |Info:    [ResourceManager] Registering I2C interface: /dev/i2c-2 Device 1002:747E Subsystem: 1458:2413
113   |Info:    [ResourceManager] Registering I2C interface: /dev/i2c-0 Device 1002:747E Subsystem: 1458:2413
113   |Info:    [ResourceManager] Registering I2C interface: /dev/i2c-9 Device 1002:164E Subsystem: 1462:7E26
113   |Info:    [ResourceManager] Registering I2C interface: /dev/i2c-16 Device 1022:790B Subsystem: 1462:7E26
113   |Warning: [i2c_smbus_linux] Failed to read i2c device PCI device ID
113   |Info:    [ResourceManager] Registering I2C interface: /dev/i2c-7 Device 0000:0000 Subsystem: 0000:0000
113   |Warning: [i2c_smbus_linux] Failed to read i2c device PCI device ID
113   |Info:    [ResourceManager] Registering I2C interface: /dev/i2c-14 Device 0000:0000 Subsystem: 0000:0000
113   |Info:    [ResourceManager] Registering I2C interface: /dev/i2c-5 Device 1002:747E Subsystem: 1458:2413
113   |Warning: [i2c_smbus_linux] Failed to read i2c device PCI device ID
113   |Info:    [ResourceManager] Registering I2C interface: /dev/i2c-12 Device 0000:0000 Subsystem: 0000:0000
113   |Info:    ------------------------------------------------------
113   |Info:    |               Detecting I2C devices                |
113   |Info:    ------------------------------------------------------
1153  |Info:    ------------------------------------------------------
1153  |Info:    |            Detecting I2C DIMM modules              |
1153  |Info:    ------------------------------------------------------
1287  |Info:    ------------------------------------------------------
1287  |Info:    |               Detecting I2C PCI devices            |
1287  |Info:    ------------------------------------------------------
1465  |Info:    ------------------------------------------------------
1465  |Info:    |               Detecting HID devices                |
1465  |Info:    ------------------------------------------------------
1531  |Info:    [MSI PRO B650-S WIFI (MS-7E26)] Registering RGB controller
1533  |Info:    ------------------------------------------------------
1533  |Info:    |            Detecting libusb HID devices            |
1533  |Info:    ------------------------------------------------------
1570  |Info:    ------------------------------------------------------
1570  |Info:    |              Detecting other devices               |
1570  |Info:    ------------------------------------------------------
1678  |Info:    [ResourceManager] Calling Post-detection callbacks
1678  |Info:    ------------------------------------------------------
1678  |Info:    |                Detection completed                 |
1678  |Info:    ------------------------------------------------------
1696  |Warning: [PluginManager] Plugin /home/vearnx/.config/OpenRGB/plugins/OpenRGBEffectsPlugin_0.9_Bookworm_64_f1411e1.so has an incompatible API version
1696  |Warning: [PluginManager] Plugin /home/vearnx/.config/OpenRGB/plugins/OpenRGBEffectsPlugin_0.9_Bookworm_64_f1411e1.so cannot be unloaded
