    OpenRGB v0.9+ (1.0rc1)
    Commit: 1fbacdea373361ecd2e0780c1db15cc3eb9aa538 from 2025-02-22 11:06:06 -0600
    Launched: 20250412_175220
====================================================================================================

6     |Info:    [ProfileManager] Found file: Skibbidi.orp attempting to validate header
11    |Info:    [ProfileManager] Valid v5 profile found for Skibbidi
11    |Info:    [ProfileManager] Found file: main.orp attempting to validate header
16    |Info:    [ProfileManager] Valid v5 profile found for main
78    |Info:    [ResourceManager] Initializing HID interfaces: Success
78    |Info:    ------------------------------------------------------
78    |Info:    |               Start device detection               |
78    |Info:    ------------------------------------------------------
83    |Info:    ------------------------------------------------------
83    |Info:    |             Detecting I2C interfaces               |
83    |Info:    ------------------------------------------------------
83    |Info:    [ResourceManager] Registering I2C interface: /dev/i2c-3 Device 1022:790B Subsystem: 103C:85EA
83    |Info:    [ResourceManager] Registering I2C interface: /dev/i2c-1 Device 1002:15D8 Subsystem: 103C:85EA
83    |Info:    [ResourceManager] Registering I2C interface: /dev/i2c-4 Device 1022:790B Subsystem: 103C:85EA
84    |Warning: [i2c_smbus_linux] Failed to read i2c device PCI device ID
84    |Info:    [ResourceManager] Registering I2C interface: /dev/i2c-2 Device 0000:0000 Subsystem: 0000:0000
84    |Info:    [ResourceManager] Registering I2C interface: /dev/i2c-0 Device 1002:15D8 Subsystem: 103C:85EA
84    |Info:    [ResourceManager] Registering I2C interface: /dev/i2c-5 Device 1022:790B Subsystem: 103C:85EA
84    |Info:    ------------------------------------------------------
84    |Info:    |               Detecting I2C devices                |
84    |Info:    ------------------------------------------------------
1611  |Info:    ------------------------------------------------------
1611  |Info:    |            Detecting I2C DIMM modules              |
1611  |Info:    ------------------------------------------------------
1789  |Info:    ------------------------------------------------------
1789  |Info:    |               Detecting I2C PCI devices            |
1789  |Info:    ------------------------------------------------------
1801  |Info:    ------------------------------------------------------
1801  |Info:    |               Detecting HID devices                |
1801  |Info:    ------------------------------------------------------
1801  |Info:    ------------------------------------------------------
1801  |Info:    |            Detecting libusb HID devices            |
1801  |Info:    ------------------------------------------------------
1834  |Info:    ------------------------------------------------------
1834  |Info:    |              Detecting other devices               |
1834  |Info:    ------------------------------------------------------
1924  |Info:    [ResourceManager] Calling Post-detection callbacks
1924  |Info:    ------------------------------------------------------
1924  |Info:    |                Detection completed                 |
1924  |Info:    ------------------------------------------------------
1924  |Dialog:  <h2>WARNING:</h2><p>Multiple OpenRGB udev rules are installed.</p><p>The udev rules file 60-openrgb.rules is installed in both /etc/udev/rules.d and /usr/lib/udev/rules.d.</p><p>Multiple udev rules files can conflict, it is recommended to remove one of them.</p>
2254  |Warning: [PluginManager] Plugin /home/vearnx/.config/OpenRGB/plugins/OpenRGBEffectsPlugin_0.9_Bookworm_64_f1411e1.so has an incompatible API version
2254  |Warning: [PluginManager] Plugin /home/vearnx/.config/OpenRGB/plugins/OpenRGBEffectsPlugin_0.9_Bookworm_64_f1411e1.so cannot be unloaded
