    OpenRGB v0.9+ (git1290)
    Commit: 45af044cd84032b9a9b5865cb5e12aa2cd98c47e from 2025-04-13 13:42:14 -0500
    Launched: 20250416_212014
====================================================================================================

19    |Info:    [ProfileManager] Found file: Skibbidi.orp attempting to validate header
24    |Info:    [ProfileManager] Valid v5 profile found for Skibbidi
24    |Info:    [ProfileManager] Found file: main.orp attempting to validate header
27    |Info:    [ProfileManager] Valid v5 profile found for main
82    |Info:    [ResourceManager] Initializing HID interfaces: Success
82    |Info:    ------------------------------------------------------
82    |Info:    |               Start device detection               |
82    |Info:    ------------------------------------------------------
86    |Info:    ------------------------------------------------------
86    |Info:    |             Detecting I2C interfaces               |
86    |Info:    ------------------------------------------------------
101   |Info:    [ResourceManager] Registering I2C interface: /dev/i2c-3 Device 1002:747E Subsystem: 1458:2413
101   |Info:    [ResourceManager] Registering I2C interface: /dev/i2c-10 Device 1002:164E Subsystem: 1462:7E26
101   |Info:    [ResourceManager] Registering I2C interface: /dev/i2c-1 Device 1002:747E Subsystem: 1458:2413
101   |Info:    [ResourceManager] Registering I2C interface: /dev/i2c-17 Device 1022:790B Subsystem: 1462:7E26
101   |Info:    [ResourceManager] Registering I2C interface: /dev/i2c-8 Device 1002:164E Subsystem: 1462:7E26
101   |Info:    [ResourceManager] Registering I2C interface: /dev/i2c-15 Device 1022:790B Subsystem: 1462:7E26
101   |Warning: [i2c_smbus_linux] Failed to read i2c device PCI device ID
101   |Info:    [ResourceManager] Registering I2C interface: /dev/i2c-6 Device 0000:0000 Subsystem: 0000:0000
101   |Warning: [i2c_smbus_linux] Failed to read i2c device PCI device ID
101   |Info:    [ResourceManager] Registering I2C interface: /dev/i2c-13 Device 0000:0000 Subsystem: 0000:0000
101   |Info:    [ResourceManager] Registering I2C interface: /dev/i2c-4 Device 1002:747E Subsystem: 1458:2413
101   |Info:    [ResourceManager] Registering I2C interface: /dev/i2c-11 Device 1002:164E Subsystem: 1462:7E26
101   |Info:    [ResourceManager] Registering I2C interface: /dev/i2c-2 Device 1002:747E Subsystem: 1458:2413
102   |Info:    [ResourceManager] Registering I2C interface: /dev/i2c-0 Device 1002:747E Subsystem: 1458:2413
102   |Info:    [ResourceManager] Registering I2C interface: /dev/i2c-9 Device 1002:164E Subsystem: 1462:7E26
102   |Info:    [ResourceManager] Registering I2C interface: /dev/i2c-16 Device 1022:790B Subsystem: 1462:7E26
102   |Warning: [i2c_smbus_linux] Failed to read i2c device PCI device ID
102   |Info:    [ResourceManager] Registering I2C interface: /dev/i2c-7 Device 0000:0000 Subsystem: 0000:0000
102   |Warning: [i2c_smbus_linux] Failed to read i2c device PCI device ID
102   |Info:    [ResourceManager] Registering I2C interface: /dev/i2c-14 Device 0000:0000 Subsystem: 0000:0000
102   |Info:    [ResourceManager] Registering I2C interface: /dev/i2c-5 Device 1002:747E Subsystem: 1458:2413
102   |Warning: [i2c_smbus_linux] Failed to read i2c device PCI device ID
102   |Info:    [ResourceManager] Registering I2C interface: /dev/i2c-12 Device 0000:0000 Subsystem: 0000:0000
102   |Info:    ------------------------------------------------------
102   |Info:    |               Detecting I2C devices                |
102   |Info:    ------------------------------------------------------
1158  |Info:    ------------------------------------------------------
1158  |Info:    |            Detecting I2C DIMM modules              |
1158  |Info:    ------------------------------------------------------
1295  |Info:    ------------------------------------------------------
1295  |Info:    |               Detecting I2C PCI devices            |
1295  |Info:    ------------------------------------------------------
1474  |Info:    ------------------------------------------------------
1474  |Info:    |               Detecting HID devices                |
1474  |Info:    ------------------------------------------------------
1540  |Info:    [MSI PRO B650-S WIFI (MS-7E26)] Registering RGB controller
1541  |Info:    ------------------------------------------------------
1541  |Info:    |            Detecting libusb HID devices            |
1541  |Info:    ------------------------------------------------------
1558  |Info:    ------------------------------------------------------
1558  |Info:    |              Detecting other devices               |
1558  |Info:    ------------------------------------------------------
1662  |Info:    [ResourceManager] Calling Post-detection callbacks
1662  |Info:    ------------------------------------------------------
1662  |Info:    |                Detection completed                 |
1662  |Info:    ------------------------------------------------------
1675  |Warning: [PluginManager] Plugin /home/vearnx/.config/OpenRGB/plugins/OpenRGBEffectsPlugin_0.9_Bookworm_64_f1411e1.so has an incompatible API version
1675  |Warning: [PluginManager] Plugin /home/vearnx/.config/OpenRGB/plugins/OpenRGBEffectsPlugin_0.9_Bookworm_64_f1411e1.so cannot be unloaded
