    OpenRGB v0.9+ (git1290)
    Commit: 45af044cd84032b9a9b5865cb5e12aa2cd98c47e from 2025-04-13 13:42:14 -0500
    Launched: 20250416_181842
====================================================================================================

14    |Info:    [ProfileManager] Found file: Skibbidi.orp attempting to validate header
23    |Info:    [ProfileManager] Valid v5 profile found for Skibbidi
23    |Info:    [ProfileManager] Found file: main.orp attempting to validate header
25    |Info:    [ProfileManager] Valid v5 profile found for main
83    |Info:    [ResourceManager] Initializing HID interfaces: Success
83    |Info:    ------------------------------------------------------
83    |Info:    |               Start device detection               |
83    |Info:    ------------------------------------------------------
88    |Info:    ------------------------------------------------------
88    |Info:    |             Detecting I2C interfaces               |
88    |Info:    ------------------------------------------------------
111   |Info:    [ResourceManager] Registering I2C interface: /dev/i2c-3 Device 1002:747E Subsystem: 1458:2413
111   |Info:    [ResourceManager] Registering I2C interface: /dev/i2c-10 Device 1002:164E Subsystem: 1462:7E26
111   |Info:    [ResourceManager] Registering I2C interface: /dev/i2c-1 Device 1002:747E Subsystem: 1458:2413
111   |Info:    [ResourceManager] Registering I2C interface: /dev/i2c-17 Device 1022:790B Subsystem: 1462:7E26
111   |Info:    [ResourceManager] Registering I2C interface: /dev/i2c-8 Device 1002:164E Subsystem: 1462:7E26
112   |Info:    [ResourceManager] Registering I2C interface: /dev/i2c-15 Device 1022:790B Subsystem: 1462:7E26
112   |Warning: [i2c_smbus_linux] Failed to read i2c device PCI device ID
112   |Info:    [ResourceManager] Registering I2C interface: /dev/i2c-6 Device 0000:0000 Subsystem: 0000:0000
112   |Warning: [i2c_smbus_linux] Failed to read i2c device PCI device ID
112   |Info:    [ResourceManager] Registering I2C interface: /dev/i2c-13 Device 0000:0000 Subsystem: 0000:0000
112   |Info:    [ResourceManager] Registering I2C interface: /dev/i2c-4 Device 1002:747E Subsystem: 1458:2413
112   |Info:    [ResourceManager] Registering I2C interface: /dev/i2c-11 Device 1002:164E Subsystem: 1462:7E26
112   |Info:    [ResourceManager] Registering I2C interface: /dev/i2c-2 Device 1002:747E Subsystem: 1458:2413
112   |Info:    [ResourceManager] Registering I2C interface: /dev/i2c-0 Device 1002:747E Subsystem: 1458:2413
112   |Info:    [ResourceManager] Registering I2C interface: /dev/i2c-9 Device 1002:164E Subsystem: 1462:7E26
112   |Info:    [ResourceManager] Registering I2C interface: /dev/i2c-16 Device 1022:790B Subsystem: 1462:7E26
112   |Warning: [i2c_smbus_linux] Failed to read i2c device PCI device ID
112   |Info:    [ResourceManager] Registering I2C interface: /dev/i2c-7 Device 0000:0000 Subsystem: 0000:0000
112   |Warning: [i2c_smbus_linux] Failed to read i2c device PCI device ID
112   |Info:    [ResourceManager] Registering I2C interface: /dev/i2c-14 Device 0000:0000 Subsystem: 0000:0000
112   |Info:    [ResourceManager] Registering I2C interface: /dev/i2c-5 Device 1002:747E Subsystem: 1458:2413
112   |Warning: [i2c_smbus_linux] Failed to read i2c device PCI device ID
112   |Info:    [ResourceManager] Registering I2C interface: /dev/i2c-12 Device 0000:0000 Subsystem: 0000:0000
112   |Info:    ------------------------------------------------------
112   |Info:    |               Detecting I2C devices                |
112   |Info:    ------------------------------------------------------
1167  |Info:    ------------------------------------------------------
1167  |Info:    |            Detecting I2C DIMM modules              |
1167  |Info:    ------------------------------------------------------
1303  |Info:    ------------------------------------------------------
1303  |Info:    |               Detecting I2C PCI devices            |
1303  |Info:    ------------------------------------------------------
1485  |Info:    ------------------------------------------------------
1485  |Info:    |               Detecting HID devices                |
1485  |Info:    ------------------------------------------------------
1552  |Info:    [MSI PRO B650-S WIFI (MS-7E26)] Registering RGB controller
1554  |Info:    ------------------------------------------------------
1554  |Info:    |            Detecting libusb HID devices            |
1554  |Info:    ------------------------------------------------------
1563  |Info:    ------------------------------------------------------
1563  |Info:    |              Detecting other devices               |
1563  |Info:    ------------------------------------------------------
1669  |Info:    [ResourceManager] Calling Post-detection callbacks
1669  |Info:    ------------------------------------------------------
1669  |Info:    |                Detection completed                 |
1669  |Info:    ------------------------------------------------------
1681  |Warning: [PluginManager] Plugin /home/vearnx/.config/OpenRGB/plugins/OpenRGBEffectsPlugin_0.9_Bookworm_64_f1411e1.so has an incompatible API version
1681  |Warning: [PluginManager] Plugin /home/vearnx/.config/OpenRGB/plugins/OpenRGBEffectsPlugin_0.9_Bookworm_64_f1411e1.so cannot be unloaded
