    OpenRGB v0.9+ (git1290)
    Commit: 45af044cd84032b9a9b5865cb5e12aa2cd98c47e from 2025-04-13 13:42:14 -0500
    Launched: 20250420_151136
====================================================================================================

13    |Info:    [ProfileManager] Found file: Skibbidi.orp attempting to validate header
22    |Info:    [ProfileManager] Valid v5 profile found for Skibbidi
22    |Info:    [ProfileManager] Found file: main.orp attempting to validate header
25    |Info:    [ProfileManager] Valid v5 profile found for main
81    |Info:    [ResourceManager] Initializing HID interfaces: Success
81    |Info:    ------------------------------------------------------
81    |Info:    |               Start device detection               |
81    |Info:    ------------------------------------------------------
85    |Info:    ------------------------------------------------------
85    |Info:    |             Detecting I2C interfaces               |
85    |Info:    ------------------------------------------------------
102   |Info:    [ResourceManager] Registering I2C interface: /dev/i2c-3 Device 1002:747E Subsystem: 1458:2413
102   |Info:    [ResourceManager] Registering I2C interface: /dev/i2c-10 Device 1002:164E Subsystem: 1462:7E26
103   |Info:    [ResourceManager] Registering I2C interface: /dev/i2c-1 Device 1002:747E Subsystem: 1458:2413
103   |Info:    [ResourceManager] Registering I2C interface: /dev/i2c-17 Device 1022:790B Subsystem: 1462:7E26
103   |Info:    [ResourceManager] Registering I2C interface: /dev/i2c-8 Device 1002:164E Subsystem: 1462:7E26
103   |Info:    [ResourceManager] Registering I2C interface: /dev/i2c-15 Device 1022:790B Subsystem: 1462:7E26
103   |Warning: [i2c_smbus_linux] Failed to read i2c device PCI device ID
103   |Info:    [ResourceManager] Registering I2C interface: /dev/i2c-6 Device 0000:0000 Subsystem: 0000:0000
103   |Warning: [i2c_smbus_linux] Failed to read i2c device PCI device ID
103   |Info:    [ResourceManager] Registering I2C interface: /dev/i2c-13 Device 0000:0000 Subsystem: 0000:0000
103   |Info:    [ResourceManager] Registering I2C interface: /dev/i2c-4 Device 1002:747E Subsystem: 1458:2413
103   |Info:    [ResourceManager] Registering I2C interface: /dev/i2c-11 Device 1002:164E Subsystem: 1462:7E26
103   |Info:    [ResourceManager] Registering I2C interface: /dev/i2c-2 Device 1002:747E Subsystem: 1458:2413
103   |Info:    [ResourceManager] Registering I2C interface: /dev/i2c-0 Device 1002:747E Subsystem: 1458:2413
103   |Info:    [ResourceManager] Registering I2C interface: /dev/i2c-9 Device 1002:164E Subsystem: 1462:7E26
103   |Info:    [ResourceManager] Registering I2C interface: /dev/i2c-16 Device 1022:790B Subsystem: 1462:7E26
103   |Warning: [i2c_smbus_linux] Failed to read i2c device PCI device ID
103   |Info:    [ResourceManager] Registering I2C interface: /dev/i2c-7 Device 0000:0000 Subsystem: 0000:0000
103   |Warning: [i2c_smbus_linux] Failed to read i2c device PCI device ID
103   |Info:    [ResourceManager] Registering I2C interface: /dev/i2c-14 Device 0000:0000 Subsystem: 0000:0000
104   |Info:    [ResourceManager] Registering I2C interface: /dev/i2c-5 Device 1002:747E Subsystem: 1458:2413
104   |Warning: [i2c_smbus_linux] Failed to read i2c device PCI device ID
104   |Info:    [ResourceManager] Registering I2C interface: /dev/i2c-12 Device 0000:0000 Subsystem: 0000:0000
104   |Info:    ------------------------------------------------------
104   |Info:    |               Detecting I2C devices                |
104   |Info:    ------------------------------------------------------
1154  |Info:    ------------------------------------------------------
1154  |Info:    |            Detecting I2C DIMM modules              |
1154  |Info:    ------------------------------------------------------
1292  |Info:    ------------------------------------------------------
1292  |Info:    |               Detecting I2C PCI devices            |
1292  |Info:    ------------------------------------------------------
1471  |Info:    ------------------------------------------------------
1471  |Info:    |               Detecting HID devices                |
1472  |Info:    ------------------------------------------------------
1539  |Info:    [MSI PRO B650-S WIFI (MS-7E26)] Registering RGB controller
1540  |Info:    ------------------------------------------------------
1540  |Info:    |            Detecting libusb HID devices            |
1540  |Info:    ------------------------------------------------------
1552  |Info:    ------------------------------------------------------
1552  |Info:    |              Detecting other devices               |
1552  |Info:    ------------------------------------------------------
1656  |Info:    [ResourceManager] Calling Post-detection callbacks
1656  |Info:    ------------------------------------------------------
1656  |Info:    |                Detection completed                 |
1656  |Info:    ------------------------------------------------------
1664  |Warning: [PluginManager] Plugin /home/vearnx/.config/OpenRGB/plugins/OpenRGBEffectsPlugin_0.9_Bookworm_64_f1411e1.so has an incompatible API version
1665  |Warning: [PluginManager] Plugin /home/vearnx/.config/OpenRGB/plugins/OpenRGBEffectsPlugin_0.9_Bookworm_64_f1411e1.so cannot be unloaded
