    OpenRGB v0.9+ (git1290)
    Commit: 45af044cd84032b9a9b5865cb5e12aa2cd98c47e from 2025-04-13 13:42:14 -0500
    Launched: 20250503_132003
====================================================================================================

38    |Info:    [ProfileManager] Found file: Skibbidi.orp attempting to validate header
49    |Info:    [ProfileManager] Valid v5 profile found for Skibbidi
49    |Info:    [ProfileManager] Found file: main.orp attempting to validate header
54    |Info:    [ProfileManager] Valid v5 profile found for main
113   |Info:    [ResourceManager] Initializing HID interfaces: Success
113   |Info:    ------------------------------------------------------
113   |Info:    |               Start device detection               |
113   |Info:    ------------------------------------------------------
117   |Info:    ------------------------------------------------------
117   |Info:    |             Detecting I2C interfaces               |
117   |Info:    ------------------------------------------------------
117   |Info:    [ResourceManager] Registering I2C interface: /dev/i2c-3 Device 1002:747E Subsystem: 1458:2413
117   |Info:    [ResourceManager] Registering I2C interface: /dev/i2c-10 Device 1002:164E Subsystem: 1462:7E26
117   |Info:    [ResourceManager] Registering I2C interface: /dev/i2c-1 Device 1002:747E Subsystem: 1458:2413
117   |Info:    [ResourceManager] Registering I2C interface: /dev/i2c-17 Device 1022:790B Subsystem: 1462:7E26
117   |Info:    [ResourceManager] Registering I2C interface: /dev/i2c-8 Device 1002:164E Subsystem: 1462:7E26
117   |Info:    [ResourceManager] Registering I2C interface: /dev/i2c-15 Device 1022:790B Subsystem: 1462:7E26
117   |Warning: [i2c_smbus_linux] Failed to read i2c device PCI device ID
117   |Info:    [ResourceManager] Registering I2C interface: /dev/i2c-6 Device 0000:0000 Subsystem: 0000:0000
117   |Warning: [i2c_smbus_linux] Failed to read i2c device PCI device ID
117   |Info:    [ResourceManager] Registering I2C interface: /dev/i2c-13 Device 0000:0000 Subsystem: 0000:0000
117   |Info:    [ResourceManager] Registering I2C interface: /dev/i2c-4 Device 1002:747E Subsystem: 1458:2413
117   |Info:    [ResourceManager] Registering I2C interface: /dev/i2c-11 Device 1002:164E Subsystem: 1462:7E26
118   |Info:    [ResourceManager] Registering I2C interface: /dev/i2c-2 Device 1002:747E Subsystem: 1458:2413
118   |Info:    [ResourceManager] Registering I2C interface: /dev/i2c-0 Device 1002:747E Subsystem: 1458:2413
118   |Info:    [ResourceManager] Registering I2C interface: /dev/i2c-9 Device 1002:164E Subsystem: 1462:7E26
118   |Info:    [ResourceManager] Registering I2C interface: /dev/i2c-16 Device 1022:790B Subsystem: 1462:7E26
118   |Warning: [i2c_smbus_linux] Failed to read i2c device PCI device ID
118   |Info:    [ResourceManager] Registering I2C interface: /dev/i2c-7 Device 0000:0000 Subsystem: 0000:0000
118   |Warning: [i2c_smbus_linux] Failed to read i2c device PCI device ID
118   |Info:    [ResourceManager] Registering I2C interface: /dev/i2c-14 Device 0000:0000 Subsystem: 0000:0000
118   |Info:    [ResourceManager] Registering I2C interface: /dev/i2c-5 Device 1002:747E Subsystem: 1458:2413
118   |Warning: [i2c_smbus_linux] Failed to read i2c device PCI device ID
118   |Info:    [ResourceManager] Registering I2C interface: /dev/i2c-12 Device 0000:0000 Subsystem: 0000:0000
118   |Info:    ------------------------------------------------------
118   |Info:    |               Detecting I2C devices                |
118   |Info:    ------------------------------------------------------
1166  |Info:    ------------------------------------------------------
1166  |Info:    |            Detecting I2C DIMM modules              |
1166  |Info:    ------------------------------------------------------
1301  |Info:    ------------------------------------------------------
1302  |Info:    |               Detecting I2C PCI devices            |
1302  |Info:    ------------------------------------------------------
1482  |Info:    ------------------------------------------------------
1482  |Info:    |               Detecting HID devices                |
1482  |Info:    ------------------------------------------------------
1549  |Info:    [MSI PRO B650-S WIFI (MS-7E26)] Registering RGB controller
1551  |Info:    ------------------------------------------------------
1551  |Info:    |            Detecting libusb HID devices            |
1551  |Info:    ------------------------------------------------------
1591  |Info:    ------------------------------------------------------
1591  |Info:    |              Detecting other devices               |
1591  |Info:    ------------------------------------------------------
1702  |Info:    [ResourceManager] Calling Post-detection callbacks
1702  |Info:    ------------------------------------------------------
1702  |Info:    |                Detection completed                 |
1702  |Info:    ------------------------------------------------------
1711  |Warning: [PluginManager] Plugin /home/vearnx/.config/OpenRGB/plugins/OpenRGBEffectsPlugin_0.9_Bookworm_64_f1411e1.so has an incompatible API version
1711  |Warning: [PluginManager] Plugin /home/vearnx/.config/OpenRGB/plugins/OpenRGBEffectsPlugin_0.9_Bookworm_64_f1411e1.so cannot be unloaded
