    OpenRGB v0.9+ (git1290)
    Commit: 45af044cd84032b9a9b5865cb5e12aa2cd98c47e from 2025-04-13 13:42:14 -0500
    Launched: 20250511_174448
====================================================================================================

9     |Info:    [ProfileManager] Found file: Skibbidi.orp attempting to validate header
17    |Info:    [ProfileManager] Valid v5 profile found for Skibbidi
17    |Info:    [ProfileManager] Found file: main.orp attempting to validate header
24    |Info:    [ProfileManager] Valid v5 profile found for main
78    |Info:    [ResourceManager] Initializing HID interfaces: Success
78    |Info:    ------------------------------------------------------
78    |Info:    |               Start device detection               |
78    |Info:    ------------------------------------------------------
82    |Info:    ------------------------------------------------------
82    |Info:    |             Detecting I2C interfaces               |
82    |Info:    ------------------------------------------------------
82    |Info:    [ResourceManager] Registering I2C interface: /dev/i2c-3 Device 1002:747E Subsystem: 1458:2413
82    |Info:    [ResourceManager] Registering I2C interface: /dev/i2c-10 Device 1002:164E Subsystem: 1462:7E26
82    |Info:    [ResourceManager] Registering I2C interface: /dev/i2c-1 Device 1002:747E Subsystem: 1458:2413
82    |Info:    [ResourceManager] Registering I2C interface: /dev/i2c-17 Device 1022:790B Subsystem: 1462:7E26
82    |Info:    [ResourceManager] Registering I2C interface: /dev/i2c-8 Device 1002:164E Subsystem: 1462:7E26
82    |Info:    [ResourceManager] Registering I2C interface: /dev/i2c-15 Device 1022:790B Subsystem: 1462:7E26
82    |Warning: [i2c_smbus_linux] Failed to read i2c device PCI device ID
82    |Info:    [ResourceManager] Registering I2C interface: /dev/i2c-6 Device 0000:0000 Subsystem: 0000:0000
82    |Warning: [i2c_smbus_linux] Failed to read i2c device PCI device ID
83    |Info:    [ResourceManager] Registering I2C interface: /dev/i2c-13 Device 0000:0000 Subsystem: 0000:0000
83    |Info:    [ResourceManager] Registering I2C interface: /dev/i2c-4 Device 1002:747E Subsystem: 1458:2413
83    |Info:    [ResourceManager] Registering I2C interface: /dev/i2c-11 Device 1002:164E Subsystem: 1462:7E26
83    |Info:    [ResourceManager] Registering I2C interface: /dev/i2c-2 Device 1002:747E Subsystem: 1458:2413
83    |Info:    [ResourceManager] Registering I2C interface: /dev/i2c-0 Device 1002:747E Subsystem: 1458:2413
83    |Info:    [ResourceManager] Registering I2C interface: /dev/i2c-9 Device 1002:164E Subsystem: 1462:7E26
83    |Info:    [ResourceManager] Registering I2C interface: /dev/i2c-16 Device 1022:790B Subsystem: 1462:7E26
83    |Warning: [i2c_smbus_linux] Failed to read i2c device PCI device ID
83    |Info:    [ResourceManager] Registering I2C interface: /dev/i2c-7 Device 0000:0000 Subsystem: 0000:0000
83    |Warning: [i2c_smbus_linux] Failed to read i2c device PCI device ID
83    |Info:    [ResourceManager] Registering I2C interface: /dev/i2c-14 Device 0000:0000 Subsystem: 0000:0000
83    |Info:    [ResourceManager] Registering I2C interface: /dev/i2c-5 Device 1002:747E Subsystem: 1458:2413
83    |Warning: [i2c_smbus_linux] Failed to read i2c device PCI device ID
83    |Info:    [ResourceManager] Registering I2C interface: /dev/i2c-12 Device 0000:0000 Subsystem: 0000:0000
83    |Info:    ------------------------------------------------------
83    |Info:    |               Detecting I2C devices                |
83    |Info:    ------------------------------------------------------
1125  |Info:    ------------------------------------------------------
1125  |Info:    |            Detecting I2C DIMM modules              |
1125  |Info:    ------------------------------------------------------
1259  |Info:    ------------------------------------------------------
1259  |Info:    |               Detecting I2C PCI devices            |
1259  |Info:    ------------------------------------------------------
1434  |Info:    ------------------------------------------------------
1434  |Info:    |               Detecting HID devices                |
1434  |Info:    ------------------------------------------------------
1498  |Info:    [MSI PRO B650-S WIFI (MS-7E26)] Registering RGB controller
1498  |Info:    ------------------------------------------------------
1498  |Info:    |            Detecting libusb HID devices            |
1498  |Info:    ------------------------------------------------------
1528  |Info:    ------------------------------------------------------
1528  |Info:    |              Detecting other devices               |
1528  |Info:    ------------------------------------------------------
1646  |Info:    [ResourceManager] Calling Post-detection callbacks
1646  |Info:    ------------------------------------------------------
1646  |Info:    |                Detection completed                 |
1646  |Info:    ------------------------------------------------------
1665  |Warning: [PluginManager] Plugin /home/vearnx/.config/OpenRGB/plugins/OpenRGBEffectsPlugin_0.9_Bookworm_64_f1411e1.so has an incompatible API version
1665  |Warning: [PluginManager] Plugin /home/vearnx/.config/OpenRGB/plugins/OpenRGBEffectsPlugin_0.9_Bookworm_64_f1411e1.so cannot be unloaded
