    OpenRGB v0.9
    Commit:  from 
    Launched: 20250221_204724
====================================================================================================

1001  |Info:    ------------------------------------------------------
1001  |Info:    |               Start device detection               |
1001  |Info:    ------------------------------------------------------
1001  |Info:    Initializing HID interfaces: Success
1004  |Info:    ------------------------------------------------------
1004  |Info:    |             Detecting I2C interfaces               |
1004  |Info:    ------------------------------------------------------
1005  |Info:    Registering I2C interface: /dev/i2c-3 Device 1002:747E Subsystem: 1458:2413
1005  |Info:    Registering I2C interface: /dev/i2c-10 Device 1002:164E Subsystem: 1462:7E26
1005  |Info:    Registering I2C interface: /dev/i2c-1 Device 1002:747E Subsystem: 1458:2413
1005  |Info:    Registering I2C interface: /dev/i2c-17 Device 1022:790B Subsystem: 1462:7E26
1005  |Info:    Registering I2C interface: /dev/i2c-8 Device 1002:164E Subsystem: 1462:7E26
1005  |Info:    Registering I2C interface: /dev/i2c-15 Device 1022:790B Subsystem: 1462:7E26
1005  |Warning: [i2c_smbus_linux] Failed to read i2c device PCI device ID
1005  |Info:    Registering I2C interface: /dev/i2c-6 Device 0000:0000 Subsystem: 0000:0000
1005  |Warning: [i2c_smbus_linux] Failed to read i2c device PCI device ID
1005  |Info:    Registering I2C interface: /dev/i2c-13 Device 0000:0000 Subsystem: 0000:0000
1006  |Info:    Registering I2C interface: /dev/i2c-4 Device 1002:747E Subsystem: 1458:2413
1006  |Info:    Registering I2C interface: /dev/i2c-11 Device 1002:164E Subsystem: 1462:7E26
1006  |Info:    Registering I2C interface: /dev/i2c-2 Device 1002:747E Subsystem: 1458:2413
1006  |Info:    Registering I2C interface: /dev/i2c-0 Device 1002:747E Subsystem: 1458:2413
1006  |Info:    Registering I2C interface: /dev/i2c-9 Device 1002:164E Subsystem: 1462:7E26
1006  |Info:    Registering I2C interface: /dev/i2c-16 Device 1022:790B Subsystem: 1462:7E26
1006  |Warning: [i2c_smbus_linux] Failed to read i2c device PCI device ID
1006  |Info:    Registering I2C interface: /dev/i2c-7 Device 0000:0000 Subsystem: 0000:0000
1006  |Warning: [i2c_smbus_linux] Failed to read i2c device PCI device ID
1006  |Info:    Registering I2C interface: /dev/i2c-14 Device 0000:0000 Subsystem: 0000:0000
1006  |Info:    Registering I2C interface: /dev/i2c-5 Device 1002:747E Subsystem: 1458:2413
1006  |Warning: [i2c_smbus_linux] Failed to read i2c device PCI device ID
1006  |Info:    Registering I2C interface: /dev/i2c-12 Device 0000:0000 Subsystem: 0000:0000
1006  |Info:    ------------------------------------------------------
1006  |Info:    |               Detecting I2C devices                |
1006  |Info:    ------------------------------------------------------
2052  |Info:    ------------------------------------------------------
2052  |Info:    |               Detecting I2C PCI devices            |
2052  |Info:    ------------------------------------------------------
2053  |Info:    ------------------------------------------------------
2053  |Info:    |               Detecting HID devices                |
2053  |Info:    ------------------------------------------------------
2053  |Info:    ------------------------------------------------------
2053  |Info:    |            Detecting libusb HID devices            |
2053  |Info:    ------------------------------------------------------
2060  |Info:    ------------------------------------------------------
2060  |Info:    |              Detecting other devices               |
2060  |Info:    ------------------------------------------------------
2064  |Info:    ------------------------------------------------------
2064  |Info:    |                Detection completed                 |
2064  |Info:    ------------------------------------------------------
2064  |Dialog:  <h2>WARNING:</h2><p>Multiple OpenRGB udev rules are installed.</p><p>The udev rules file 60-openrgb.rules is installed in both /etc/udev/rules.d and /usr/lib/udev/rules.d.</p><p>Multiple udev rules files can conflict, it is recommended to remove one of them.</p>
4370  |Info:    ------------------------------------------------------
4370  |Info:    |               Start device detection               |
4370  |Info:    ------------------------------------------------------
4370  |Info:    Initializing HID interfaces: Success
4374  |Info:    ------------------------------------------------------
4374  |Info:    |             Detecting I2C interfaces               |
4374  |Info:    ------------------------------------------------------
4374  |Info:    Registering I2C interface: /dev/i2c-3 Device 1002:747E Subsystem: 1458:2413
4374  |Info:    Registering I2C interface: /dev/i2c-10 Device 1002:164E Subsystem: 1462:7E26
4374  |Info:    Registering I2C interface: /dev/i2c-1 Device 1002:747E Subsystem: 1458:2413
4374  |Info:    Registering I2C interface: /dev/i2c-17 Device 1022:790B Subsystem: 1462:7E26
4374  |Info:    Registering I2C interface: /dev/i2c-8 Device 1002:164E Subsystem: 1462:7E26
4374  |Info:    Registering I2C interface: /dev/i2c-15 Device 1022:790B Subsystem: 1462:7E26
4374  |Warning: [i2c_smbus_linux] Failed to read i2c device PCI device ID
4374  |Info:    Registering I2C interface: /dev/i2c-6 Device 0000:0000 Subsystem: 0000:0000
4374  |Warning: [i2c_smbus_linux] Failed to read i2c device PCI device ID
4374  |Info:    Registering I2C interface: /dev/i2c-13 Device 0000:0000 Subsystem: 0000:0000
4374  |Info:    Registering I2C interface: /dev/i2c-4 Device 1002:747E Subsystem: 1458:2413
4374  |Info:    Registering I2C interface: /dev/i2c-11 Device 1002:164E Subsystem: 1462:7E26
4374  |Info:    Registering I2C interface: /dev/i2c-2 Device 1002:747E Subsystem: 1458:2413
4374  |Info:    Registering I2C interface: /dev/i2c-0 Device 1002:747E Subsystem: 1458:2413
4374  |Info:    Registering I2C interface: /dev/i2c-9 Device 1002:164E Subsystem: 1462:7E26
4374  |Info:    Registering I2C interface: /dev/i2c-16 Device 1022:790B Subsystem: 1462:7E26
4374  |Warning: [i2c_smbus_linux] Failed to read i2c device PCI device ID
4374  |Info:    Registering I2C interface: /dev/i2c-7 Device 0000:0000 Subsystem: 0000:0000
4374  |Warning: [i2c_smbus_linux] Failed to read i2c device PCI device ID
4374  |Info:    Registering I2C interface: /dev/i2c-14 Device 0000:0000 Subsystem: 0000:0000
4374  |Info:    Registering I2C interface: /dev/i2c-5 Device 1002:747E Subsystem: 1458:2413
4374  |Warning: [i2c_smbus_linux] Failed to read i2c device PCI device ID
4375  |Info:    Registering I2C interface: /dev/i2c-12 Device 0000:0000 Subsystem: 0000:0000
4375  |Info:    ------------------------------------------------------
4375  |Info:    |               Detecting I2C devices                |
4375  |Info:    ------------------------------------------------------
5430  |Info:    ------------------------------------------------------
5430  |Info:    |               Detecting I2C PCI devices            |
5430  |Info:    ------------------------------------------------------
5431  |Info:    ------------------------------------------------------
5431  |Info:    |               Detecting HID devices                |
5431  |Info:    ------------------------------------------------------
5431  |Info:    ------------------------------------------------------
5431  |Info:    |            Detecting libusb HID devices            |
5431  |Info:    ------------------------------------------------------
5431  |Info:    ------------------------------------------------------
5431  |Info:    |              Detecting other devices               |
5431  |Info:    ------------------------------------------------------
5432  |Info:    ------------------------------------------------------
5432  |Info:    |                Detection completed                 |
5432  |Info:    ------------------------------------------------------
5432  |Dialog:  <h2>WARNING:</h2><p>Multiple OpenRGB udev rules are installed.</p><p>The udev rules file 60-openrgb.rules is installed in both /etc/udev/rules.d and /usr/lib/udev/rules.d.</p><p>Multiple udev rules files can conflict, it is recommended to remove one of them.</p>
