    OpenRGB v0.9+ (git1290)
    Commit: 45af044cd84032b9a9b5865cb5e12aa2cd98c47e from 2025-04-13 13:42:14 -0500
    Launched: 20250606_172610
====================================================================================================

57    |Info:    [ProfileManager] Found file: Skibbidi.orp attempting to validate header
88    |Info:    [ProfileManager] Valid v5 profile found for Skibbidi
88    |Info:    [ProfileManager] Found file: main.orp attempting to validate header
93    |Info:    [ProfileManager] Valid v5 profile found for main
152   |Info:    [ResourceManager] Initializing HID interfaces: Success
152   |Info:    ------------------------------------------------------
152   |Info:    |               Start device detection               |
152   |Info:    ------------------------------------------------------
156   |Info:    ------------------------------------------------------
156   |Info:    |             Detecting I2C interfaces               |
156   |Info:    ------------------------------------------------------
156   |Info:    [ResourceManager] Registering I2C interface: /dev/i2c-3 Device 1002:747E Subsystem: 1458:2413
156   |Info:    [ResourceManager] Registering I2C interface: /dev/i2c-10 Device 1002:164E Subsystem: 1462:7E26
156   |Info:    [ResourceManager] Registering I2C interface: /dev/i2c-1 Device 1002:747E Subsystem: 1458:2413
156   |Info:    [ResourceManager] Registering I2C interface: /dev/i2c-17 Device 1022:790B Subsystem: 1462:7E26
156   |Warning: [i2c_smbus_linux] Failed to read i2c device PCI device ID
156   |Info:    [ResourceManager] Registering I2C interface: /dev/i2c-8 Device 0000:0000 Subsystem: 0000:0000
156   |Warning: [i2c_smbus_linux] Failed to read i2c device PCI device ID
156   |Info:    [ResourceManager] Registering I2C interface: /dev/i2c-15 Device 0000:0000 Subsystem: 0000:0000
156   |Info:    [ResourceManager] Registering I2C interface: /dev/i2c-6 Device 1002:747E Subsystem: 1458:2413
156   |Warning: [i2c_smbus_linux] Failed to read i2c device PCI device ID
156   |Info:    [ResourceManager] Registering I2C interface: /dev/i2c-13 Device 0000:0000 Subsystem: 0000:0000
156   |Info:    [ResourceManager] Registering I2C interface: /dev/i2c-4 Device 1002:747E Subsystem: 1458:2413
156   |Info:    [ResourceManager] Registering I2C interface: /dev/i2c-11 Device 1002:164E Subsystem: 1462:7E26
156   |Info:    [ResourceManager] Registering I2C interface: /dev/i2c-2 Device 1002:747E Subsystem: 1458:2413
156   |Info:    [ResourceManager] Registering I2C interface: /dev/i2c-0 Device 0000:0000 Subsystem: 0000:0000
156   |Info:    [ResourceManager] Registering I2C interface: /dev/i2c-18 Device 1022:790B Subsystem: 1462:7E26
156   |Info:    [ResourceManager] Registering I2C interface: /dev/i2c-9 Device 1002:164E Subsystem: 1462:7E26
157   |Info:    [ResourceManager] Registering I2C interface: /dev/i2c-16 Device 1022:790B Subsystem: 1462:7E26
157   |Warning: [i2c_smbus_linux] Failed to read i2c device PCI device ID
157   |Info:    [ResourceManager] Registering I2C interface: /dev/i2c-7 Device 0000:0000 Subsystem: 0000:0000
157   |Warning: [i2c_smbus_linux] Failed to read i2c device PCI device ID
157   |Info:    [ResourceManager] Registering I2C interface: /dev/i2c-14 Device 0000:0000 Subsystem: 0000:0000
157   |Info:    [ResourceManager] Registering I2C interface: /dev/i2c-5 Device 1002:747E Subsystem: 1458:2413
157   |Info:    [ResourceManager] Registering I2C interface: /dev/i2c-12 Device 1002:164E Subsystem: 1462:7E26
157   |Info:    ------------------------------------------------------
157   |Info:    |               Detecting I2C devices                |
157   |Info:    ------------------------------------------------------
1204  |Info:    ------------------------------------------------------
1204  |Info:    |            Detecting I2C DIMM modules              |
1204  |Info:    ------------------------------------------------------
1337  |Info:    ------------------------------------------------------
1337  |Info:    |               Detecting I2C PCI devices            |
1337  |Info:    ------------------------------------------------------
1517  |Info:    ------------------------------------------------------
1517  |Info:    |               Detecting HID devices                |
1517  |Info:    ------------------------------------------------------
1582  |Info:    [MSI PRO B650-S WIFI (MS-7E26)] Registering RGB controller
1582  |Info:    ------------------------------------------------------
1583  |Info:    |            Detecting libusb HID devices            |
1583  |Info:    ------------------------------------------------------
1620  |Info:    ------------------------------------------------------
1620  |Info:    |              Detecting other devices               |
1620  |Info:    ------------------------------------------------------
1783  |Info:    [ResourceManager] Calling Post-detection callbacks
1783  |Info:    ------------------------------------------------------
1783  |Info:    |                Detection completed                 |
1783  |Info:    ------------------------------------------------------
2061  |Warning: [PluginManager] Plugin /home/vearnx/.config/OpenRGB/plugins/OpenRGBEffectsPlugin_0.9_Bookworm_64_f1411e1.so has an incompatible API version
2061  |Warning: [PluginManager] Plugin /home/vearnx/.config/OpenRGB/plugins/OpenRGBEffectsPlugin_0.9_Bookworm_64_f1411e1.so cannot be unloaded
