    OpenRGB v0.9+ (git1290)
    Commit: 45af044cd84032b9a9b5865cb5e12aa2cd98c47e from 2025-04-13 13:42:14 -0500
    Launched: 20250615_210117
====================================================================================================

12    |Info:    [ProfileManager] Found file: Skibbidi.orp attempting to validate header
18    |Info:    [ProfileManager] Valid v5 profile found for Skibbidi
18    |Info:    [ProfileManager] Found file: main.orp attempting to validate header
20    |Info:    [ProfileManager] Valid v5 profile found for main
78    |Info:    [ResourceManager] Initializing HID interfaces: Success
78    |Info:    ------------------------------------------------------
78    |Info:    |               Start device detection               |
78    |Info:    ------------------------------------------------------
82    |Info:    ------------------------------------------------------
82    |Info:    |             Detecting I2C interfaces               |
82    |Info:    ------------------------------------------------------
110   |Info:    [ResourceManager] Registering I2C interface: /dev/i2c-3 Device 1002:747E Subsystem: 1458:2413
110   |Info:    [ResourceManager] Registering I2C interface: /dev/i2c-10 Device 1002:164E Subsystem: 1462:7E26
110   |Info:    [ResourceManager] Registering I2C interface: /dev/i2c-1 Device 1002:747E Subsystem: 1458:2413
110   |Info:    [ResourceManager] Registering I2C interface: /dev/i2c-19 Device 1022:790B Subsystem: 1462:7E26
110   |Info:    [ResourceManager] Registering I2C interface: /dev/i2c-17 Device 1022:790B Subsystem: 1462:7E26
110   |Warning: [i2c_smbus_linux] Failed to read i2c device PCI device ID
110   |Info:    [ResourceManager] Registering I2C interface: /dev/i2c-8 Device 0000:0000 Subsystem: 0000:0000
110   |Warning: [i2c_smbus_linux] Failed to read i2c device PCI device ID
110   |Info:    [ResourceManager] Registering I2C interface: /dev/i2c-15 Device 0000:0000 Subsystem: 0000:0000
110   |Info:    [ResourceManager] Registering I2C interface: /dev/i2c-6 Device 1002:747E Subsystem: 1458:2413
110   |Info:    [ResourceManager] Registering I2C interface: /dev/i2c-13 Device 1002:164E Subsystem: 1462:7E26
110   |Info:    [ResourceManager] Registering I2C interface: /dev/i2c-4 Device 1002:747E Subsystem: 1458:2413
110   |Info:    [ResourceManager] Registering I2C interface: /dev/i2c-11 Device 1002:164E Subsystem: 1462:7E26
110   |Info:    [ResourceManager] Registering I2C interface: /dev/i2c-2 Device 1002:747E Subsystem: 1458:2413
111   |Info:    [ResourceManager] Registering I2C interface: /dev/i2c-0 Device 0000:0000 Subsystem: 0000:0000
111   |Info:    [ResourceManager] Registering I2C interface: /dev/i2c-18 Device 1022:790B Subsystem: 1462:7E26
111   |Warning: [i2c_smbus_linux] Failed to read i2c device PCI device ID
111   |Info:    [ResourceManager] Registering I2C interface: /dev/i2c-9 Device 0000:0000 Subsystem: 0000:0000
111   |Warning: [i2c_smbus_linux] Failed to read i2c device PCI device ID
111   |Info:    [ResourceManager] Registering I2C interface: /dev/i2c-16 Device 0000:0000 Subsystem: 0000:0000
111   |Info:    [ResourceManager] Registering I2C interface: /dev/i2c-7 Device 1002:747E Subsystem: 1458:2413
111   |Warning: [i2c_smbus_linux] Failed to read i2c device PCI device ID
111   |Info:    [ResourceManager] Registering I2C interface: /dev/i2c-14 Device 0000:0000 Subsystem: 0000:0000
111   |Info:    [ResourceManager] Registering I2C interface: /dev/i2c-5 Device 1002:747E Subsystem: 1458:2413
111   |Info:    [ResourceManager] Registering I2C interface: /dev/i2c-12 Device 1002:164E Subsystem: 1462:7E26
111   |Info:    ------------------------------------------------------
111   |Info:    |               Detecting I2C devices                |
111   |Info:    ------------------------------------------------------
1161  |Info:    ------------------------------------------------------
1161  |Info:    |            Detecting I2C DIMM modules              |
1161  |Info:    ------------------------------------------------------
1297  |Info:    ------------------------------------------------------
1297  |Info:    |               Detecting I2C PCI devices            |
1297  |Info:    ------------------------------------------------------
1410  |Info:    [Gigabyte Radeon RX 7800 XT GAMING OC] Registering RGB controller
1477  |Info:    ------------------------------------------------------
1477  |Info:    |               Detecting HID devices                |
1477  |Info:    ------------------------------------------------------
1545  |Info:    [MSI PRO B650-S WIFI (MS-7E26)] Registering RGB controller
1545  |Info:    ------------------------------------------------------
1545  |Info:    |            Detecting libusb HID devices            |
1545  |Info:    ------------------------------------------------------
1832  |Info:    ------------------------------------------------------
1832  |Info:    |              Detecting other devices               |
1832  |Info:    ------------------------------------------------------
1945  |Info:    [ResourceManager] Calling Post-detection callbacks
1945  |Info:    ------------------------------------------------------
1945  |Info:    |                Detection completed                 |
1945  |Info:    ------------------------------------------------------
1997  |Warning: [PluginManager] Plugin /home/vearnx/.config/OpenRGB/plugins/OpenRGBEffectsPlugin_0.9_Bookworm_64_f1411e1.so has an incompatible API version
1997  |Warning: [PluginManager] Plugin /home/vearnx/.config/OpenRGB/plugins/OpenRGBEffectsPlugin_0.9_Bookworm_64_f1411e1.so cannot be unloaded
