    OpenRGB v0.9+ (git1290)
    Commit: 45af044cd84032b9a9b5865cb5e12aa2cd98c47e from 2025-04-13 13:42:14 -0500
    Launched: 20250612_210318
====================================================================================================

37    |Info:    [ProfileManager] Found file: Skibbidi.orp attempting to validate header
87    |Info:    [ProfileManager] Valid v5 profile found for Skibbidi
87    |Info:    [ProfileManager] Found file: main.orp attempting to validate header
110   |Info:    [ProfileManager] Valid v5 profile found for main
177   |Info:    [ResourceManager] Initializing HID interfaces: Success
177   |Info:    ------------------------------------------------------
177   |Info:    |               Start device detection               |
177   |Info:    ------------------------------------------------------
181   |Info:    ------------------------------------------------------
181   |Info:    |             Detecting I2C interfaces               |
181   |Info:    ------------------------------------------------------
181   |Info:    [ResourceManager] Registering I2C interface: /dev/i2c-3 Device 1002:747E Subsystem: 1458:2413
181   |Info:    [ResourceManager] Registering I2C interface: /dev/i2c-10 Device 1002:164E Subsystem: 1462:7E26
181   |Info:    [ResourceManager] Registering I2C interface: /dev/i2c-1 Device 1002:747E Subsystem: 1458:2413
181   |Info:    [ResourceManager] Registering I2C interface: /dev/i2c-19 Device 1022:790B Subsystem: 1462:7E26
181   |Info:    [ResourceManager] Registering I2C interface: /dev/i2c-17 Device 1022:790B Subsystem: 1462:7E26
181   |Warning: [i2c_smbus_linux] Failed to read i2c device PCI device ID
181   |Info:    [ResourceManager] Registering I2C interface: /dev/i2c-8 Device 0000:0000 Subsystem: 0000:0000
181   |Warning: [i2c_smbus_linux] Failed to read i2c device PCI device ID
181   |Info:    [ResourceManager] Registering I2C interface: /dev/i2c-15 Device 0000:0000 Subsystem: 0000:0000
181   |Info:    [ResourceManager] Registering I2C interface: /dev/i2c-6 Device 1002:747E Subsystem: 1458:2413
181   |Info:    [ResourceManager] Registering I2C interface: /dev/i2c-13 Device 1002:164E Subsystem: 1462:7E26
181   |Info:    [ResourceManager] Registering I2C interface: /dev/i2c-4 Device 1002:747E Subsystem: 1458:2413
181   |Info:    [ResourceManager] Registering I2C interface: /dev/i2c-11 Device 1002:164E Subsystem: 1462:7E26
181   |Info:    [ResourceManager] Registering I2C interface: /dev/i2c-2 Device 1002:747E Subsystem: 1458:2413
181   |Info:    [ResourceManager] Registering I2C interface: /dev/i2c-0 Device 0000:0000 Subsystem: 0000:0000
181   |Info:    [ResourceManager] Registering I2C interface: /dev/i2c-18 Device 1022:790B Subsystem: 1462:7E26
181   |Warning: [i2c_smbus_linux] Failed to read i2c device PCI device ID
182   |Info:    [ResourceManager] Registering I2C interface: /dev/i2c-9 Device 0000:0000 Subsystem: 0000:0000
182   |Warning: [i2c_smbus_linux] Failed to read i2c device PCI device ID
182   |Info:    [ResourceManager] Registering I2C interface: /dev/i2c-16 Device 0000:0000 Subsystem: 0000:0000
182   |Info:    [ResourceManager] Registering I2C interface: /dev/i2c-7 Device 1002:747E Subsystem: 1458:2413
182   |Warning: [i2c_smbus_linux] Failed to read i2c device PCI device ID
182   |Info:    [ResourceManager] Registering I2C interface: /dev/i2c-14 Device 0000:0000 Subsystem: 0000:0000
182   |Info:    [ResourceManager] Registering I2C interface: /dev/i2c-5 Device 1002:747E Subsystem: 1458:2413
182   |Info:    [ResourceManager] Registering I2C interface: /dev/i2c-12 Device 1002:164E Subsystem: 1462:7E26
182   |Info:    ------------------------------------------------------
182   |Info:    |               Detecting I2C devices                |
182   |Info:    ------------------------------------------------------
1229  |Info:    ------------------------------------------------------
1229  |Info:    |            Detecting I2C DIMM modules              |
1229  |Info:    ------------------------------------------------------
1378  |Info:    ------------------------------------------------------
1378  |Info:    |               Detecting I2C PCI devices            |
1378  |Info:    ------------------------------------------------------
1491  |Info:    [Gigabyte Radeon RX 7800 XT GAMING OC] Registering RGB controller
1560  |Info:    ------------------------------------------------------
1560  |Info:    |               Detecting HID devices                |
1560  |Info:    ------------------------------------------------------
1625  |Info:    [MSI PRO B650-S WIFI (MS-7E26)] Registering RGB controller
1627  |Info:    ------------------------------------------------------
1627  |Info:    |            Detecting libusb HID devices            |
1627  |Info:    ------------------------------------------------------
1657  |Info:    ------------------------------------------------------
1657  |Info:    |              Detecting other devices               |
1657  |Info:    ------------------------------------------------------
1825  |Info:    [ResourceManager] Calling Post-detection callbacks
1825  |Info:    ------------------------------------------------------
1825  |Info:    |                Detection completed                 |
1825  |Info:    ------------------------------------------------------
2117  |Warning: [PluginManager] Plugin /home/vearnx/.config/OpenRGB/plugins/OpenRGBEffectsPlugin_0.9_Bookworm_64_f1411e1.so has an incompatible API version
2117  |Warning: [PluginManager] Plugin /home/vearnx/.config/OpenRGB/plugins/OpenRGBEffectsPlugin_0.9_Bookworm_64_f1411e1.so cannot be unloaded
