    OpenRGB v0.9+ (git1290)
    Commit: 45af044cd84032b9a9b5865cb5e12aa2cd98c47e from 2025-04-13 13:42:14 -0500
    Launched: 20250518_224319
====================================================================================================

22    |Info:    [ProfileManager] Found file: Skibbidi.orp attempting to validate header
200   |Info:    [ProfileManager] Valid v5 profile found for Skibbidi
200   |Info:    [ProfileManager] Found file: main.orp attempting to validate header
200   |Info:    [ProfileManager] Valid v5 profile found for main
255   |Info:    [ResourceManager] Initializing HID interfaces: Success
255   |Info:    ------------------------------------------------------
255   |Info:    |               Start device detection               |
255   |Info:    ------------------------------------------------------
259   |Info:    ------------------------------------------------------
259   |Info:    |             Detecting I2C interfaces               |
259   |Info:    ------------------------------------------------------
259   |Info:    [ResourceManager] Registering I2C interface: /dev/i2c-3 Device 1022:790B Subsystem: 1462:7E26
259   |Warning: [i2c_smbus_linux] Failed to read i2c device PCI device ID
259   |Info:    [ResourceManager] Registering I2C interface: /dev/i2c-10 Device 0000:0000 Subsystem: 0000:0000
260   |Info:    [ResourceManager] Registering I2C interface: /dev/i2c-1 Device 1022:790B Subsystem: 1462:7E26
260   |Warning: [i2c_smbus_linux] Failed to read i2c device PCI device ID
260   |Info:    [ResourceManager] Registering I2C interface: /dev/i2c-17 Device 0000:0000 Subsystem: 0000:0000
260   |Info:    [ResourceManager] Registering I2C interface: /dev/i2c-8 Device 1002:747E Subsystem: 1458:2413
260   |Info:    [ResourceManager] Registering I2C interface: /dev/i2c-15 Device 1002:164E Subsystem: 1462:7E26
260   |Info:    [ResourceManager] Registering I2C interface: /dev/i2c-6 Device 1002:747E Subsystem: 1458:2413
260   |Info:    [ResourceManager] Registering I2C interface: /dev/i2c-13 Device 1002:164E Subsystem: 1462:7E26
260   |Info:    [ResourceManager] Registering I2C interface: /dev/i2c-4 Device 1002:747E Subsystem: 1458:2413
260   |Warning: [i2c_smbus_linux] Failed to read i2c device PCI device ID
260   |Info:    [ResourceManager] Registering I2C interface: /dev/i2c-11 Device 0000:0000 Subsystem: 0000:0000
260   |Info:    [ResourceManager] Registering I2C interface: /dev/i2c-2 Device 1022:790B Subsystem: 1462:7E26
260   |Info:    [ResourceManager] Registering I2C interface: /dev/i2c-0 Device 0000:0000 Subsystem: 0000:0000
260   |Warning: [i2c_smbus_linux] Failed to read i2c device PCI device ID
260   |Info:    [ResourceManager] Registering I2C interface: /dev/i2c-18 Device 0000:0000 Subsystem: 0000:0000
260   |Info:    [ResourceManager] Registering I2C interface: /dev/i2c-9 Device 1002:747E Subsystem: 1458:2413
260   |Warning: [i2c_smbus_linux] Failed to read i2c device PCI device ID
260   |Info:    [ResourceManager] Registering I2C interface: /dev/i2c-16 Device 0000:0000 Subsystem: 0000:0000
260   |Info:    [ResourceManager] Registering I2C interface: /dev/i2c-7 Device 1002:747E Subsystem: 1458:2413
261   |Info:    [ResourceManager] Registering I2C interface: /dev/i2c-14 Device 1002:164E Subsystem: 1462:7E26
261   |Info:    [ResourceManager] Registering I2C interface: /dev/i2c-5 Device 1002:747E Subsystem: 1458:2413
261   |Info:    [ResourceManager] Registering I2C interface: /dev/i2c-12 Device 1002:164E Subsystem: 1462:7E26
261   |Info:    ------------------------------------------------------
261   |Info:    |               Detecting I2C devices                |
261   |Info:    ------------------------------------------------------
1308  |Info:    ------------------------------------------------------
1308  |Info:    |            Detecting I2C DIMM modules              |
1308  |Info:    ------------------------------------------------------
1441  |Info:    ------------------------------------------------------
1441  |Info:    |               Detecting I2C PCI devices            |
1441  |Info:    ------------------------------------------------------
1617  |Info:    ------------------------------------------------------
1617  |Info:    |               Detecting HID devices                |
1617  |Info:    ------------------------------------------------------
1683  |Info:    [MSI PRO B650-S WIFI (MS-7E26)] Registering RGB controller
1684  |Info:    ------------------------------------------------------
1684  |Info:    |            Detecting libusb HID devices            |
1684  |Info:    ------------------------------------------------------
2020  |Info:    ------------------------------------------------------
2020  |Info:    |              Detecting other devices               |
2020  |Info:    ------------------------------------------------------
2137  |Info:    [ResourceManager] Calling Post-detection callbacks
2137  |Info:    ------------------------------------------------------
2137  |Info:    |                Detection completed                 |
2137  |Info:    ------------------------------------------------------
2194  |Warning: [PluginManager] Plugin /home/vearnx/.config/OpenRGB/plugins/OpenRGBEffectsPlugin_0.9_Bookworm_64_f1411e1.so has an incompatible API version
2195  |Warning: [PluginManager] Plugin /home/vearnx/.config/OpenRGB/plugins/OpenRGBEffectsPlugin_0.9_Bookworm_64_f1411e1.so cannot be unloaded
