    OpenRGB v0.9+ (git1290)
    Commit: 45af044cd84032b9a9b5865cb5e12aa2cd98c47e from 2025-04-13 13:42:14 -0500
    Launched: 20250529_162821
====================================================================================================

95    |Info:    [ProfileManager] Found file: Skibbidi.orp attempting to validate header
119   |Info:    [ProfileManager] Valid v5 profile found for Skibbidi
119   |Info:    [ProfileManager] Found file: main.orp attempting to validate header
120   |Info:    [ProfileManager] Valid v5 profile found for main
173   |Info:    [ResourceManager] Initializing HID interfaces: Success
173   |Info:    ------------------------------------------------------
173   |Info:    |               Start device detection               |
173   |Info:    ------------------------------------------------------
176   |Info:    ------------------------------------------------------
176   |Info:    |             Detecting I2C interfaces               |
176   |Info:    ------------------------------------------------------
231   |Info:    [ResourceManager] Registering I2C interface: /dev/i2c-3 Device 1002:747E Subsystem: 1458:2413
232   |Info:    [ResourceManager] Registering I2C interface: /dev/i2c-10 Device 1002:164E Subsystem: 1462:7E26
232   |Info:    [ResourceManager] Registering I2C interface: /dev/i2c-1 Device 1002:747E Subsystem: 1458:2413
232   |Info:    [ResourceManager] Registering I2C interface: /dev/i2c-17 Device 1022:790B Subsystem: 1462:7E26
232   |Warning: [i2c_smbus_linux] Failed to read i2c device PCI device ID
232   |Info:    [ResourceManager] Registering I2C interface: /dev/i2c-8 Device 0000:0000 Subsystem: 0000:0000
232   |Warning: [i2c_smbus_linux] Failed to read i2c device PCI device ID
232   |Info:    [ResourceManager] Registering I2C interface: /dev/i2c-15 Device 0000:0000 Subsystem: 0000:0000
232   |Info:    [ResourceManager] Registering I2C interface: /dev/i2c-6 Device 1002:747E Subsystem: 1458:2413
232   |Warning: [i2c_smbus_linux] Failed to read i2c device PCI device ID
232   |Info:    [ResourceManager] Registering I2C interface: /dev/i2c-13 Device 0000:0000 Subsystem: 0000:0000
232   |Info:    [ResourceManager] Registering I2C interface: /dev/i2c-4 Device 1002:747E Subsystem: 1458:2413
232   |Info:    [ResourceManager] Registering I2C interface: /dev/i2c-11 Device 1002:164E Subsystem: 1462:7E26
232   |Info:    [ResourceManager] Registering I2C interface: /dev/i2c-2 Device 1002:747E Subsystem: 1458:2413
232   |Info:    [ResourceManager] Registering I2C interface: /dev/i2c-0 Device 0000:0000 Subsystem: 0000:0000
232   |Info:    [ResourceManager] Registering I2C interface: /dev/i2c-18 Device 1022:790B Subsystem: 1462:7E26
232   |Info:    [ResourceManager] Registering I2C interface: /dev/i2c-9 Device 1002:164E Subsystem: 1462:7E26
232   |Info:    [ResourceManager] Registering I2C interface: /dev/i2c-16 Device 1022:790B Subsystem: 1462:7E26
232   |Warning: [i2c_smbus_linux] Failed to read i2c device PCI device ID
232   |Info:    [ResourceManager] Registering I2C interface: /dev/i2c-7 Device 0000:0000 Subsystem: 0000:0000
233   |Warning: [i2c_smbus_linux] Failed to read i2c device PCI device ID
233   |Info:    [ResourceManager] Registering I2C interface: /dev/i2c-14 Device 0000:0000 Subsystem: 0000:0000
233   |Info:    [ResourceManager] Registering I2C interface: /dev/i2c-5 Device 1002:747E Subsystem: 1458:2413
233   |Info:    [ResourceManager] Registering I2C interface: /dev/i2c-12 Device 1002:164E Subsystem: 1462:7E26
233   |Info:    ------------------------------------------------------
233   |Info:    |               Detecting I2C devices                |
233   |Info:    ------------------------------------------------------
1282  |Info:    ------------------------------------------------------
1282  |Info:    |            Detecting I2C DIMM modules              |
1282  |Info:    ------------------------------------------------------
1415  |Info:    ------------------------------------------------------
1415  |Info:    |               Detecting I2C PCI devices            |
1415  |Info:    ------------------------------------------------------
1595  |Info:    ------------------------------------------------------
1595  |Info:    |               Detecting HID devices                |
1595  |Info:    ------------------------------------------------------
1660  |Info:    [MSI PRO B650-S WIFI (MS-7E26)] Registering RGB controller
1660  |Info:    ------------------------------------------------------
1660  |Info:    |            Detecting libusb HID devices            |
1660  |Info:    ------------------------------------------------------
1704  |Info:    ------------------------------------------------------
1704  |Info:    |              Detecting other devices               |
1704  |Info:    ------------------------------------------------------
1879  |Info:    [ResourceManager] Calling Post-detection callbacks
1879  |Info:    ------------------------------------------------------
1879  |Info:    |                Detection completed                 |
1879  |Info:    ------------------------------------------------------
1903  |Warning: [PluginManager] Plugin /home/vearnx/.config/OpenRGB/plugins/OpenRGBEffectsPlugin_0.9_Bookworm_64_f1411e1.so has an incompatible API version
1903  |Warning: [PluginManager] Plugin /home/vearnx/.config/OpenRGB/plugins/OpenRGBEffectsPlugin_0.9_Bookworm_64_f1411e1.so cannot be unloaded
