    OpenRGB v0.9+ (git1290)
    Commit: 45af044cd84032b9a9b5865cb5e12aa2cd98c47e from 2025-04-13 13:42:14 -0500
    Launched: 20250516_170445
====================================================================================================

44    |Info:    [ProfileManager] Found file: Skibbidi.orp attempting to validate header
58    |Info:    [ProfileManager] Valid v5 profile found for Skibbidi
58    |Info:    [ProfileManager] Found file: main.orp attempting to validate header
178   |Info:    [ProfileManager] Valid v5 profile found for main
231   |Info:    [ResourceManager] Initializing HID interfaces: Success
231   |Info:    ------------------------------------------------------
231   |Info:    |               Start device detection               |
231   |Info:    ------------------------------------------------------
235   |Info:    ------------------------------------------------------
235   |Info:    |             Detecting I2C interfaces               |
235   |Info:    ------------------------------------------------------
256   |Info:    [ResourceManager] Registering I2C interface: /dev/i2c-3 Device 1002:747E Subsystem: 1458:2413
256   |Info:    [ResourceManager] Registering I2C interface: /dev/i2c-10 Device 1002:164E Subsystem: 1462:7E26
256   |Info:    [ResourceManager] Registering I2C interface: /dev/i2c-1 Device 1002:747E Subsystem: 1458:2413
256   |Info:    [ResourceManager] Registering I2C interface: /dev/i2c-17 Device 1022:790B Subsystem: 1462:7E26
256   |Info:    [ResourceManager] Registering I2C interface: /dev/i2c-8 Device 1002:164E Subsystem: 1462:7E26
256   |Info:    [ResourceManager] Registering I2C interface: /dev/i2c-15 Device 1022:790B Subsystem: 1462:7E26
256   |Warning: [i2c_smbus_linux] Failed to read i2c device PCI device ID
256   |Info:    [ResourceManager] Registering I2C interface: /dev/i2c-6 Device 0000:0000 Subsystem: 0000:0000
256   |Warning: [i2c_smbus_linux] Failed to read i2c device PCI device ID
256   |Info:    [ResourceManager] Registering I2C interface: /dev/i2c-13 Device 0000:0000 Subsystem: 0000:0000
256   |Info:    [ResourceManager] Registering I2C interface: /dev/i2c-4 Device 1002:747E Subsystem: 1458:2413
256   |Info:    [ResourceManager] Registering I2C interface: /dev/i2c-11 Device 1002:164E Subsystem: 1462:7E26
256   |Info:    [ResourceManager] Registering I2C interface: /dev/i2c-2 Device 1002:747E Subsystem: 1458:2413
257   |Info:    [ResourceManager] Registering I2C interface: /dev/i2c-0 Device 1002:747E Subsystem: 1458:2413
257   |Info:    [ResourceManager] Registering I2C interface: /dev/i2c-9 Device 1002:164E Subsystem: 1462:7E26
257   |Info:    [ResourceManager] Registering I2C interface: /dev/i2c-16 Device 1022:790B Subsystem: 1462:7E26
257   |Warning: [i2c_smbus_linux] Failed to read i2c device PCI device ID
257   |Info:    [ResourceManager] Registering I2C interface: /dev/i2c-7 Device 0000:0000 Subsystem: 0000:0000
257   |Warning: [i2c_smbus_linux] Failed to read i2c device PCI device ID
257   |Info:    [ResourceManager] Registering I2C interface: /dev/i2c-14 Device 0000:0000 Subsystem: 0000:0000
257   |Info:    [ResourceManager] Registering I2C interface: /dev/i2c-5 Device 1002:747E Subsystem: 1458:2413
257   |Warning: [i2c_smbus_linux] Failed to read i2c device PCI device ID
257   |Info:    [ResourceManager] Registering I2C interface: /dev/i2c-12 Device 0000:0000 Subsystem: 0000:0000
257   |Info:    ------------------------------------------------------
257   |Info:    |               Detecting I2C devices                |
257   |Info:    ------------------------------------------------------
1306  |Info:    ------------------------------------------------------
1306  |Info:    |            Detecting I2C DIMM modules              |
1306  |Info:    ------------------------------------------------------
1450  |Info:    ------------------------------------------------------
1450  |Info:    |               Detecting I2C PCI devices            |
1450  |Info:    ------------------------------------------------------
1630  |Info:    ------------------------------------------------------
1630  |Info:    |               Detecting HID devices                |
1630  |Info:    ------------------------------------------------------
1694  |Info:    [MSI PRO B650-S WIFI (MS-7E26)] Registering RGB controller
1695  |Info:    ------------------------------------------------------
1695  |Info:    |            Detecting libusb HID devices            |
1695  |Info:    ------------------------------------------------------
1911  |Info:    ------------------------------------------------------
1911  |Info:    |              Detecting other devices               |
1911  |Info:    ------------------------------------------------------
2060  |Info:    [ResourceManager] Calling Post-detection callbacks
2060  |Info:    ------------------------------------------------------
2060  |Info:    |                Detection completed                 |
2060  |Info:    ------------------------------------------------------
2082  |Warning: [PluginManager] Plugin /home/vearnx/.config/OpenRGB/plugins/OpenRGBEffectsPlugin_0.9_Bookworm_64_f1411e1.so has an incompatible API version
2082  |Warning: [PluginManager] Plugin /home/vearnx/.config/OpenRGB/plugins/OpenRGBEffectsPlugin_0.9_Bookworm_64_f1411e1.so cannot be unloaded
