    OpenRGB v0.9+ (git1290)
    Commit: 45af044cd84032b9a9b5865cb5e12aa2cd98c47e from 2025-04-13 13:42:14 -0500
    Launched: 20250523_151227
====================================================================================================

9     |Info:    [ProfileManager] Found file: Skibbidi.orp attempting to validate header
14    |Info:    [ProfileManager] Valid v5 profile found for Skibbidi
14    |Info:    [ProfileManager] Found file: main.orp attempting to validate header
16    |Info:    [ProfileManager] Valid v5 profile found for main
71    |Info:    [ResourceManager] Initializing HID interfaces: Success
71    |Info:    ------------------------------------------------------
71    |Info:    |               Start device detection               |
71    |Info:    ------------------------------------------------------
75    |Info:    ------------------------------------------------------
75    |Info:    |             Detecting I2C interfaces               |
75    |Info:    ------------------------------------------------------
75    |Info:    [ResourceManager] Registering I2C interface: /dev/i2c-3 Device 1022:790B Subsystem: 1462:7E26
75    |Warning: [i2c_smbus_linux] Failed to read i2c device PCI device ID
75    |Info:    [ResourceManager] Registering I2C interface: /dev/i2c-10 Device 0000:0000 Subsystem: 0000:0000
75    |Info:    [ResourceManager] Registering I2C interface: /dev/i2c-1 Device 1022:790B Subsystem: 1462:7E26
75    |Warning: [i2c_smbus_linux] Failed to read i2c device PCI device ID
75    |Info:    [ResourceManager] Registering I2C interface: /dev/i2c-17 Device 0000:0000 Subsystem: 0000:0000
75    |Info:    [ResourceManager] Registering I2C interface: /dev/i2c-8 Device 1002:747E Subsystem: 1458:2413
75    |Info:    [ResourceManager] Registering I2C interface: /dev/i2c-15 Device 1002:164E Subsystem: 1462:7E26
75    |Info:    [ResourceManager] Registering I2C interface: /dev/i2c-6 Device 1002:747E Subsystem: 1458:2413
75    |Info:    [ResourceManager] Registering I2C interface: /dev/i2c-13 Device 1002:164E Subsystem: 1462:7E26
75    |Info:    [ResourceManager] Registering I2C interface: /dev/i2c-4 Device 1002:747E Subsystem: 1458:2413
75    |Warning: [i2c_smbus_linux] Failed to read i2c device PCI device ID
75    |Info:    [ResourceManager] Registering I2C interface: /dev/i2c-11 Device 0000:0000 Subsystem: 0000:0000
75    |Info:    [ResourceManager] Registering I2C interface: /dev/i2c-2 Device 1022:790B Subsystem: 1462:7E26
75    |Info:    [ResourceManager] Registering I2C interface: /dev/i2c-0 Device 0000:0000 Subsystem: 0000:0000
75    |Warning: [i2c_smbus_linux] Failed to read i2c device PCI device ID
75    |Info:    [ResourceManager] Registering I2C interface: /dev/i2c-18 Device 0000:0000 Subsystem: 0000:0000
75    |Info:    [ResourceManager] Registering I2C interface: /dev/i2c-9 Device 1002:747E Subsystem: 1458:2413
75    |Warning: [i2c_smbus_linux] Failed to read i2c device PCI device ID
75    |Info:    [ResourceManager] Registering I2C interface: /dev/i2c-16 Device 0000:0000 Subsystem: 0000:0000
75    |Info:    [ResourceManager] Registering I2C interface: /dev/i2c-7 Device 1002:747E Subsystem: 1458:2413
76    |Info:    [ResourceManager] Registering I2C interface: /dev/i2c-14 Device 1002:164E Subsystem: 1462:7E26
76    |Info:    [ResourceManager] Registering I2C interface: /dev/i2c-5 Device 1002:747E Subsystem: 1458:2413
76    |Info:    [ResourceManager] Registering I2C interface: /dev/i2c-12 Device 1002:164E Subsystem: 1462:7E26
76    |Info:    ------------------------------------------------------
76    |Info:    |               Detecting I2C devices                |
76    |Info:    ------------------------------------------------------
1122  |Info:    ------------------------------------------------------
1122  |Info:    |            Detecting I2C DIMM modules              |
1122  |Info:    ------------------------------------------------------
1260  |Info:    ------------------------------------------------------
1260  |Info:    |               Detecting I2C PCI devices            |
1260  |Info:    ------------------------------------------------------
1442  |Info:    ------------------------------------------------------
1442  |Info:    |               Detecting HID devices                |
1442  |Info:    ------------------------------------------------------
1507  |Info:    [MSI PRO B650-S WIFI (MS-7E26)] Registering RGB controller
1507  |Info:    ------------------------------------------------------
1507  |Info:    |            Detecting libusb HID devices            |
1507  |Info:    ------------------------------------------------------
1541  |Info:    ------------------------------------------------------
1541  |Info:    |              Detecting other devices               |
1541  |Info:    ------------------------------------------------------
1651  |Info:    [ResourceManager] Calling Post-detection callbacks
1651  |Info:    ------------------------------------------------------
1651  |Info:    |                Detection completed                 |
1651  |Info:    ------------------------------------------------------
1687  |Warning: [PluginManager] Plugin /home/vearnx/.config/OpenRGB/plugins/OpenRGBEffectsPlugin_0.9_Bookworm_64_f1411e1.so has an incompatible API version
1687  |Warning: [PluginManager] Plugin /home/vearnx/.config/OpenRGB/plugins/OpenRGBEffectsPlugin_0.9_Bookworm_64_f1411e1.so cannot be unloaded
