    OpenRGB v0.9+ (1.0rc1)
    Commit: 1fbacdea373361ecd2e0780c1db15cc3eb9aa538 from 2025-02-22 11:06:06 -0600
    Launched: 20250316_202733
====================================================================================================

3     |Info:    [ProfileManager] Found file: Skibbidi.orp attempting to validate header
4     |Info:    [ProfileManager] Valid v5 profile found for Skibbidi
4     |Info:    [ProfileManager] Found file: main.orp attempting to validate header
6     |Info:    [ProfileManager] Valid v5 profile found for main
60    |Info:    [ResourceManager] Initializing HID interfaces: Success
60    |Info:    ------------------------------------------------------
60    |Info:    |               Start device detection               |
60    |Info:    ------------------------------------------------------
64    |Info:    ------------------------------------------------------
64    |Info:    |             Detecting I2C interfaces               |
64    |Info:    ------------------------------------------------------
110   |Info:    [ResourceManager] Registering I2C interface: /dev/i2c-3 Device 1002:747E Subsystem: 1458:2413
110   |Warning: [i2c_smbus_linux] Failed to read i2c device PCI device ID
110   |Info:    [ResourceManager] Registering I2C interface: /dev/i2c-10 Device 0000:0000 Subsystem: 0000:0000
110   |Info:    [ResourceManager] Registering I2C interface: /dev/i2c-1 Device 1022:790B Subsystem: 1462:7E26
110   |Warning: [i2c_smbus_linux] Failed to read i2c device PCI device ID
111   |Info:    [ResourceManager] Registering I2C interface: /dev/i2c-17 Device 0000:0000 Subsystem: 0000:0000
111   |Info:    [ResourceManager] Registering I2C interface: /dev/i2c-8 Device 1002:747E Subsystem: 1458:2413
111   |Warning: [i2c_smbus_linux] Failed to read i2c device PCI device ID
111   |Info:    [ResourceManager] Registering I2C interface: /dev/i2c-15 Device 0000:0000 Subsystem: 0000:0000
111   |Info:    [ResourceManager] Registering I2C interface: /dev/i2c-6 Device 1002:747E Subsystem: 1458:2413
111   |Info:    [ResourceManager] Registering I2C interface: /dev/i2c-13 Device 1002:164E Subsystem: 1462:7E26
111   |Info:    [ResourceManager] Registering I2C interface: /dev/i2c-4 Device 1002:747E Subsystem: 1458:2413
111   |Info:    [ResourceManager] Registering I2C interface: /dev/i2c-11 Device 1002:164E Subsystem: 1462:7E26
111   |Info:    [ResourceManager] Registering I2C interface: /dev/i2c-2 Device 1022:790B Subsystem: 1462:7E26
111   |Info:    [ResourceManager] Registering I2C interface: /dev/i2c-0 Device 1022:790B Subsystem: 1462:7E26
111   |Warning: [i2c_smbus_linux] Failed to read i2c device PCI device ID
111   |Info:    [ResourceManager] Registering I2C interface: /dev/i2c-9 Device 0000:0000 Subsystem: 0000:0000
111   |Warning: [i2c_smbus_linux] Failed to read i2c device PCI device ID
111   |Info:    [ResourceManager] Registering I2C interface: /dev/i2c-16 Device 0000:0000 Subsystem: 0000:0000
111   |Info:    [ResourceManager] Registering I2C interface: /dev/i2c-7 Device 1002:747E Subsystem: 1458:2413
111   |Info:    [ResourceManager] Registering I2C interface: /dev/i2c-14 Device 1002:164E Subsystem: 1462:7E26
111   |Info:    [ResourceManager] Registering I2C interface: /dev/i2c-5 Device 1002:747E Subsystem: 1458:2413
112   |Info:    [ResourceManager] Registering I2C interface: /dev/i2c-12 Device 1002:164E Subsystem: 1462:7E26
112   |Info:    ------------------------------------------------------
112   |Info:    |               Detecting I2C devices                |
112   |Info:    ------------------------------------------------------
1153  |Info:    ------------------------------------------------------
1153  |Info:    |            Detecting I2C DIMM modules              |
1153  |Info:    ------------------------------------------------------
1994  |Info:    [ResourceManager] Detected occupied slot 2, bus 2, type DDR5
2871  |Info:    [ResourceManager] Detected occupied slot 4, bus 2, type DDR5
2898  |Info:    [ResourceManager] Detected occupied slot 2, bus 10, type DDR5
2902  |Info:    [ResourceManager] Detected occupied slot 4, bus 10, type DDR5
2928  |Info:    [ResourceManager] Detected occupied slot 2, bus 11, type DDR5
2933  |Info:    [ResourceManager] Detected occupied slot 4, bus 11, type DDR5
2954  |Info:    ------------------------------------------------------
2954  |Info:    |               Detecting I2C PCI devices            |
2954  |Info:    ------------------------------------------------------
3132  |Info:    ------------------------------------------------------
3132  |Info:    |               Detecting HID devices                |
3132  |Info:    ------------------------------------------------------
3198  |Info:    [MSI PRO B650-S WIFI (MS-7E26)] Registering RGB controller
3199  |Info:    ------------------------------------------------------
3199  |Info:    |            Detecting libusb HID devices            |
3199  |Info:    ------------------------------------------------------
3210  |Info:    ------------------------------------------------------
3210  |Info:    |              Detecting other devices               |
3210  |Info:    ------------------------------------------------------
3313  |Info:    [ResourceManager] Calling Post-detection callbacks
3313  |Info:    ------------------------------------------------------
3313  |Info:    |                Detection completed                 |
3313  |Info:    ------------------------------------------------------
3313  |Dialog:  <h2>WARNING:</h2><p>Multiple OpenRGB udev rules are installed.</p><p>The udev rules file 60-openrgb.rules is installed in both /etc/udev/rules.d and /usr/lib/udev/rules.d.</p><p>Multiple udev rules files can conflict, it is recommended to remove one of them.</p>
3328  |Warning: [PluginManager] Plugin /home/vearnx/.config/OpenRGB/plugins/OpenRGBEffectsPlugin_0.9_Bookworm_64_f1411e1.so has an incompatible API version
3328  |Warning: [PluginManager] Plugin /home/vearnx/.config/OpenRGB/plugins/OpenRGBEffectsPlugin_0.9_Bookworm_64_f1411e1.so cannot be unloaded
