    OpenRGB v0.9+ (git1290)
    Commit: 45af044cd84032b9a9b5865cb5e12aa2cd98c47e from 2025-04-13 13:42:14 -0500
    Launched: 20250417_185142
====================================================================================================

12    |Info:    [ProfileManager] Found file: Skibbidi.orp attempting to validate header
17    |Info:    [ProfileManager] Valid v5 profile found for Skibbidi
17    |Info:    [ProfileManager] Found file: main.orp attempting to validate header
17    |Info:    [ProfileManager] Valid v5 profile found for main
72    |Info:    [ResourceManager] Initializing HID interfaces: Success
72    |Info:    ------------------------------------------------------
72    |Info:    |               Start device detection               |
72    |Info:    ------------------------------------------------------
77    |Info:    ------------------------------------------------------
77    |Info:    |             Detecting I2C interfaces               |
77    |Info:    ------------------------------------------------------
77    |Info:    [ResourceManager] Registering I2C interface: /dev/i2c-3 Device 1002:747E Subsystem: 1458:2413
77    |Info:    [ResourceManager] Registering I2C interface: /dev/i2c-10 Device 1002:164E Subsystem: 1462:7E26
77    |Info:    [ResourceManager] Registering I2C interface: /dev/i2c-1 Device 1002:747E Subsystem: 1458:2413
77    |Info:    [ResourceManager] Registering I2C interface: /dev/i2c-17 Device 1022:790B Subsystem: 1462:7E26
77    |Info:    [ResourceManager] Registering I2C interface: /dev/i2c-8 Device 1002:164E Subsystem: 1462:7E26
77    |Info:    [ResourceManager] Registering I2C interface: /dev/i2c-15 Device 1022:790B Subsystem: 1462:7E26
77    |Warning: [i2c_smbus_linux] Failed to read i2c device PCI device ID
77    |Info:    [ResourceManager] Registering I2C interface: /dev/i2c-6 Device 0000:0000 Subsystem: 0000:0000
77    |Warning: [i2c_smbus_linux] Failed to read i2c device PCI device ID
77    |Info:    [ResourceManager] Registering I2C interface: /dev/i2c-13 Device 0000:0000 Subsystem: 0000:0000
77    |Info:    [ResourceManager] Registering I2C interface: /dev/i2c-4 Device 1002:747E Subsystem: 1458:2413
77    |Info:    [ResourceManager] Registering I2C interface: /dev/i2c-11 Device 1002:164E Subsystem: 1462:7E26
77    |Info:    [ResourceManager] Registering I2C interface: /dev/i2c-2 Device 1002:747E Subsystem: 1458:2413
77    |Info:    [ResourceManager] Registering I2C interface: /dev/i2c-0 Device 1002:747E Subsystem: 1458:2413
77    |Info:    [ResourceManager] Registering I2C interface: /dev/i2c-9 Device 1002:164E Subsystem: 1462:7E26
78    |Info:    [ResourceManager] Registering I2C interface: /dev/i2c-16 Device 1022:790B Subsystem: 1462:7E26
78    |Warning: [i2c_smbus_linux] Failed to read i2c device PCI device ID
78    |Info:    [ResourceManager] Registering I2C interface: /dev/i2c-7 Device 0000:0000 Subsystem: 0000:0000
78    |Warning: [i2c_smbus_linux] Failed to read i2c device PCI device ID
78    |Info:    [ResourceManager] Registering I2C interface: /dev/i2c-14 Device 0000:0000 Subsystem: 0000:0000
78    |Info:    [ResourceManager] Registering I2C interface: /dev/i2c-5 Device 1002:747E Subsystem: 1458:2413
78    |Warning: [i2c_smbus_linux] Failed to read i2c device PCI device ID
78    |Info:    [ResourceManager] Registering I2C interface: /dev/i2c-12 Device 0000:0000 Subsystem: 0000:0000
78    |Info:    ------------------------------------------------------
78    |Info:    |               Detecting I2C devices                |
78    |Info:    ------------------------------------------------------
1134  |Info:    ------------------------------------------------------
1134  |Info:    |            Detecting I2C DIMM modules              |
1134  |Info:    ------------------------------------------------------
1268  |Info:    ------------------------------------------------------
1268  |Info:    |               Detecting I2C PCI devices            |
1268  |Info:    ------------------------------------------------------
1451  |Info:    ------------------------------------------------------
1451  |Info:    |               Detecting HID devices                |
1451  |Info:    ------------------------------------------------------
1518  |Info:    [MSI PRO B650-S WIFI (MS-7E26)] Registering RGB controller
1519  |Info:    ------------------------------------------------------
1519  |Info:    |            Detecting libusb HID devices            |
1519  |Info:    ------------------------------------------------------
1527  |Info:    ------------------------------------------------------
1527  |Info:    |              Detecting other devices               |
1527  |Info:    ------------------------------------------------------
1626  |Info:    [ResourceManager] Calling Post-detection callbacks
1626  |Info:    ------------------------------------------------------
1626  |Info:    |                Detection completed                 |
1626  |Info:    ------------------------------------------------------
1639  |Warning: [PluginManager] Plugin /home/vearnx/.config/OpenRGB/plugins/OpenRGBEffectsPlugin_0.9_Bookworm_64_f1411e1.so has an incompatible API version
1639  |Warning: [PluginManager] Plugin /home/vearnx/.config/OpenRGB/plugins/OpenRGBEffectsPlugin_0.9_Bookworm_64_f1411e1.so cannot be unloaded
