    OpenRGB v0.9+ (git1290)
    Commit: 45af044cd84032b9a9b5865cb5e12aa2cd98c47e from 2025-04-13 13:42:14 -0500
    Launched: 20250618_000251
====================================================================================================

6     |Info:    [ProfileManager] Found file: Skibbidi.orp attempting to validate header
8     |Info:    [ProfileManager] Valid v5 profile found for Skibbidi
8     |Info:    [ProfileManager] Found file: main.orp attempting to validate header
8     |Info:    [ProfileManager] Valid v5 profile found for main
61    |Info:    [ResourceManager] Initializing HID interfaces: Success
61    |Info:    ------------------------------------------------------
61    |Info:    |               Start device detection               |
61    |Info:    ------------------------------------------------------
65    |Info:    ------------------------------------------------------
65    |Info:    |             Detecting I2C interfaces               |
65    |Info:    ------------------------------------------------------
85    |Info:    [ResourceManager] Registering I2C interface: /dev/i2c-3 Device 1002:747E Subsystem: 1458:2413
85    |Info:    [ResourceManager] Registering I2C interface: /dev/i2c-10 Device 1002:164E Subsystem: 1462:7E26
85    |Info:    [ResourceManager] Registering I2C interface: /dev/i2c-1 Device 1002:747E Subsystem: 1458:2413
85    |Info:    [ResourceManager] Registering I2C interface: /dev/i2c-19 Device 1022:790B Subsystem: 1462:7E26
85    |Info:    [ResourceManager] Registering I2C interface: /dev/i2c-17 Device 1022:790B Subsystem: 1462:7E26
85    |Warning: [i2c_smbus_linux] Failed to read i2c device PCI device ID
85    |Info:    [ResourceManager] Registering I2C interface: /dev/i2c-8 Device 0000:0000 Subsystem: 0000:0000
85    |Warning: [i2c_smbus_linux] Failed to read i2c device PCI device ID
85    |Info:    [ResourceManager] Registering I2C interface: /dev/i2c-15 Device 0000:0000 Subsystem: 0000:0000
85    |Info:    [ResourceManager] Registering I2C interface: /dev/i2c-6 Device 1002:747E Subsystem: 1458:2413
85    |Info:    [ResourceManager] Registering I2C interface: /dev/i2c-13 Device 1002:164E Subsystem: 1462:7E26
86    |Info:    [ResourceManager] Registering I2C interface: /dev/i2c-4 Device 1002:747E Subsystem: 1458:2413
86    |Info:    [ResourceManager] Registering I2C interface: /dev/i2c-11 Device 1002:164E Subsystem: 1462:7E26
86    |Info:    [ResourceManager] Registering I2C interface: /dev/i2c-2 Device 1002:747E Subsystem: 1458:2413
86    |Info:    [ResourceManager] Registering I2C interface: /dev/i2c-0 Device 0000:0000 Subsystem: 0000:0000
86    |Info:    [ResourceManager] Registering I2C interface: /dev/i2c-18 Device 1022:790B Subsystem: 1462:7E26
86    |Warning: [i2c_smbus_linux] Failed to read i2c device PCI device ID
86    |Info:    [ResourceManager] Registering I2C interface: /dev/i2c-9 Device 0000:0000 Subsystem: 0000:0000
86    |Warning: [i2c_smbus_linux] Failed to read i2c device PCI device ID
86    |Info:    [ResourceManager] Registering I2C interface: /dev/i2c-16 Device 0000:0000 Subsystem: 0000:0000
86    |Info:    [ResourceManager] Registering I2C interface: /dev/i2c-7 Device 1002:747E Subsystem: 1458:2413
86    |Warning: [i2c_smbus_linux] Failed to read i2c device PCI device ID
86    |Info:    [ResourceManager] Registering I2C interface: /dev/i2c-14 Device 0000:0000 Subsystem: 0000:0000
86    |Info:    [ResourceManager] Registering I2C interface: /dev/i2c-5 Device 1002:747E Subsystem: 1458:2413
86    |Info:    [ResourceManager] Registering I2C interface: /dev/i2c-12 Device 1002:164E Subsystem: 1462:7E26
86    |Info:    ------------------------------------------------------
86    |Info:    |               Detecting I2C devices                |
86    |Info:    ------------------------------------------------------
1130  |Info:    ------------------------------------------------------
1130  |Info:    |            Detecting I2C DIMM modules              |
1130  |Info:    ------------------------------------------------------
1266  |Info:    ------------------------------------------------------
1266  |Info:    |               Detecting I2C PCI devices            |
1266  |Info:    ------------------------------------------------------
1376  |Info:    [Gigabyte Radeon RX 7800 XT GAMING OC] Registering RGB controller
1444  |Info:    ------------------------------------------------------
1444  |Info:    |               Detecting HID devices                |
1444  |Info:    ------------------------------------------------------
1510  |Info:    [MSI PRO B650-S WIFI (MS-7E26)] Registering RGB controller
1511  |Info:    ------------------------------------------------------
1511  |Info:    |            Detecting libusb HID devices            |
1511  |Info:    ------------------------------------------------------
1526  |Info:    ------------------------------------------------------
1526  |Info:    |              Detecting other devices               |
1526  |Info:    ------------------------------------------------------
1634  |Info:    [ResourceManager] Calling Post-detection callbacks
1634  |Info:    ------------------------------------------------------
1634  |Info:    |                Detection completed                 |
1634  |Info:    ------------------------------------------------------
1793  |Warning: [PluginManager] Plugin /home/vearnx/.config/OpenRGB/plugins/OpenRGBEffectsPlugin_0.9_Bookworm_64_f1411e1.so has an incompatible API version
1793  |Warning: [PluginManager] Plugin /home/vearnx/.config/OpenRGB/plugins/OpenRGBEffectsPlugin_0.9_Bookworm_64_f1411e1.so cannot be unloaded
