    OpenRGB v0.9+ (git1290)
    Commit: 45af044cd84032b9a9b5865cb5e12aa2cd98c47e from 2025-04-13 13:42:14 -0500
    Launched: 20250419_143417
====================================================================================================

22    |Info:    [ProfileManager] Found file: Skibbidi.orp attempting to validate header
35    |Info:    [ProfileManager] Valid v5 profile found for Skibbidi
35    |Info:    [ProfileManager] Found file: main.orp attempting to validate header
36    |Info:    [ProfileManager] Valid v5 profile found for main
88    |Info:    [ResourceManager] Initializing HID interfaces: Success
88    |Info:    ------------------------------------------------------
88    |Info:    |               Start device detection               |
88    |Info:    ------------------------------------------------------
92    |Info:    ------------------------------------------------------
92    |Info:    |             Detecting I2C interfaces               |
92    |Info:    ------------------------------------------------------
92    |Info:    [ResourceManager] Registering I2C interface: /dev/i2c-3 Device 1002:747E Subsystem: 1458:2413
92    |Info:    [ResourceManager] Registering I2C interface: /dev/i2c-10 Device 1002:164E Subsystem: 1462:7E26
92    |Info:    [ResourceManager] Registering I2C interface: /dev/i2c-1 Device 1002:747E Subsystem: 1458:2413
92    |Info:    [ResourceManager] Registering I2C interface: /dev/i2c-17 Device 1022:790B Subsystem: 1462:7E26
92    |Info:    [ResourceManager] Registering I2C interface: /dev/i2c-8 Device 1002:164E Subsystem: 1462:7E26
92    |Info:    [ResourceManager] Registering I2C interface: /dev/i2c-15 Device 1022:790B Subsystem: 1462:7E26
92    |Warning: [i2c_smbus_linux] Failed to read i2c device PCI device ID
92    |Info:    [ResourceManager] Registering I2C interface: /dev/i2c-6 Device 0000:0000 Subsystem: 0000:0000
92    |Warning: [i2c_smbus_linux] Failed to read i2c device PCI device ID
92    |Info:    [ResourceManager] Registering I2C interface: /dev/i2c-13 Device 0000:0000 Subsystem: 0000:0000
92    |Info:    [ResourceManager] Registering I2C interface: /dev/i2c-4 Device 1002:747E Subsystem: 1458:2413
92    |Info:    [ResourceManager] Registering I2C interface: /dev/i2c-11 Device 1002:164E Subsystem: 1462:7E26
93    |Info:    [ResourceManager] Registering I2C interface: /dev/i2c-2 Device 1002:747E Subsystem: 1458:2413
93    |Info:    [ResourceManager] Registering I2C interface: /dev/i2c-0 Device 1002:747E Subsystem: 1458:2413
93    |Info:    [ResourceManager] Registering I2C interface: /dev/i2c-9 Device 1002:164E Subsystem: 1462:7E26
93    |Info:    [ResourceManager] Registering I2C interface: /dev/i2c-16 Device 1022:790B Subsystem: 1462:7E26
93    |Warning: [i2c_smbus_linux] Failed to read i2c device PCI device ID
93    |Info:    [ResourceManager] Registering I2C interface: /dev/i2c-7 Device 0000:0000 Subsystem: 0000:0000
93    |Warning: [i2c_smbus_linux] Failed to read i2c device PCI device ID
93    |Info:    [ResourceManager] Registering I2C interface: /dev/i2c-14 Device 0000:0000 Subsystem: 0000:0000
93    |Info:    [ResourceManager] Registering I2C interface: /dev/i2c-5 Device 1002:747E Subsystem: 1458:2413
93    |Warning: [i2c_smbus_linux] Failed to read i2c device PCI device ID
93    |Info:    [ResourceManager] Registering I2C interface: /dev/i2c-12 Device 0000:0000 Subsystem: 0000:0000
93    |Info:    ------------------------------------------------------
93    |Info:    |               Detecting I2C devices                |
93    |Info:    ------------------------------------------------------
1147  |Info:    ------------------------------------------------------
1147  |Info:    |            Detecting I2C DIMM modules              |
1147  |Info:    ------------------------------------------------------
1280  |Info:    ------------------------------------------------------
1280  |Info:    |               Detecting I2C PCI devices            |
1280  |Info:    ------------------------------------------------------
1459  |Info:    ------------------------------------------------------
1459  |Info:    |               Detecting HID devices                |
1459  |Info:    ------------------------------------------------------
1526  |Info:    [MSI PRO B650-S WIFI (MS-7E26)] Registering RGB controller
1528  |Info:    ------------------------------------------------------
1528  |Info:    |            Detecting libusb HID devices            |
1528  |Info:    ------------------------------------------------------
1543  |Info:    ------------------------------------------------------
1543  |Info:    |              Detecting other devices               |
1543  |Info:    ------------------------------------------------------
1643  |Info:    [ResourceManager] Calling Post-detection callbacks
1643  |Info:    ------------------------------------------------------
1643  |Info:    |                Detection completed                 |
1643  |Info:    ------------------------------------------------------
1673  |Warning: [PluginManager] Plugin /home/vearnx/.config/OpenRGB/plugins/OpenRGBEffectsPlugin_0.9_Bookworm_64_f1411e1.so has an incompatible API version
1673  |Warning: [PluginManager] Plugin /home/vearnx/.config/OpenRGB/plugins/OpenRGBEffectsPlugin_0.9_Bookworm_64_f1411e1.so cannot be unloaded
