    OpenRGB v0.9+ (git1290)
    Commit: 45af044cd84032b9a9b5865cb5e12aa2cd98c47e from 2025-04-13 13:42:14 -0500
    Launched: 20250525_104432
====================================================================================================

6     |Info:    [ProfileManager] Found file: Skibbidi.orp attempting to validate header
15    |Info:    [ProfileManager] Valid v5 profile found for Skibbidi
15    |Info:    [ProfileManager] Found file: main.orp attempting to validate header
17    |Info:    [ProfileManager] Valid v5 profile found for main
73    |Info:    [ResourceManager] Initializing HID interfaces: Success
73    |Info:    ------------------------------------------------------
73    |Info:    |               Start device detection               |
73    |Info:    ------------------------------------------------------
76    |Info:    ------------------------------------------------------
76    |Info:    |             Detecting I2C interfaces               |
76    |Info:    ------------------------------------------------------
76    |Info:    [ResourceManager] Registering I2C interface: /dev/i2c-3 Device 1002:747E Subsystem: 1458:2413
76    |Info:    [ResourceManager] Registering I2C interface: /dev/i2c-10 Device 1002:164E Subsystem: 1462:7E26
76    |Info:    [ResourceManager] Registering I2C interface: /dev/i2c-1 Device 1002:747E Subsystem: 1458:2413
76    |Info:    [ResourceManager] Registering I2C interface: /dev/i2c-17 Device 1022:790B Subsystem: 1462:7E26
76    |Warning: [i2c_smbus_linux] Failed to read i2c device PCI device ID
76    |Info:    [ResourceManager] Registering I2C interface: /dev/i2c-8 Device 0000:0000 Subsystem: 0000:0000
76    |Warning: [i2c_smbus_linux] Failed to read i2c device PCI device ID
76    |Info:    [ResourceManager] Registering I2C interface: /dev/i2c-15 Device 0000:0000 Subsystem: 0000:0000
77    |Info:    [ResourceManager] Registering I2C interface: /dev/i2c-6 Device 1002:747E Subsystem: 1458:2413
77    |Warning: [i2c_smbus_linux] Failed to read i2c device PCI device ID
77    |Info:    [ResourceManager] Registering I2C interface: /dev/i2c-13 Device 0000:0000 Subsystem: 0000:0000
77    |Info:    [ResourceManager] Registering I2C interface: /dev/i2c-4 Device 1002:747E Subsystem: 1458:2413
77    |Info:    [ResourceManager] Registering I2C interface: /dev/i2c-11 Device 1002:164E Subsystem: 1462:7E26
77    |Info:    [ResourceManager] Registering I2C interface: /dev/i2c-2 Device 1002:747E Subsystem: 1458:2413
77    |Info:    [ResourceManager] Registering I2C interface: /dev/i2c-0 Device 0000:0000 Subsystem: 0000:0000
77    |Info:    [ResourceManager] Registering I2C interface: /dev/i2c-18 Device 1022:790B Subsystem: 1462:7E26
77    |Info:    [ResourceManager] Registering I2C interface: /dev/i2c-9 Device 1002:164E Subsystem: 1462:7E26
77    |Info:    [ResourceManager] Registering I2C interface: /dev/i2c-16 Device 1022:790B Subsystem: 1462:7E26
77    |Warning: [i2c_smbus_linux] Failed to read i2c device PCI device ID
77    |Info:    [ResourceManager] Registering I2C interface: /dev/i2c-7 Device 0000:0000 Subsystem: 0000:0000
77    |Warning: [i2c_smbus_linux] Failed to read i2c device PCI device ID
77    |Info:    [ResourceManager] Registering I2C interface: /dev/i2c-14 Device 0000:0000 Subsystem: 0000:0000
77    |Info:    [ResourceManager] Registering I2C interface: /dev/i2c-5 Device 1002:747E Subsystem: 1458:2413
77    |Info:    [ResourceManager] Registering I2C interface: /dev/i2c-12 Device 1002:164E Subsystem: 1462:7E26
77    |Info:    ------------------------------------------------------
77    |Info:    |               Detecting I2C devices                |
77    |Info:    ------------------------------------------------------
1121  |Info:    ------------------------------------------------------
1121  |Info:    |            Detecting I2C DIMM modules              |
1121  |Info:    ------------------------------------------------------
1255  |Info:    ------------------------------------------------------
1255  |Info:    |               Detecting I2C PCI devices            |
1255  |Info:    ------------------------------------------------------
1431  |Info:    ------------------------------------------------------
1431  |Info:    |               Detecting HID devices                |
1431  |Info:    ------------------------------------------------------
1499  |Info:    [MSI PRO B650-S WIFI (MS-7E26)] Registering RGB controller
1499  |Info:    ------------------------------------------------------
1499  |Info:    |            Detecting libusb HID devices            |
1499  |Info:    ------------------------------------------------------
1533  |Info:    ------------------------------------------------------
1533  |Info:    |              Detecting other devices               |
1533  |Info:    ------------------------------------------------------
1637  |Info:    [ResourceManager] Calling Post-detection callbacks
1637  |Info:    ------------------------------------------------------
1637  |Info:    |                Detection completed                 |
1637  |Info:    ------------------------------------------------------
1720  |Warning: [PluginManager] Plugin /home/vearnx/.config/OpenRGB/plugins/OpenRGBEffectsPlugin_0.9_Bookworm_64_f1411e1.so has an incompatible API version
1720  |Warning: [PluginManager] Plugin /home/vearnx/.config/OpenRGB/plugins/OpenRGBEffectsPlugin_0.9_Bookworm_64_f1411e1.so cannot be unloaded
